-- Found ament_cmake: 0.9.9 (/opt/ros/foxy/share/ament_cmake/cmake)
-- Using PYTHON_EXECUTABLE: /usr/bin/python3
-- Found rclcpp: 2.4.1 (/opt/ros/foxy/share/rclcpp/cmake)
-- Using all available rosidl_typesupport_c: rosidl_typesupport_fastrtps_c;rosidl_typesupport_introspection_c
-- Found rosidl_adapter: 1.2.1 (/opt/ros/foxy/share/rosidl_adapter/cmake)
-- Using all available rosidl_typesupport_cpp: rosidl_typesupport_fastrtps_cpp;rosidl_typesupport_introspection_cpp
-- Found rmw_implementation_cmake: 1.0.3 (/opt/ros/foxy/share/rmw_implementation_cmake/cmake)
-- Using RMW implementation 'rmw_fastrtps_cpp' as default
-- Found ament_lint_auto: 0.9.6 (/opt/ros/foxy/share/ament_lint_auto/cmake)
-- Added test 'copyright' to check source files copyright and LICENSE
-- Added test 'cppcheck' to perform static code analysis on C / C++ code
-- Configured cppcheck include dirs: /home/marcus/Workspace/ROS/ros2/dev_ws/src/helloworld/include
-- Configured cppcheck exclude dirs and/or files: 
-- Added test 'cpplint' to check C / C++ code against the Google style
-- Configured cpplint exclude dirs and/or files: 
-- Added test 'lint_cmake' to check CMake code style
-- Added test 'uncrustify' to check C / C++ code style
-- Configured uncrustify additional arguments: 
-- Added test 'xmllint' to check XML markup files
-- Configuring done
-- Generating done
-- Build files have been written to: /home/marcus/Workspace/ROS/ros2/dev_ws/build/helloworld
[35m[1mScanning dependencies of target talker[0m
[ 50%] [32mBuilding CXX object CMakeFiles/talker.dir/src/talker.cpp.o[0m
[100%] [32m[1mLinking CXX executable talker[0m
[100%] Built target talker
-- Install configuration: ""
-- Installing: /home/marcus/Workspace/ROS/ros2/dev_ws/install/helloworld/lib/helloworld/talker
-- Set runtime path of "/home/marcus/Workspace/ROS/ros2/dev_ws/install/helloworld/lib/helloworld/talker" to ""
-- Up-to-date: /home/marcus/Workspace/ROS/ros2/dev_ws/install/helloworld/share/ament_index/resource_index/package_run_dependencies/helloworld
-- Up-to-date: /home/marcus/Workspace/ROS/ros2/dev_ws/install/helloworld/share/ament_index/resource_index/parent_prefix_path/helloworld
-- Up-to-date: /home/marcus/Workspace/ROS/ros2/dev_ws/install/helloworld/share/helloworld/environment/ament_prefix_path.sh
-- Installing: /home/marcus/Workspace/ROS/ros2/dev_ws/install/helloworld/share/helloworld/environment/ament_prefix_path.dsv
-- Up-to-date: /home/marcus/Workspace/ROS/ros2/dev_ws/install/helloworld/share/helloworld/environment/path.sh
-- Installing: /home/marcus/Workspace/ROS/ros2/dev_ws/install/helloworld/share/helloworld/environment/path.dsv
-- Up-to-date: /home/marcus/Workspace/ROS/ros2/dev_ws/install/helloworld/share/helloworld/local_setup.bash
-- Up-to-date: /home/marcus/Workspace/ROS/ros2/dev_ws/install/helloworld/share/helloworld/local_setup.sh
-- Up-to-date: /home/marcus/Workspace/ROS/ros2/dev_ws/install/helloworld/share/helloworld/local_setup.zsh
-- Installing: /home/marcus/Workspace/ROS/ros2/dev_ws/install/helloworld/share/helloworld/local_setup.dsv
-- Installing: /home/marcus/Workspace/ROS/ros2/dev_ws/install/helloworld/share/helloworld/package.dsv
-- Up-to-date: /home/marcus/Workspace/ROS/ros2/dev_ws/install/helloworld/share/ament_index/resource_index/packages/helloworld
-- Up-to-date: /home/marcus/Workspace/ROS/ros2/dev_ws/install/helloworld/share/helloworld/cmake/helloworldConfig.cmake
-- Up-to-date: /home/marcus/Workspace/ROS/ros2/dev_ws/install/helloworld/share/helloworld/cmake/helloworldConfig-version.cmake
-- Up-to-date: /home/marcus/Workspace/ROS/ros2/dev_ws/install/helloworld/share/helloworld/package.xml
