[0.012s] Invoking command in '/home/marcus/Workspace/ROS/ros2/dev_ws/build/helloworld': CMAKE_PREFIX_PATH=/opt/ros/foxy /usr/bin/cmake --build /home/marcus/Workspace/ROS/ros2/dev_ws/build/helloworld -- -j8 -l8
[0.039s] -- Found ament_cmake: 0.9.9 (/opt/ros/foxy/share/ament_cmake/cmake)
[0.062s] -- Using PYTHON_EXECUTABLE: /usr/bin/python3
[0.248s] -- Found rclcpp: 2.4.1 (/opt/ros/foxy/share/rclcpp/cmake)
[0.281s] -- Using all available rosidl_typesupport_c: rosidl_typesupport_fastrtps_c;rosidl_typesupport_introspection_c
[0.284s] -- Found rosidl_adapter: 1.2.1 (/opt/ros/foxy/share/rosidl_adapter/cmake)
[0.404s] -- Using all available rosidl_typesupport_cpp: rosidl_typesupport_fastrtps_cpp;rosidl_typesupport_introspection_cpp
[0.454s] -- Found rmw_implementation_cmake: 1.0.3 (/opt/ros/foxy/share/rmw_implementation_cmake/cmake)
[0.456s] -- Using RMW implementation 'rmw_fastrtps_cpp' as default
[0.603s] -- Found pcl_conversions: 2.2.1 (/opt/ros/foxy/share/pcl_conversions/cmake)
[0.933s] -- Eigen found (include: /usr/include/eigen3, version: 3.3.7)
[1.019s] -- The imported target "vtkParseOGLExt" references the file
[1.019s]    "/usr/bin/vtkParseOGLExt-7.1"
[1.019s] but this file does not exist.  Possible reasons include:
[1.019s] * The file was deleted, renamed, or moved to another location.
[1.019s] * An install or uninstall procedure did not complete successfully.
[1.019s] * The installation package was faulty and contained
[1.019s]    "/usr/lib/cmake/vtk-7.1/VTKTargets.cmake"
[1.019s] but not all the files it references.
[1.019s] 
[1.019s] -- The imported target "vtkRenderingPythonTkWidgets" references the file
[1.019s]    "/usr/lib/x86_64-linux-gnu/libvtkRenderingPythonTkWidgets.so"
[1.020s] but this file does not exist.  Possible reasons include:
[1.020s] * The file was deleted, renamed, or moved to another location.
[1.020s] * An install or uninstall procedure did not complete successfully.
[1.020s] * The installation package was faulty and contained
[1.020s]    "/usr/lib/cmake/vtk-7.1/VTKTargets.cmake"
[1.020s] but not all the files it references.
[1.020s] 
[1.020s] -- The imported target "vtk" references the file
[1.020s]    "/usr/bin/vtk"
[1.020s] but this file does not exist.  Possible reasons include:
[1.020s] * The file was deleted, renamed, or moved to another location.
[1.020s] * An install or uninstall procedure did not complete successfully.
[1.021s] * The installation package was faulty and contained
[1.021s]    "/usr/lib/cmake/vtk-7.1/VTKTargets.cmake"
[1.021s] but not all the files it references.
[1.021s] 
[1.021s] -- The imported target "pvtk" references the file
[1.021s]    "/usr/bin/pvtk"
[1.021s] but this file does not exist.  Possible reasons include:
[1.021s] * The file was deleted, renamed, or moved to another location.
[1.021s] * An install or uninstall procedure did not complete successfully.
[1.021s] * The installation package was faulty and contained
[1.021s]    "/usr/lib/cmake/vtk-7.1/VTKTargets.cmake"
[1.021s] but not all the files it references.
[1.021s] 
[1.042s] -- OpenNI found (include: /usr/include/ni, lib: /usr/lib/libOpenNI.so)
[1.047s] -- OpenNI2 found (include: /usr/include/openni2, lib: /usr/lib/libOpenNI2.so)
[1.048s] ** WARNING ** io features related to pcap will be disabled
[1.048s] ** WARNING ** io features related to png will be disabled
[1.060s] ** WARNING ** io features related to libusb-1.0 will be disabled
[1.066s] -- OpenNI found (include: /usr/include/ni, lib: /usr/lib/libOpenNI.so)
[1.072s] -- OpenNI2 found (include: /usr/include/openni2, lib: /usr/lib/libOpenNI2.so)
[1.085s] -- QHULL found (include: /usr/include, lib: optimized;/usr/lib/x86_64-linux-gnu/libqhull.so;debug;/usr/lib/x86_64-linux-gnu/libqhull.so)
[1.091s] -- OpenNI found (include: /usr/include/ni, lib: /usr/lib/libOpenNI.so)
[1.103s] -- looking for PCL_COMMON
[1.104s] -- looking for PCL_KDTREE
[1.105s] -- looking for PCL_OCTREE
[1.106s] -- looking for PCL_SEARCH
[1.107s] -- looking for PCL_SAMPLE_CONSENSUS
[1.108s] -- looking for PCL_FILTERS
[1.109s] -- looking for PCL_2D
[1.109s] -- looking for PCL_GEOMETRY
[1.110s] -- looking for PCL_IO
[1.110s] -- looking for PCL_FEATURES
[1.111s] -- looking for PCL_ML
[1.111s] -- looking for PCL_SEGMENTATION
[1.112s] -- looking for PCL_VISUALIZATION
[1.113s] -- looking for PCL_SURFACE
[1.113s] -- looking for PCL_REGISTRATION
[1.114s] -- looking for PCL_KEYPOINTS
[1.115s] -- looking for PCL_TRACKING
[1.116s] -- looking for PCL_RECOGNITION
[1.116s] -- looking for PCL_STEREO
[1.117s] -- looking for PCL_APPS
[1.118s] -- looking for PCL_IN_HAND_SCANNER
[1.119s] -- looking for PCL_POINT_CLOUD_EDITOR
[1.119s] -- looking for PCL_OUTOFCORE
[1.120s] -- looking for PCL_PEOPLE
[1.237s] -- Found ament_lint_auto: 0.9.6 (/opt/ros/foxy/share/ament_lint_auto/cmake)
[1.298s] -- Added test 'copyright' to check source files copyright and LICENSE
[1.299s] -- Added test 'cppcheck' to perform static code analysis on C / C++ code
[1.300s] -- Configured cppcheck include dirs: /home/marcus/Workspace/ROS/ros2/dev_ws/src/helloworld/include
[1.300s] -- Configured cppcheck exclude dirs and/or files: 
[1.300s] -- Added test 'cpplint' to check C / C++ code against the Google style
[1.300s] -- Configured cpplint exclude dirs and/or files: 
[1.301s] -- Added test 'flake8' to check Python code syntax and style conventions
[1.301s] -- Added test 'lint_cmake' to check CMake code style
[1.301s] -- Added test 'pep257' to check Python code against some of the style conventions in PEP 257
[1.302s] -- Added test 'uncrustify' to check C / C++ code style
[1.302s] -- Configured uncrustify additional arguments: 
[1.303s] -- Added test 'xmllint' to check XML markup files
[1.305s] -- Configuring done
[1.336s] -- Generating done
[1.338s] -- Build files have been written to: /home/marcus/Workspace/ROS/ros2/dev_ws/build/helloworld
[1.391s] [ 50%] Built target talker
[1.392s] [100%] Built target listener
[1.403s] Invoked command in '/home/marcus/Workspace/ROS/ros2/dev_ws/build/helloworld' returned '0': CMAKE_PREFIX_PATH=/opt/ros/foxy /usr/bin/cmake --build /home/marcus/Workspace/ROS/ros2/dev_ws/build/helloworld -- -j8 -l8
[1.436s] Invoking command in '/home/marcus/Workspace/ROS/ros2/dev_ws/build/helloworld': CMAKE_PREFIX_PATH=/opt/ros/foxy /usr/bin/cmake --install /home/marcus/Workspace/ROS/ros2/dev_ws/build/helloworld
[1.445s] -- Install configuration: ""
[1.445s] -- Up-to-date: /home/marcus/Workspace/ROS/ros2/dev_ws/install/helloworld/lib/helloworld/talker
[1.446s] -- Up-to-date: /home/marcus/Workspace/ROS/ros2/dev_ws/install/helloworld/lib/helloworld/listener
[1.446s] -- Installing: /home/marcus/Workspace/ROS/ros2/dev_ws/install/helloworld/share/helloworld/launch
[1.446s] -- Installing: /home/marcus/Workspace/ROS/ros2/dev_ws/install/helloworld/share/helloworld/launch/all.launch.py
[1.446s] -- Up-to-date: /home/marcus/Workspace/ROS/ros2/dev_ws/install/helloworld/share/ament_index/resource_index/package_run_dependencies/helloworld
[1.446s] -- Up-to-date: /home/marcus/Workspace/ROS/ros2/dev_ws/install/helloworld/share/ament_index/resource_index/parent_prefix_path/helloworld
[1.446s] -- Up-to-date: /home/marcus/Workspace/ROS/ros2/dev_ws/install/helloworld/share/helloworld/environment/ament_prefix_path.sh
[1.446s] -- Installing: /home/marcus/Workspace/ROS/ros2/dev_ws/install/helloworld/share/helloworld/environment/ament_prefix_path.dsv
[1.446s] -- Up-to-date: /home/marcus/Workspace/ROS/ros2/dev_ws/install/helloworld/share/helloworld/environment/path.sh
[1.446s] -- Installing: /home/marcus/Workspace/ROS/ros2/dev_ws/install/helloworld/share/helloworld/environment/path.dsv
[1.446s] -- Up-to-date: /home/marcus/Workspace/ROS/ros2/dev_ws/install/helloworld/share/helloworld/local_setup.bash
[1.447s] -- Up-to-date: /home/marcus/Workspace/ROS/ros2/dev_ws/install/helloworld/share/helloworld/local_setup.sh
[1.447s] -- Up-to-date: /home/marcus/Workspace/ROS/ros2/dev_ws/install/helloworld/share/helloworld/local_setup.zsh
[1.447s] -- Installing: /home/marcus/Workspace/ROS/ros2/dev_ws/install/helloworld/share/helloworld/local_setup.dsv
[1.447s] -- Installing: /home/marcus/Workspace/ROS/ros2/dev_ws/install/helloworld/share/helloworld/package.dsv
[1.447s] -- Up-to-date: /home/marcus/Workspace/ROS/ros2/dev_ws/install/helloworld/share/ament_index/resource_index/packages/helloworld
[1.447s] -- Up-to-date: /home/marcus/Workspace/ROS/ros2/dev_ws/install/helloworld/share/helloworld/cmake/helloworldConfig.cmake
[1.447s] -- Up-to-date: /home/marcus/Workspace/ROS/ros2/dev_ws/install/helloworld/share/helloworld/cmake/helloworldConfig-version.cmake
[1.448s] -- Up-to-date: /home/marcus/Workspace/ROS/ros2/dev_ws/install/helloworld/share/helloworld/package.xml
[1.450s] Invoked command in '/home/marcus/Workspace/ROS/ros2/dev_ws/build/helloworld' returned '0': CMAKE_PREFIX_PATH=/opt/ros/foxy /usr/bin/cmake --install /home/marcus/Workspace/ROS/ros2/dev_ws/build/helloworld
