[0.012s] Invoking command in '/home/marcus/Workspace/ROS/ros2/dev_ws/build/helloworld': CMAKE_PREFIX_PATH=/opt/ros/foxy /usr/bin/cmake --build /home/marcus/Workspace/ROS/ros2/dev_ws/build/helloworld -- -j8 -l8
[0.037s] -- Found ament_cmake: 0.9.9 (/opt/ros/foxy/share/ament_cmake/cmake)
[0.058s] -- Using PYTHON_EXECUTABLE: /usr/bin/python3
[0.237s] -- Found rclcpp: 2.4.1 (/opt/ros/foxy/share/rclcpp/cmake)
[0.270s] -- Using all available rosidl_typesupport_c: rosidl_typesupport_fastrtps_c;rosidl_typesupport_introspection_c
[0.273s] -- Found rosidl_adapter: 1.2.1 (/opt/ros/foxy/share/rosidl_adapter/cmake)
[0.391s] -- Using all available rosidl_typesupport_cpp: rosidl_typesupport_fastrtps_cpp;rosidl_typesupport_introspection_cpp
[0.440s] -- Found rmw_implementation_cmake: 1.0.3 (/opt/ros/foxy/share/rmw_implementation_cmake/cmake)
[0.442s] -- Using RMW implementation 'rmw_fastrtps_cpp' as default
[0.617s] -- Eigen found (include: /usr/include/eigen3, version: 3.3.7)
[0.707s] -- The imported target "vtkParseOGLExt" references the file
[0.707s]    "/usr/bin/vtkParseOGLExt-7.1"
[0.707s] but this file does not exist.  Possible reasons include:
[0.707s] * The file was deleted, renamed, or moved to another location.
[0.707s] * An install or uninstall procedure did not complete successfully.
[0.707s] * The installation package was faulty and contained
[0.708s]    "/usr/lib/cmake/vtk-7.1/VTKTargets.cmake"
[0.708s] but not all the files it references.
[0.708s] 
[0.708s] -- The imported target "vtkRenderingPythonTkWidgets" references the file
[0.708s]    "/usr/lib/x86_64-linux-gnu/libvtkRenderingPythonTkWidgets.so"
[0.709s] but this file does not exist.  Possible reasons include:
[0.709s] * The file was deleted, renamed, or moved to another location.
[0.709s] * An install or uninstall procedure did not complete successfully.
[0.709s] * The installation package was faulty and contained
[0.709s]    "/usr/lib/cmake/vtk-7.1/VTKTargets.cmake"
[0.709s] but not all the files it references.
[0.709s] 
[0.709s] -- The imported target "vtk" references the file
[0.709s]    "/usr/bin/vtk"
[0.710s] but this file does not exist.  Possible reasons include:
[0.710s] * The file was deleted, renamed, or moved to another location.
[0.710s] * An install or uninstall procedure did not complete successfully.
[0.710s] * The installation package was faulty and contained
[0.710s]    "/usr/lib/cmake/vtk-7.1/VTKTargets.cmake"
[0.710s] but not all the files it references.
[0.710s] 
[0.710s] -- The imported target "pvtk" references the file
[0.711s]    "/usr/bin/pvtk"
[0.711s] but this file does not exist.  Possible reasons include:
[0.711s] * The file was deleted, renamed, or moved to another location.
[0.711s] * An install or uninstall procedure did not complete successfully.
[0.711s] * The installation package was faulty and contained
[0.711s]    "/usr/lib/cmake/vtk-7.1/VTKTargets.cmake"
[0.711s] but not all the files it references.
[0.711s] 
[0.732s] -- OpenNI found (include: /usr/include/ni, lib: /usr/lib/libOpenNI.so)
[0.738s] -- OpenNI2 found (include: /usr/include/openni2, lib: /usr/lib/libOpenNI2.so)
[0.739s] ** WARNING ** io features related to pcap will be disabled
[0.739s] ** WARNING ** io features related to png will be disabled
[0.752s] ** WARNING ** io features related to libusb-1.0 will be disabled
[0.758s] -- OpenNI found (include: /usr/include/ni, lib: /usr/lib/libOpenNI.so)
[0.764s] -- OpenNI2 found (include: /usr/include/openni2, lib: /usr/lib/libOpenNI2.so)
[0.778s] -- QHULL found (include: /usr/include, lib: optimized;/usr/lib/x86_64-linux-gnu/libqhull.so;debug;/usr/lib/x86_64-linux-gnu/libqhull.so)
[0.784s] -- OpenNI found (include: /usr/include/ni, lib: /usr/lib/libOpenNI.so)
[0.798s] -- looking for PCL_COMMON
[0.798s] -- looking for PCL_KDTREE
[0.799s] -- looking for PCL_OCTREE
[0.799s] -- looking for PCL_SEARCH
[0.800s] -- looking for PCL_SAMPLE_CONSENSUS
[0.800s] -- looking for PCL_FILTERS
[0.801s] -- looking for PCL_2D
[0.801s] -- looking for PCL_GEOMETRY
[0.802s] -- looking for PCL_IO
[0.803s] -- looking for PCL_FEATURES
[0.803s] -- looking for PCL_ML
[0.804s] -- looking for PCL_SEGMENTATION
[0.805s] -- looking for PCL_VISUALIZATION
[0.805s] -- looking for PCL_SURFACE
[0.806s] -- looking for PCL_REGISTRATION
[0.807s] -- looking for PCL_KEYPOINTS
[0.807s] -- looking for PCL_TRACKING
[0.808s] -- looking for PCL_RECOGNITION
[0.809s] -- looking for PCL_STEREO
[0.809s] -- looking for PCL_APPS
[0.810s] -- looking for PCL_IN_HAND_SCANNER
[0.811s] -- looking for PCL_POINT_CLOUD_EDITOR
[0.811s] -- looking for PCL_OUTOFCORE
[0.812s] -- looking for PCL_PEOPLE
[0.827s] -- Found ament_lint_auto: 0.9.6 (/opt/ros/foxy/share/ament_lint_auto/cmake)
[0.892s] -- Added test 'copyright' to check source files copyright and LICENSE
[0.893s] -- Added test 'cppcheck' to perform static code analysis on C / C++ code
[0.894s] -- Configured cppcheck include dirs: /home/marcus/Workspace/ROS/ros2/dev_ws/src/helloworld/include
[0.894s] -- Configured cppcheck exclude dirs and/or files: 
[0.895s] -- Added test 'cpplint' to check C / C++ code against the Google style
[0.895s] -- Configured cpplint exclude dirs and/or files: 
[0.896s] -- Added test 'lint_cmake' to check CMake code style
[0.897s] -- Added test 'uncrustify' to check C / C++ code style
[0.897s] -- Configured uncrustify additional arguments: 
[0.897s] -- Added test 'xmllint' to check XML markup files
[0.899s] -- Configuring done
[0.914s] -- Generating done
[0.916s] -- Build files have been written to: /home/marcus/Workspace/ROS/ros2/dev_ws/build/helloworld
[0.962s] [ 50%] Built target listener
[0.965s] [100%] Built target talker
[0.976s] Invoked command in '/home/marcus/Workspace/ROS/ros2/dev_ws/build/helloworld' returned '0': CMAKE_PREFIX_PATH=/opt/ros/foxy /usr/bin/cmake --build /home/marcus/Workspace/ROS/ros2/dev_ws/build/helloworld -- -j8 -l8
[1.011s] Invoking command in '/home/marcus/Workspace/ROS/ros2/dev_ws/build/helloworld': CMAKE_PREFIX_PATH=/opt/ros/foxy /usr/bin/cmake --install /home/marcus/Workspace/ROS/ros2/dev_ws/build/helloworld
[1.019s] -- Install configuration: ""
[1.020s] -- Up-to-date: /home/marcus/Workspace/ROS/ros2/dev_ws/install/helloworld/lib/helloworld/talker
[1.020s] -- Installing: /home/marcus/Workspace/ROS/ros2/dev_ws/install/helloworld/lib/helloworld/listener
[1.020s] -- Set runtime path of "/home/marcus/Workspace/ROS/ros2/dev_ws/install/helloworld/lib/helloworld/listener" to ""
[1.020s] -- Up-to-date: /home/marcus/Workspace/ROS/ros2/dev_ws/install/helloworld/share/ament_index/resource_index/package_run_dependencies/helloworld
[1.020s] -- Up-to-date: /home/marcus/Workspace/ROS/ros2/dev_ws/install/helloworld/share/ament_index/resource_index/parent_prefix_path/helloworld
[1.021s] -- Up-to-date: /home/marcus/Workspace/ROS/ros2/dev_ws/install/helloworld/share/helloworld/environment/ament_prefix_path.sh
[1.021s] -- Installing: /home/marcus/Workspace/ROS/ros2/dev_ws/install/helloworld/share/helloworld/environment/ament_prefix_path.dsv
[1.021s] -- Up-to-date: /home/marcus/Workspace/ROS/ros2/dev_ws/install/helloworld/share/helloworld/environment/path.sh
[1.021s] -- Installing: /home/marcus/Workspace/ROS/ros2/dev_ws/install/helloworld/share/helloworld/environment/path.dsv
[1.021s] -- Up-to-date: /home/marcus/Workspace/ROS/ros2/dev_ws/install/helloworld/share/helloworld/local_setup.bash
[1.021s] -- Up-to-date: /home/marcus/Workspace/ROS/ros2/dev_ws/install/helloworld/share/helloworld/local_setup.sh
[1.021s] -- Up-to-date: /home/marcus/Workspace/ROS/ros2/dev_ws/install/helloworld/share/helloworld/local_setup.zsh
[1.021s] -- Installing: /home/marcus/Workspace/ROS/ros2/dev_ws/install/helloworld/share/helloworld/local_setup.dsv
[1.021s] -- Installing: /home/marcus/Workspace/ROS/ros2/dev_ws/install/helloworld/share/helloworld/package.dsv
[1.021s] -- Up-to-date: /home/marcus/Workspace/ROS/ros2/dev_ws/install/helloworld/share/ament_index/resource_index/packages/helloworld
[1.021s] -- Up-to-date: /home/marcus/Workspace/ROS/ros2/dev_ws/install/helloworld/share/helloworld/cmake/helloworldConfig.cmake
[1.021s] -- Up-to-date: /home/marcus/Workspace/ROS/ros2/dev_ws/install/helloworld/share/helloworld/cmake/helloworldConfig-version.cmake
[1.021s] -- Up-to-date: /home/marcus/Workspace/ROS/ros2/dev_ws/install/helloworld/share/helloworld/package.xml
[1.024s] Invoked command in '/home/marcus/Workspace/ROS/ros2/dev_ws/build/helloworld' returned '0': CMAKE_PREFIX_PATH=/opt/ros/foxy /usr/bin/cmake --install /home/marcus/Workspace/ROS/ros2/dev_ws/build/helloworld
