[0.014s] Invoking command in '/home/marcus/Workspace/ROS/ros2/dev_ws/build/helloworld': CMAKE_PREFIX_PATH=/opt/ros/foxy /usr/bin/cmake --build /home/marcus/Workspace/ROS/ros2/dev_ws/build/helloworld -- -j8 -l8
[0.055s] [35m[1mScanning dependencies of target listener[0m
[0.076s] [ 50%] Built target talker
[0.090s] [ 75%] [32mBuilding CXX object CMakeFiles/listener.dir/src/listener.cpp.o[0m
[4.828s] [01m[K/home/marcus/Workspace/ROS/ros2/dev_ws/src/helloworld/src/listener.cpp:[m[K In member function ‘[01m[Kvoid Listener::callback_cloud(sensor_msgs::msg::PointCloud2_<std::allocator<void> >::SharedPtr)[m[K’:
[4.828s] [01m[K/home/marcus/Workspace/ROS/ros2/dev_ws/src/helloworld/src/listener.cpp:30:34:[m[K [01;31m[Kerror: [m[Kno matching function for call to ‘[01m[KfromROSMsg(const SharedPtr&, pcl::PointCloud<pcl::PointXYZRGB>&)[m[K’
[4.828s]    30 |         pcl::fromROSMsg(msg,cloud[01;31m[K)[m[K;
[4.828s]       |                                  [01;31m[K^[m[K
[4.829s] In file included from [01m[K/home/marcus/Workspace/ROS/ros2/dev_ws/src/helloworld/src/listener.cpp:4[m[K:
[4.829s] [01m[K/opt/ros/foxy/include/pcl_conversions/pcl_conversions.h:566:8:[m[K [01;36m[Knote: [m[Kcandidate: ‘[01m[Ktemplate<class T> void pcl::fromROSMsg(const PointCloud2&, pcl::PointCloud<PointT>&)[m[K’
[4.829s]   566 |   void [01;36m[KfromROSMsg[m[K(const sensor_msgs::msg::PointCloud2 &cloud, pcl::PointCloud<T> &pcl_cloud)
[4.829s]       |        [01;36m[K^~~~~~~~~~[m[K
[4.829s] [01m[K/opt/ros/foxy/include/pcl_conversions/pcl_conversions.h:566:8:[m[K [01;36m[Knote: [m[K  template argument deduction/substitution failed:
[4.829s] [01m[K/home/marcus/Workspace/ROS/ros2/dev_ws/src/helloworld/src/listener.cpp:30:25:[m[K [01;36m[Knote: [m[K  cannot convert ‘[01m[Kmsg[m[K’ (type ‘[01m[Kconst SharedPtr[m[K’ {aka ‘[01m[Kconst std::shared_ptr<sensor_msgs::msg::PointCloud2_<std::allocator<void> > >[m[K’}) to type ‘[01m[Kconst PointCloud2&[m[K’ {aka ‘[01m[Kconst sensor_msgs::msg::PointCloud2_<std::allocator<void> >&[m[K’}
[4.829s]    30 |         pcl::fromROSMsg([01;36m[Kmsg[m[K,cloud);
[4.829s]       |                         [01;36m[K^~~[m[K
[7.029s] make[2]: *** [CMakeFiles/listener.dir/build.make:63: CMakeFiles/listener.dir/src/listener.cpp.o] Error 1
[7.030s] make[1]: *** [CMakeFiles/Makefile2:80: CMakeFiles/listener.dir/all] Error 2
[7.030s] make: *** [Makefile:141: all] Error 2
[7.032s] Invoked command in '/home/marcus/Workspace/ROS/ros2/dev_ws/build/helloworld' returned '2': CMAKE_PREFIX_PATH=/opt/ros/foxy /usr/bin/cmake --build /home/marcus/Workspace/ROS/ros2/dev_ws/build/helloworld -- -j8 -l8
