[0.014s] Invoking command in '/home/marcus/Workspace/ROS/ros2/dev_ws/build/helloworld': CMAKE_PREFIX_PATH=/opt/ros/foxy /usr/bin/cmake --build /home/marcus/Workspace/ROS/ros2/dev_ws/build/helloworld -- -j8 -l8
[0.040s] -- Found ament_cmake: 0.9.9 (/opt/ros/foxy/share/ament_cmake/cmake)
[0.062s] -- Using PYTHON_EXECUTABLE: /usr/bin/python3
[0.242s] -- Found rclcpp: 2.4.1 (/opt/ros/foxy/share/rclcpp/cmake)
[0.276s] -- Using all available rosidl_typesupport_c: rosidl_typesupport_fastrtps_c;rosidl_typesupport_introspection_c
[0.279s] -- Found rosidl_adapter: 1.2.1 (/opt/ros/foxy/share/rosidl_adapter/cmake)
[0.390s] -- Using all available rosidl_typesupport_cpp: rosidl_typesupport_fastrtps_cpp;rosidl_typesupport_introspection_cpp
[0.436s] -- Found rmw_implementation_cmake: 1.0.3 (/opt/ros/foxy/share/rmw_implementation_cmake/cmake)
[0.437s] -- Using RMW implementation 'rmw_fastrtps_cpp' as default
[0.568s] -- Eigen found (include: /usr/include/eigen3, version: 3.3.7)
[0.646s] -- The imported target "vtkParseOGLExt" references the file
[0.647s]    "/usr/bin/vtkParseOGLExt-7.1"
[0.647s] but this file does not exist.  Possible reasons include:
[0.647s] * The file was deleted, renamed, or moved to another location.
[0.647s] * An install or uninstall procedure did not complete successfully.
[0.647s] * The installation package was faulty and contained
[0.647s]    "/usr/lib/cmake/vtk-7.1/VTKTargets.cmake"
[0.647s] but not all the files it references.
[0.647s] 
[0.648s] -- The imported target "vtkRenderingPythonTkWidgets" references the file
[0.648s]    "/usr/lib/x86_64-linux-gnu/libvtkRenderingPythonTkWidgets.so"
[0.648s] but this file does not exist.  Possible reasons include:
[0.648s] * The file was deleted, renamed, or moved to another location.
[0.648s] * An install or uninstall procedure did not complete successfully.
[0.648s] * The installation package was faulty and contained
[0.648s]    "/usr/lib/cmake/vtk-7.1/VTKTargets.cmake"
[0.648s] but not all the files it references.
[0.649s] 
[0.649s] -- The imported target "vtk" references the file
[0.649s]    "/usr/bin/vtk"
[0.649s] but this file does not exist.  Possible reasons include:
[0.649s] * The file was deleted, renamed, or moved to another location.
[0.649s] * An install or uninstall procedure did not complete successfully.
[0.649s] * The installation package was faulty and contained
[0.649s]    "/usr/lib/cmake/vtk-7.1/VTKTargets.cmake"
[0.649s] but not all the files it references.
[0.650s] 
[0.650s] -- The imported target "pvtk" references the file
[0.650s]    "/usr/bin/pvtk"
[0.650s] but this file does not exist.  Possible reasons include:
[0.650s] * The file was deleted, renamed, or moved to another location.
[0.650s] * An install or uninstall procedure did not complete successfully.
[0.650s] * The installation package was faulty and contained
[0.650s]    "/usr/lib/cmake/vtk-7.1/VTKTargets.cmake"
[0.650s] but not all the files it references.
[0.651s] 
[0.669s] -- OpenNI found (include: /usr/include/ni, lib: /usr/lib/libOpenNI.so)
[0.675s] -- OpenNI2 found (include: /usr/include/openni2, lib: /usr/lib/libOpenNI2.so)
[0.675s] ** WARNING ** io features related to pcap will be disabled
[0.675s] ** WARNING ** io features related to png will be disabled
[0.687s] ** WARNING ** io features related to libusb-1.0 will be disabled
[0.692s] -- OpenNI found (include: /usr/include/ni, lib: /usr/lib/libOpenNI.so)
[0.697s] -- OpenNI2 found (include: /usr/include/openni2, lib: /usr/lib/libOpenNI2.so)
[0.711s] -- QHULL found (include: /usr/include, lib: optimized;/usr/lib/x86_64-linux-gnu/libqhull.so;debug;/usr/lib/x86_64-linux-gnu/libqhull.so)
[0.717s] -- OpenNI found (include: /usr/include/ni, lib: /usr/lib/libOpenNI.so)
[0.729s] -- looking for PCL_COMMON
[0.729s] -- looking for PCL_KDTREE
[0.730s] -- looking for PCL_OCTREE
[0.731s] -- looking for PCL_SEARCH
[0.731s] -- looking for PCL_SAMPLE_CONSENSUS
[0.732s] -- looking for PCL_FILTERS
[0.732s] -- looking for PCL_2D
[0.733s] -- looking for PCL_GEOMETRY
[0.733s] -- looking for PCL_IO
[0.734s] -- looking for PCL_FEATURES
[0.735s] -- looking for PCL_ML
[0.735s] -- looking for PCL_SEGMENTATION
[0.736s] -- looking for PCL_VISUALIZATION
[0.737s] -- looking for PCL_SURFACE
[0.737s] -- looking for PCL_REGISTRATION
[0.738s] -- looking for PCL_KEYPOINTS
[0.739s] -- looking for PCL_TRACKING
[0.739s] -- looking for PCL_RECOGNITION
[0.740s] -- looking for PCL_STEREO
[0.741s] -- looking for PCL_APPS
[0.742s] -- looking for PCL_IN_HAND_SCANNER
[0.742s] -- looking for PCL_POINT_CLOUD_EDITOR
[0.743s] -- looking for PCL_OUTOFCORE
[0.744s] -- looking for PCL_PEOPLE
[0.757s] -- Found ament_lint_auto: 0.9.6 (/opt/ros/foxy/share/ament_lint_auto/cmake)
[0.812s] -- Added test 'copyright' to check source files copyright and LICENSE
[0.813s] -- Added test 'cppcheck' to perform static code analysis on C / C++ code
[0.814s] -- Configured cppcheck include dirs: /home/marcus/Workspace/ROS/ros2/dev_ws/src/helloworld/include
[0.814s] -- Configured cppcheck exclude dirs and/or files: 
[0.815s] -- Added test 'cpplint' to check C / C++ code against the Google style
[0.815s] -- Configured cpplint exclude dirs and/or files: 
[0.815s] -- Added test 'lint_cmake' to check CMake code style
[0.816s] -- Added test 'uncrustify' to check C / C++ code style
[0.816s] -- Configured uncrustify additional arguments: 
[0.816s] -- Added test 'xmllint' to check XML markup files
[0.818s] -- Configuring done
[0.832s] -- Generating done
[0.834s] -- Build files have been written to: /home/marcus/Workspace/ROS/ros2/dev_ws/build/helloworld
[0.875s] [ 25%] [32m[1mLinking CXX executable listener[0m
[0.878s] [ 75%] Built target talker
[0.979s] [100%] Built target listener
[0.989s] Invoked command in '/home/marcus/Workspace/ROS/ros2/dev_ws/build/helloworld' returned '0': CMAKE_PREFIX_PATH=/opt/ros/foxy /usr/bin/cmake --build /home/marcus/Workspace/ROS/ros2/dev_ws/build/helloworld -- -j8 -l8
[1.022s] Invoking command in '/home/marcus/Workspace/ROS/ros2/dev_ws/build/helloworld': CMAKE_PREFIX_PATH=/opt/ros/foxy /usr/bin/cmake --install /home/marcus/Workspace/ROS/ros2/dev_ws/build/helloworld
[1.030s] -- Install configuration: ""
[1.030s] -- Up-to-date: /home/marcus/Workspace/ROS/ros2/dev_ws/install/helloworld/lib/helloworld/talker
[1.030s] -- Up-to-date: /home/marcus/Workspace/ROS/ros2/dev_ws/install/helloworld/share/ament_index/resource_index/package_run_dependencies/helloworld
[1.030s] -- Up-to-date: /home/marcus/Workspace/ROS/ros2/dev_ws/install/helloworld/share/ament_index/resource_index/parent_prefix_path/helloworld
[1.030s] -- Up-to-date: /home/marcus/Workspace/ROS/ros2/dev_ws/install/helloworld/share/helloworld/environment/ament_prefix_path.sh
[1.030s] -- Installing: /home/marcus/Workspace/ROS/ros2/dev_ws/install/helloworld/share/helloworld/environment/ament_prefix_path.dsv
[1.030s] -- Up-to-date: /home/marcus/Workspace/ROS/ros2/dev_ws/install/helloworld/share/helloworld/environment/path.sh
[1.030s] -- Installing: /home/marcus/Workspace/ROS/ros2/dev_ws/install/helloworld/share/helloworld/environment/path.dsv
[1.031s] -- Up-to-date: /home/marcus/Workspace/ROS/ros2/dev_ws/install/helloworld/share/helloworld/local_setup.bash
[1.031s] -- Up-to-date: /home/marcus/Workspace/ROS/ros2/dev_ws/install/helloworld/share/helloworld/local_setup.sh
[1.031s] -- Up-to-date: /home/marcus/Workspace/ROS/ros2/dev_ws/install/helloworld/share/helloworld/local_setup.zsh
[1.031s] -- Installing: /home/marcus/Workspace/ROS/ros2/dev_ws/install/helloworld/share/helloworld/local_setup.dsv
[1.031s] -- Installing: /home/marcus/Workspace/ROS/ros2/dev_ws/install/helloworld/share/helloworld/package.dsv
[1.031s] -- Up-to-date: /home/marcus/Workspace/ROS/ros2/dev_ws/install/helloworld/share/ament_index/resource_index/packages/helloworld
[1.031s] -- Up-to-date: /home/marcus/Workspace/ROS/ros2/dev_ws/install/helloworld/share/helloworld/cmake/helloworldConfig.cmake
[1.031s] -- Up-to-date: /home/marcus/Workspace/ROS/ros2/dev_ws/install/helloworld/share/helloworld/cmake/helloworldConfig-version.cmake
[1.031s] -- Up-to-date: /home/marcus/Workspace/ROS/ros2/dev_ws/install/helloworld/share/helloworld/package.xml
[1.033s] Invoked command in '/home/marcus/Workspace/ROS/ros2/dev_ws/build/helloworld' returned '0': CMAKE_PREFIX_PATH=/opt/ros/foxy /usr/bin/cmake --install /home/marcus/Workspace/ROS/ros2/dev_ws/build/helloworld
