[0.012s] Invoking command in '/home/marcus/Workspace/ROS/ros2/dev_ws/build/helloworld': CMAKE_PREFIX_PATH=/opt/ros/foxy /usr/bin/cmake --build /home/marcus/Workspace/ROS/ros2/dev_ws/build/helloworld -- -j8 -l8
[0.053s] [100%] Built target my_node
[0.062s] Invoked command in '/home/marcus/Workspace/ROS/ros2/dev_ws/build/helloworld' returned '0': CMAKE_PREFIX_PATH=/opt/ros/foxy /usr/bin/cmake --build /home/marcus/Workspace/ROS/ros2/dev_ws/build/helloworld -- -j8 -l8
[0.091s] Invoking command in '/home/marcus/Workspace/ROS/ros2/dev_ws/build/helloworld': CMAKE_PREFIX_PATH=/opt/ros/foxy /usr/bin/cmake --install /home/marcus/Workspace/ROS/ros2/dev_ws/build/helloworld
[0.098s] -- Install configuration: ""
[0.098s] -- Up-to-date: /home/marcus/Workspace/ROS/ros2/dev_ws/install/helloworld/lib/helloworld/my_node
[0.098s] -- Up-to-date: /home/marcus/Workspace/ROS/ros2/dev_ws/install/helloworld/share/ament_index/resource_index/package_run_dependencies/helloworld
[0.098s] -- Up-to-date: /home/marcus/Workspace/ROS/ros2/dev_ws/install/helloworld/share/ament_index/resource_index/parent_prefix_path/helloworld
[0.098s] -- Up-to-date: /home/marcus/Workspace/ROS/ros2/dev_ws/install/helloworld/share/helloworld/environment/ament_prefix_path.sh
[0.099s] -- Up-to-date: /home/marcus/Workspace/ROS/ros2/dev_ws/install/helloworld/share/helloworld/environment/ament_prefix_path.dsv
[0.099s] -- Up-to-date: /home/marcus/Workspace/ROS/ros2/dev_ws/install/helloworld/share/helloworld/environment/path.sh
[0.099s] -- Up-to-date: /home/marcus/Workspace/ROS/ros2/dev_ws/install/helloworld/share/helloworld/environment/path.dsv
[0.099s] -- Up-to-date: /home/marcus/Workspace/ROS/ros2/dev_ws/install/helloworld/share/helloworld/local_setup.bash
[0.099s] -- Up-to-date: /home/marcus/Workspace/ROS/ros2/dev_ws/install/helloworld/share/helloworld/local_setup.sh
[0.099s] -- Up-to-date: /home/marcus/Workspace/ROS/ros2/dev_ws/install/helloworld/share/helloworld/local_setup.zsh
[0.099s] -- Up-to-date: /home/marcus/Workspace/ROS/ros2/dev_ws/install/helloworld/share/helloworld/local_setup.dsv
[0.099s] -- Installing: /home/marcus/Workspace/ROS/ros2/dev_ws/install/helloworld/share/helloworld/package.dsv
[0.099s] -- Up-to-date: /home/marcus/Workspace/ROS/ros2/dev_ws/install/helloworld/share/ament_index/resource_index/packages/helloworld
[0.099s] -- Up-to-date: /home/marcus/Workspace/ROS/ros2/dev_ws/install/helloworld/share/helloworld/cmake/helloworldConfig.cmake
[0.099s] -- Up-to-date: /home/marcus/Workspace/ROS/ros2/dev_ws/install/helloworld/share/helloworld/cmake/helloworldConfig-version.cmake
[0.099s] -- Up-to-date: /home/marcus/Workspace/ROS/ros2/dev_ws/install/helloworld/share/helloworld/package.xml
[0.101s] Invoked command in '/home/marcus/Workspace/ROS/ros2/dev_ws/build/helloworld' returned '0': CMAKE_PREFIX_PATH=/opt/ros/foxy /usr/bin/cmake --install /home/marcus/Workspace/ROS/ros2/dev_ws/build/helloworld
