[0.013s] Invoking command in '/home/marcus/Workspace/ROS/ros2/dev_ws/build/helloworld': CMAKE_PREFIX_PATH=/opt/ros/foxy /usr/bin/cmake --build /home/marcus/Workspace/ROS/ros2/dev_ws/build/helloworld -- -j8 -l8
[0.036s] -- Found ament_cmake: 0.9.9 (/opt/ros/foxy/share/ament_cmake/cmake)
[0.057s] -- Using PYTHON_EXECUTABLE: /usr/bin/python3
[0.232s] -- Found rclcpp: 2.4.1 (/opt/ros/foxy/share/rclcpp/cmake)
[0.264s] -- Using all available rosidl_typesupport_c: rosidl_typesupport_fastrtps_c;rosidl_typesupport_introspection_c
[0.267s] -- Found rosidl_adapter: 1.2.1 (/opt/ros/foxy/share/rosidl_adapter/cmake)
[0.378s] -- Using all available rosidl_typesupport_cpp: rosidl_typesupport_fastrtps_cpp;rosidl_typesupport_introspection_cpp
[0.425s] -- Found rmw_implementation_cmake: 1.0.3 (/opt/ros/foxy/share/rmw_implementation_cmake/cmake)
[0.426s] -- Using RMW implementation 'rmw_fastrtps_cpp' as default
[0.568s] CMake Error at CMakeLists.txt:26 (find_package):
[0.568s]   By not providing "FindPCLA.cmake" in CMAKE_MODULE_PATH this project has
[0.568s]   asked CMake to find a package configuration file provided by "PCLA", but
[0.568s]   CMake did not find one.
[0.568s] 
[0.568s]   Could not find a package configuration file provided by "PCLA" with any of
[0.568s]   the following names:
[0.568s] 
[0.568s]     PCLAConfig.cmake
[0.568s]     pcla-config.cmake
[0.568s] 
[0.568s]   Add the installation prefix of "PCLA" to CMAKE_PREFIX_PATH or set
[0.568s]   "PCLA_DIR" to a directory containing one of the above files.  If "PCLA"
[0.569s]   provides a separate development package or SDK, be sure it has been
[0.569s]   installed.
[0.569s] 
[0.569s] 
[0.569s] -- Configuring incomplete, errors occurred!
[0.569s] See also "/home/marcus/Workspace/ROS/ros2/dev_ws/build/helloworld/CMakeFiles/CMakeOutput.log".
[0.569s] See also "/home/marcus/Workspace/ROS/ros2/dev_ws/build/helloworld/CMakeFiles/CMakeError.log".
[0.573s] make: *** [Makefile:266: cmake_check_build_system] Error 1
[0.575s] Invoked command in '/home/marcus/Workspace/ROS/ros2/dev_ws/build/helloworld' returned '2': CMAKE_PREFIX_PATH=/opt/ros/foxy /usr/bin/cmake --build /home/marcus/Workspace/ROS/ros2/dev_ws/build/helloworld -- -j8 -l8
