[0.013s] Invoking command in '/home/marcus/Workspace/ROS/ros2/dev_ws/build/helloworld': CMAKE_PREFIX_PATH=/opt/ros/foxy /usr/bin/cmake --build /home/marcus/Workspace/ROS/ros2/dev_ws/build/helloworld -- -j8 -l8
[0.039s] -- Found ament_cmake: 0.9.9 (/opt/ros/foxy/share/ament_cmake/cmake)
[0.060s] -- Using PYTHON_EXECUTABLE: /usr/bin/python3
[0.232s] -- Found rclcpp: 2.4.1 (/opt/ros/foxy/share/rclcpp/cmake)
[0.264s] -- Using all available rosidl_typesupport_c: rosidl_typesupport_fastrtps_c;rosidl_typesupport_introspection_c
[0.267s] -- Found rosidl_adapter: 1.2.1 (/opt/ros/foxy/share/rosidl_adapter/cmake)
[0.377s] -- Using all available rosidl_typesupport_cpp: rosidl_typesupport_fastrtps_cpp;rosidl_typesupport_introspection_cpp
[0.422s] -- Found rmw_implementation_cmake: 1.0.3 (/opt/ros/foxy/share/rmw_implementation_cmake/cmake)
[0.423s] -- Using RMW implementation 'rmw_fastrtps_cpp' as default
[0.556s] -- Checking for module 'eigen3'
[0.567s] --   Found eigen3, version 3.3.7
[0.589s] -- Found Eigen: /usr/include/eigen3 (Required is at least version "3.1") 
[0.589s] -- Eigen found (include: /usr/include/eigen3, version: 3.3.7)
[0.631s] -- Found Boost: /usr/include (found suitable version "1.71.0", minimum required is "1.55.0") found components: system filesystem date_time iostreams regex 
[0.646s] -- Checking for module 'flann'
[0.658s] --   Found flann, version 1.9.1
[0.690s] -- Found FLANN: /usr/lib/x86_64-linux-gnu/libflann_cpp.so  
[0.749s] -- The imported target "vtkParseOGLExt" references the file
[0.749s]    "/usr/bin/vtkParseOGLExt-7.1"
[0.749s] but this file does not exist.  Possible reasons include:
[0.749s] * The file was deleted, renamed, or moved to another location.
[0.749s] * An install or uninstall procedure did not complete successfully.
[0.749s] * The installation package was faulty and contained
[0.749s]    "/usr/lib/cmake/vtk-7.1/VTKTargets.cmake"
[0.749s] but not all the files it references.
[0.749s] 
[0.750s] -- The imported target "vtkRenderingPythonTkWidgets" references the file
[0.750s]    "/usr/lib/x86_64-linux-gnu/libvtkRenderingPythonTkWidgets.so"
[0.750s] but this file does not exist.  Possible reasons include:
[0.750s] * The file was deleted, renamed, or moved to another location.
[0.750s] * An install or uninstall procedure did not complete successfully.
[0.750s] * The installation package was faulty and contained
[0.750s]    "/usr/lib/cmake/vtk-7.1/VTKTargets.cmake"
[0.750s] but not all the files it references.
[0.750s] 
[0.750s] -- The imported target "vtk" references the file
[0.750s]    "/usr/bin/vtk"
[0.750s] but this file does not exist.  Possible reasons include:
[0.751s] * The file was deleted, renamed, or moved to another location.
[0.751s] * An install or uninstall procedure did not complete successfully.
[0.751s] * The installation package was faulty and contained
[0.751s]    "/usr/lib/cmake/vtk-7.1/VTKTargets.cmake"
[0.751s] but not all the files it references.
[0.751s] 
[0.751s] -- The imported target "pvtk" references the file
[0.751s]    "/usr/bin/pvtk"
[0.751s] but this file does not exist.  Possible reasons include:
[0.751s] * The file was deleted, renamed, or moved to another location.
[0.751s] * An install or uninstall procedure did not complete successfully.
[0.751s] * The installation package was faulty and contained
[0.751s]    "/usr/lib/cmake/vtk-7.1/VTKTargets.cmake"
[0.751s] but not all the files it references.
[0.751s] 
[0.776s] -- Checking for module 'libusb-1.0'
[0.788s] --   Found libusb-1.0, version 1.0.23
[0.820s] -- Found USB_10: /usr/lib/x86_64-linux-gnu/libusb-1.0.so  
[0.863s] -- Found OpenNI: /usr/lib/libOpenNI.so  
[0.863s] -- OpenNI found (include: /usr/include/ni, lib: /usr/lib/libOpenNI.so)
[0.913s] -- Found OpenNI2: /usr/lib/libOpenNI2.so  
[0.913s] -- OpenNI2 found (include: /usr/include/openni2, lib: /usr/lib/libOpenNI2.so)
[0.913s] ** WARNING ** io features related to pcap will be disabled
[0.914s] ** WARNING ** io features related to png will be disabled
[0.927s] -- Found libusb-1.0: /usr/include  
[0.927s] ** WARNING ** io features related to libusb-1.0 will be disabled
[0.933s] -- OpenNI found (include: /usr/include/ni, lib: /usr/lib/libOpenNI.so)
[0.939s] -- OpenNI2 found (include: /usr/include/openni2, lib: /usr/lib/libOpenNI2.so)
[0.965s] -- Found Qhull: optimized;/usr/lib/x86_64-linux-gnu/libqhull.so;debug;/usr/lib/x86_64-linux-gnu/libqhull.so  
[0.965s] -- QHULL found (include: /usr/include, lib: optimized;/usr/lib/x86_64-linux-gnu/libqhull.so;debug;/usr/lib/x86_64-linux-gnu/libqhull.so)
[0.971s] -- OpenNI found (include: /usr/include/ni, lib: /usr/lib/libOpenNI.so)
[0.982s] -- looking for PCL_COMMON
[0.983s] -- Found PCL_COMMON: /usr/lib/x86_64-linux-gnu/libpcl_common.so  
[0.984s] -- looking for PCL_KDTREE
[0.985s] -- Found PCL_KDTREE: /usr/lib/x86_64-linux-gnu/libpcl_kdtree.so  
[0.985s] -- looking for PCL_OCTREE
[0.986s] -- Found PCL_OCTREE: /usr/lib/x86_64-linux-gnu/libpcl_octree.so  
[0.986s] -- looking for PCL_SEARCH
[0.987s] -- Found PCL_SEARCH: /usr/lib/x86_64-linux-gnu/libpcl_search.so  
[0.987s] -- looking for PCL_SAMPLE_CONSENSUS
[0.988s] -- Found PCL_SAMPLE_CONSENSUS: /usr/lib/x86_64-linux-gnu/libpcl_sample_consensus.so  
[0.988s] -- looking for PCL_FILTERS
[0.989s] -- Found PCL_FILTERS: /usr/lib/x86_64-linux-gnu/libpcl_filters.so  
[0.990s] -- looking for PCL_2D
[0.990s] -- Found PCL_2D: /usr/include/pcl-1.10  
[0.990s] -- looking for PCL_GEOMETRY
[0.990s] -- Found PCL_GEOMETRY: /usr/include/pcl-1.10  
[0.991s] -- looking for PCL_IO
[0.991s] -- Found PCL_IO: /usr/lib/x86_64-linux-gnu/libpcl_io.so  
[0.992s] -- looking for PCL_FEATURES
[0.993s] -- Found PCL_FEATURES: /usr/lib/x86_64-linux-gnu/libpcl_features.so  
[0.993s] -- looking for PCL_ML
[0.994s] -- Found PCL_ML: /usr/lib/x86_64-linux-gnu/libpcl_ml.so  
[0.994s] -- looking for PCL_SEGMENTATION
[0.995s] -- Found PCL_SEGMENTATION: /usr/lib/x86_64-linux-gnu/libpcl_segmentation.so  
[0.996s] -- looking for PCL_VISUALIZATION
[0.996s] -- Found PCL_VISUALIZATION: /usr/lib/x86_64-linux-gnu/libpcl_visualization.so  
[0.997s] -- looking for PCL_SURFACE
[0.998s] -- Found PCL_SURFACE: /usr/lib/x86_64-linux-gnu/libpcl_surface.so  
[0.998s] -- looking for PCL_REGISTRATION
[0.999s] -- Found PCL_REGISTRATION: /usr/lib/x86_64-linux-gnu/libpcl_registration.so  
[0.999s] -- looking for PCL_KEYPOINTS
[1.000s] -- Found PCL_KEYPOINTS: /usr/lib/x86_64-linux-gnu/libpcl_keypoints.so  
[1.001s] -- looking for PCL_TRACKING
[1.002s] -- Found PCL_TRACKING: /usr/lib/x86_64-linux-gnu/libpcl_tracking.so  
[1.002s] -- looking for PCL_RECOGNITION
[1.004s] -- Found PCL_RECOGNITION: /usr/lib/x86_64-linux-gnu/libpcl_recognition.so  
[1.004s] -- looking for PCL_STEREO
[1.006s] -- Found PCL_STEREO: /usr/lib/x86_64-linux-gnu/libpcl_stereo.so  
[1.006s] -- looking for PCL_APPS
[1.007s] -- Found PCL_APPS: /usr/lib/x86_64-linux-gnu/libpcl_apps.so  
[1.008s] -- looking for PCL_IN_HAND_SCANNER
[1.008s] -- Found PCL_IN_HAND_SCANNER: /usr/include/pcl-1.10  
[1.009s] -- looking for PCL_POINT_CLOUD_EDITOR
[1.009s] -- Found PCL_POINT_CLOUD_EDITOR: /usr/include/pcl-1.10  
[1.009s] -- looking for PCL_OUTOFCORE
[1.011s] -- Found PCL_OUTOFCORE: /usr/lib/x86_64-linux-gnu/libpcl_outofcore.so  
[1.011s] -- looking for PCL_PEOPLE
[1.012s] -- Found PCL_PEOPLE: /usr/lib/x86_64-linux-gnu/libpcl_people.so  
[1.013s] -- Found PCL: pcl_common;pcl_kdtree;pcl_octree;pcl_search;pcl_sample_consensus;pcl_filters;pcl_io;pcl_features;pcl_ml;pcl_segmentation;pcl_visualization;pcl_surface;pcl_registration;pcl_keypoints;pcl_tracking;pcl_recognition;pcl_stereo;pcl_apps;pcl_outofcore;pcl_people;/usr/lib/x86_64-linux-gnu/libboost_system.so;/usr/lib/x86_64-linux-gnu/libboost_filesystem.so;/usr/lib/x86_64-linux-gnu/libboost_date_time.so;/usr/lib/x86_64-linux-gnu/libboost_iostreams.so;/usr/lib/x86_64-linux-gnu/libboost_regex.so;optimized;/usr/lib/x86_64-linux-gnu/libqhull.so;debug;/usr/lib/x86_64-linux-gnu/libqhull.so;/usr/lib/libOpenNI.so;/usr/lib/libOpenNI2.so;vtkChartsCore;vtkCommonColor;vtkCommonCore;vtksys;vtkCommonDataModel;vtkCommonMath;vtkCommonMisc;vtkCommonSystem;vtkCommonTransforms;vtkCommonExecutionModel;vtkFiltersGeneral;vtkCommonComputationalGeometry;vtkFiltersCore;vtkInfovisCore;vtkFiltersExtraction;vtkFiltersStatistics;vtkImagingFourier;vtkImagingCore;vtkalglib;vtkRenderingContext2D;vtkRenderingCore;vtkFiltersGeometry;vtkFiltersSources;vtkRenderingFreeType;/usr/lib/x86_64-linux-gnu/libfreetype.so;/usr/lib/x86_64-linux-gnu/libz.so;vtkFiltersModeling;vtkImagingSources;vtkInteractionStyle;vtkInteractionWidgets;vtkFiltersHybrid;vtkImagingColor;vtkImagingGeneral;vtkImagingHybrid;vtkIOImage;vtkDICOMParser;vtkmetaio;/usr/lib/x86_64-linux-gnu/libjpeg.so;/usr/lib/x86_64-linux-gnu/libpng.so;/usr/lib/x86_64-linux-gnu/libtiff.so;vtkRenderingAnnotation;vtkRenderingVolume;vtkIOXML;vtkIOCore;vtkIOXMLParser;/usr/lib/x86_64-linux-gnu/libexpat.so;vtkIOGeometry;vtkIOLegacy;vtkIOPLY;vtkRenderingLOD;vtkViewsContext2D;vtkViewsCore;vtkRenderingContextOpenGL2;vtkRenderingOpenGL2;FLANN::FLANN (Required is at least version "1.10") 
[1.015s] -- Found ament_lint_auto: 0.9.6 (/opt/ros/foxy/share/ament_lint_auto/cmake)
[1.072s] -- Added test 'copyright' to check source files copyright and LICENSE
[1.073s] -- Added test 'cppcheck' to perform static code analysis on C / C++ code
[1.074s] -- Configured cppcheck include dirs: /home/marcus/Workspace/ROS/ros2/dev_ws/src/helloworld/include
[1.074s] -- Configured cppcheck exclude dirs and/or files: 
[1.074s] -- Added test 'cpplint' to check C / C++ code against the Google style
[1.075s] -- Configured cpplint exclude dirs and/or files: 
[1.075s] -- Added test 'lint_cmake' to check CMake code style
[1.076s] -- Added test 'uncrustify' to check C / C++ code style
[1.076s] -- Configured uncrustify additional arguments: 
[1.076s] -- Added test 'xmllint' to check XML markup files
[1.078s] -- Configuring done
[1.086s] -- Generating done
[1.088s] -- Build files have been written to: /home/marcus/Workspace/ROS/ros2/dev_ws/build/helloworld
[1.113s] [35m[1mScanning dependencies of target talker[0m
[1.127s] [ 50%] [32mBuilding CXX object CMakeFiles/talker.dir/src/talker.cpp.o[0m
[3.859s] [100%] [32m[1mLinking CXX executable talker[0m
[4.003s] [100%] Built target talker
[4.013s] Invoked command in '/home/marcus/Workspace/ROS/ros2/dev_ws/build/helloworld' returned '0': CMAKE_PREFIX_PATH=/opt/ros/foxy /usr/bin/cmake --build /home/marcus/Workspace/ROS/ros2/dev_ws/build/helloworld -- -j8 -l8
[4.045s] Invoking command in '/home/marcus/Workspace/ROS/ros2/dev_ws/build/helloworld': CMAKE_PREFIX_PATH=/opt/ros/foxy /usr/bin/cmake --install /home/marcus/Workspace/ROS/ros2/dev_ws/build/helloworld
[4.052s] -- Install configuration: ""
[4.052s] -- Installing: /home/marcus/Workspace/ROS/ros2/dev_ws/install/helloworld/lib/helloworld/talker
[4.053s] -- Set runtime path of "/home/marcus/Workspace/ROS/ros2/dev_ws/install/helloworld/lib/helloworld/talker" to ""
[4.053s] -- Up-to-date: /home/marcus/Workspace/ROS/ros2/dev_ws/install/helloworld/share/ament_index/resource_index/package_run_dependencies/helloworld
[4.053s] -- Up-to-date: /home/marcus/Workspace/ROS/ros2/dev_ws/install/helloworld/share/ament_index/resource_index/parent_prefix_path/helloworld
[4.053s] -- Up-to-date: /home/marcus/Workspace/ROS/ros2/dev_ws/install/helloworld/share/helloworld/environment/ament_prefix_path.sh
[4.054s] -- Installing: /home/marcus/Workspace/ROS/ros2/dev_ws/install/helloworld/share/helloworld/environment/ament_prefix_path.dsv
[4.054s] -- Up-to-date: /home/marcus/Workspace/ROS/ros2/dev_ws/install/helloworld/share/helloworld/environment/path.sh
[4.054s] -- Installing: /home/marcus/Workspace/ROS/ros2/dev_ws/install/helloworld/share/helloworld/environment/path.dsv
[4.054s] -- Up-to-date: /home/marcus/Workspace/ROS/ros2/dev_ws/install/helloworld/share/helloworld/local_setup.bash
[4.054s] -- Up-to-date: /home/marcus/Workspace/ROS/ros2/dev_ws/install/helloworld/share/helloworld/local_setup.sh
[4.054s] -- Up-to-date: /home/marcus/Workspace/ROS/ros2/dev_ws/install/helloworld/share/helloworld/local_setup.zsh
[4.054s] -- Installing: /home/marcus/Workspace/ROS/ros2/dev_ws/install/helloworld/share/helloworld/local_setup.dsv
[4.054s] -- Installing: /home/marcus/Workspace/ROS/ros2/dev_ws/install/helloworld/share/helloworld/package.dsv
[4.054s] -- Up-to-date: /home/marcus/Workspace/ROS/ros2/dev_ws/install/helloworld/share/ament_index/resource_index/packages/helloworld
[4.054s] -- Up-to-date: /home/marcus/Workspace/ROS/ros2/dev_ws/install/helloworld/share/helloworld/cmake/helloworldConfig.cmake
[4.054s] -- Up-to-date: /home/marcus/Workspace/ROS/ros2/dev_ws/install/helloworld/share/helloworld/cmake/helloworldConfig-version.cmake
[4.054s] -- Up-to-date: /home/marcus/Workspace/ROS/ros2/dev_ws/install/helloworld/share/helloworld/package.xml
[4.056s] Invoked command in '/home/marcus/Workspace/ROS/ros2/dev_ws/build/helloworld' returned '0': CMAKE_PREFIX_PATH=/opt/ros/foxy /usr/bin/cmake --install /home/marcus/Workspace/ROS/ros2/dev_ws/build/helloworld
