[0.012s] Invoking command in '/home/marcus/Workspace/ROS/ros2/dev_ws/build/helloworld': CMAKE_PREFIX_PATH=${CMAKE_PREFIX_PATH}:/opt/ros/foxy /usr/bin/cmake /home/marcus/Workspace/ROS/ros2/dev_ws/src/helloworld -DCMAKE_INSTALL_PREFIX=/home/marcus/Workspace/ROS/ros2/dev_ws/install/helloworld
[0.089s] -- The C compiler identification is GNU 9.3.0
[0.168s] -- The CXX compiler identification is GNU 9.3.0
[0.172s] -- Check for working C compiler: /usr/bin/cc
[0.230s] -- Check for working C compiler: /usr/bin/cc -- works
[0.231s] -- Detecting C compiler ABI info
[0.304s] -- Detecting C compiler ABI info - done
[0.320s] -- Detecting C compile features
[0.320s] -- Detecting C compile features - done
[0.323s] -- Check for working CXX compiler: /usr/bin/c++
[0.390s] -- Check for working CXX compiler: /usr/bin/c++ -- works
[0.391s] -- Detecting CXX compiler ABI info
[0.460s] -- Detecting CXX compiler ABI info - done
[0.472s] -- Detecting CXX compile features
[0.472s] -- Detecting CXX compile features - done
[0.474s] -- Found ament_cmake: 0.9.9 (/opt/ros/foxy/share/ament_cmake/cmake)
[0.495s] -- Found PythonInterp: /usr/bin/python3 (found suitable version "3.8.10", minimum required is "3") 
[0.495s] -- Using PYTHON_EXECUTABLE: /usr/bin/python3
[0.674s] -- Found ament_lint_auto: 0.9.6 (/opt/ros/foxy/share/ament_lint_auto/cmake)
[0.740s] -- Added test 'copyright' to check source files copyright and LICENSE
[0.740s] -- Added test 'cppcheck' to perform static code analysis on C / C++ code
[0.741s] -- Configured cppcheck include dirs: $<BUILD_INTERFACE:/home/marcus/Workspace/ROS/ros2/dev_ws/src/helloworld/include>
[0.741s] -- Configured cppcheck exclude dirs and/or files: 
[0.741s] -- Added test 'cpplint' to check C / C++ code against the Google style
[0.741s] -- Configured cpplint exclude dirs and/or files: 
[0.742s] -- Added test 'lint_cmake' to check CMake code style
[0.743s] -- Added test 'uncrustify' to check C / C++ code style
[0.743s] -- Configured uncrustify additional arguments: 
[0.743s] -- Added test 'xmllint' to check XML markup files
[0.745s] -- Configuring done
[0.748s] -- Generating done
[0.749s] -- Build files have been written to: /home/marcus/Workspace/ROS/ros2/dev_ws/build/helloworld
[0.752s] Invoked command in '/home/marcus/Workspace/ROS/ros2/dev_ws/build/helloworld' returned '0': CMAKE_PREFIX_PATH=${CMAKE_PREFIX_PATH}:/opt/ros/foxy /usr/bin/cmake /home/marcus/Workspace/ROS/ros2/dev_ws/src/helloworld -DCMAKE_INSTALL_PREFIX=/home/marcus/Workspace/ROS/ros2/dev_ws/install/helloworld
[0.754s] Invoking command in '/home/marcus/Workspace/ROS/ros2/dev_ws/build/helloworld': CMAKE_PREFIX_PATH=${CMAKE_PREFIX_PATH}:/opt/ros/foxy /usr/bin/cmake --build /home/marcus/Workspace/ROS/ros2/dev_ws/build/helloworld -- -j8 -l8
[0.786s] [35m[1mScanning dependencies of target my_node[0m
[0.795s] [ 50%] [32mBuilding CXX object CMakeFiles/my_node.dir/src/my_node.cpp.o[0m
[0.822s] [100%] [32m[1mLinking CXX executable my_node[0m
[0.860s] [100%] Built target my_node
[0.870s] Invoked command in '/home/marcus/Workspace/ROS/ros2/dev_ws/build/helloworld' returned '0': CMAKE_PREFIX_PATH=${CMAKE_PREFIX_PATH}:/opt/ros/foxy /usr/bin/cmake --build /home/marcus/Workspace/ROS/ros2/dev_ws/build/helloworld -- -j8 -l8
[0.898s] Invoking command in '/home/marcus/Workspace/ROS/ros2/dev_ws/build/helloworld': CMAKE_PREFIX_PATH=${CMAKE_PREFIX_PATH}:/opt/ros/foxy /usr/bin/cmake --install /home/marcus/Workspace/ROS/ros2/dev_ws/build/helloworld
[0.907s] -- Install configuration: ""
[0.907s] -- Installing: /home/marcus/Workspace/ROS/ros2/dev_ws/install/helloworld/lib/helloworld/my_node
[0.908s] -- Installing: /home/marcus/Workspace/ROS/ros2/dev_ws/install/helloworld/share/ament_index/resource_index/package_run_dependencies/helloworld
[0.908s] -- Installing: /home/marcus/Workspace/ROS/ros2/dev_ws/install/helloworld/share/ament_index/resource_index/parent_prefix_path/helloworld
[0.908s] -- Installing: /home/marcus/Workspace/ROS/ros2/dev_ws/install/helloworld/share/helloworld/environment/ament_prefix_path.sh
[0.908s] -- Installing: /home/marcus/Workspace/ROS/ros2/dev_ws/install/helloworld/share/helloworld/environment/ament_prefix_path.dsv
[0.908s] -- Installing: /home/marcus/Workspace/ROS/ros2/dev_ws/install/helloworld/share/helloworld/environment/path.sh
[0.908s] -- Installing: /home/marcus/Workspace/ROS/ros2/dev_ws/install/helloworld/share/helloworld/environment/path.dsv
[0.908s] -- Installing: /home/marcus/Workspace/ROS/ros2/dev_ws/install/helloworld/share/helloworld/local_setup.bash
[0.908s] -- Installing: /home/marcus/Workspace/ROS/ros2/dev_ws/install/helloworld/share/helloworld/local_setup.sh
[0.908s] -- Installing: /home/marcus/Workspace/ROS/ros2/dev_ws/install/helloworld/share/helloworld/local_setup.zsh
[0.908s] -- Installing: /home/marcus/Workspace/ROS/ros2/dev_ws/install/helloworld/share/helloworld/local_setup.dsv
[0.909s] -- Installing: /home/marcus/Workspace/ROS/ros2/dev_ws/install/helloworld/share/helloworld/package.dsv
[0.909s] -- Installing: /home/marcus/Workspace/ROS/ros2/dev_ws/install/helloworld/share/ament_index/resource_index/packages/helloworld
[0.909s] -- Installing: /home/marcus/Workspace/ROS/ros2/dev_ws/install/helloworld/share/helloworld/cmake/helloworldConfig.cmake
[0.909s] -- Installing: /home/marcus/Workspace/ROS/ros2/dev_ws/install/helloworld/share/helloworld/cmake/helloworldConfig-version.cmake
[0.909s] -- Installing: /home/marcus/Workspace/ROS/ros2/dev_ws/install/helloworld/share/helloworld/package.xml
[0.911s] Invoked command in '/home/marcus/Workspace/ROS/ros2/dev_ws/build/helloworld' returned '0': CMAKE_PREFIX_PATH=${CMAKE_PREFIX_PATH}:/opt/ros/foxy /usr/bin/cmake --install /home/marcus/Workspace/ROS/ros2/dev_ws/build/helloworld
