[01m[K/home/marcus/Workspace/ROS/ros2/dev_ws/src/helloworld/src/listener.cpp:7:21:[m[K [01;31m[Kerror: [m[K‘[01m[Kpcl[m[K’ does not name a type
    7 | using PointCloudT = [01;31m[Kpcl[m[K::PointCloud<pcl::PointXYZ>;
      |                     [01;31m[K^~~[m[K
[01m[K/home/marcus/Workspace/ROS/ros2/dev_ws/src/helloworld/src/listener.cpp:26:26:[m[K [01;31m[Kerror: [m[K‘[01m[KPointCloudT[m[K’ was not declared in this scope
   26 |     rclcpp::Subscription<[01;31m[KPointCloudT[m[K>::SharedPtr subscription_pc;
      |                          [01;31m[K^~~~~~~~~~~[m[K
[01m[K/home/marcus/Workspace/ROS/ros2/dev_ws/src/helloworld/src/listener.cpp:26:37:[m[K [01;31m[Kerror: [m[Ktemplate argument 1 is invalid
   26 |     rclcpp::Subscription<PointCloudT[01;31m[K>[m[K::SharedPtr subscription_pc;
      |                                     [01;31m[K^[m[K
[01m[K/home/marcus/Workspace/ROS/ros2/dev_ws/src/helloworld/src/listener.cpp:26:37:[m[K [01;31m[Kerror: [m[Ktemplate argument 3 is invalid
[01m[K/home/marcus/Workspace/ROS/ros2/dev_ws/src/helloworld/src/listener.cpp:26:40:[m[K [01;31m[Kerror: [m[Kexpected ‘[01m[K;[m[K’ at end of member declaration
   26 |     rclcpp::Subscription<PointCloudT>::[01;31m[KSharedPtr[m[K subscription_pc;
      |                                        [01;31m[K^~~~~~~~~[m[K
      |                                                 [32m[K;[m[K
[01m[K/home/marcus/Workspace/ROS/ros2/dev_ws/src/helloworld/src/listener.cpp:26:50:[m[K [01;31m[Kerror: [m[K‘[01m[Ksubscription_pc[m[K’ does not name a type; did you mean ‘[01m[Krcl_subscription_t[m[K’?
   26 |     rclcpp::Subscription<PointCloudT>::SharedPtr [01;31m[Ksubscription_pc[m[K;
      |                                                  [01;31m[K^~~~~~~~~~~~~~~[m[K
      |                                                  [32m[Krcl_subscription_t[m[K
make[2]: *** [CMakeFiles/listener.dir/build.make:63: CMakeFiles/listener.dir/src/listener.cpp.o] Error 1
make[1]: *** [CMakeFiles/Makefile2:80: CMakeFiles/listener.dir/all] Error 2
make: *** [Makefile:141: all] Error 2
