[0.013s] Invoking command in '/home/marcus/Workspace/ROS/ros2/dev_ws/build/helloworld': CMAKE_PREFIX_PATH=/opt/ros/foxy /usr/bin/cmake --build /home/marcus/Workspace/ROS/ros2/dev_ws/build/helloworld -- -j8 -l8
[0.037s] -- Found ament_cmake: 0.9.9 (/opt/ros/foxy/share/ament_cmake/cmake)
[0.057s] -- Using PYTHON_EXECUTABLE: /usr/bin/python3
[0.236s] -- Found rclcpp: 2.4.1 (/opt/ros/foxy/share/rclcpp/cmake)
[0.269s] -- Using all available rosidl_typesupport_c: rosidl_typesupport_fastrtps_c;rosidl_typesupport_introspection_c
[0.272s] -- Found rosidl_adapter: 1.2.1 (/opt/ros/foxy/share/rosidl_adapter/cmake)
[0.387s] -- Using all available rosidl_typesupport_cpp: rosidl_typesupport_fastrtps_cpp;rosidl_typesupport_introspection_cpp
[0.437s] -- Found rmw_implementation_cmake: 1.0.3 (/opt/ros/foxy/share/rmw_implementation_cmake/cmake)
[0.438s] -- Using RMW implementation 'rmw_fastrtps_cpp' as default
[0.583s] CMake Error at CMakeLists.txt:24 (find_package):
[0.583s]   By not providing "Findstsd_msgs.cmake" in CMAKE_MODULE_PATH this project
[0.583s]   has asked CMake to find a package configuration file provided by
[0.583s]   "stsd_msgs", but CMake did not find one.
[0.583s] 
[0.583s]   Could not find a package configuration file provided by "stsd_msgs" with
[0.583s]   any of the following names:
[0.583s] 
[0.583s]     stsd_msgsConfig.cmake
[0.583s]     stsd_msgs-config.cmake
[0.583s] 
[0.584s]   Add the installation prefix of "stsd_msgs" to CMAKE_PREFIX_PATH or set
[0.584s]   "stsd_msgs_DIR" to a directory containing one of the above files.  If
[0.584s]   "stsd_msgs" provides a separate development package or SDK, be sure it has
[0.584s]   been installed.
[0.584s] 
[0.584s] 
[0.584s] -- Configuring incomplete, errors occurred!
[0.584s] See also "/home/marcus/Workspace/ROS/ros2/dev_ws/build/helloworld/CMakeFiles/CMakeOutput.log".
[0.584s] See also "/home/marcus/Workspace/ROS/ros2/dev_ws/build/helloworld/CMakeFiles/CMakeError.log".
[0.589s] make: *** [Makefile:266: cmake_check_build_system] Error 1
[0.590s] Invoked command in '/home/marcus/Workspace/ROS/ros2/dev_ws/build/helloworld' returned '2': CMAKE_PREFIX_PATH=/opt/ros/foxy /usr/bin/cmake --build /home/marcus/Workspace/ROS/ros2/dev_ws/build/helloworld -- -j8 -l8
