[0.014s] Invoking command in '/home/marcus/Workspace/ROS/ros2/dev_ws/build/helloworld': CMAKE_PREFIX_PATH=/opt/ros/foxy /usr/bin/cmake --build /home/marcus/Workspace/ROS/ros2/dev_ws/build/helloworld -- -j8 -l8
[0.054s] [35m[1mScanning dependencies of target listener[0m
[0.075s] [ 50%] Built target talker
[0.077s] [ 75%] [32mBuilding CXX object CMakeFiles/listener.dir/src/listener.cpp.o[0m
[1.551s] In file included from [01m[K/usr/include/x86_64-linux-gnu/c++/9/bits/c++allocator.h:33[m[K,
[1.551s]                  from [01m[K/usr/include/c++/9/bits/allocator.h:46[m[K,
[1.551s]                  from [01m[K/usr/include/c++/9/memory:63[m[K,
[1.551s]                  from [01m[K/opt/ros/foxy/include/rclcpp/rclcpp.hpp:144[m[K,
[1.551s]                  from [01m[K/home/marcus/Workspace/ROS/ros2/dev_ws/src/helloworld/src/listener.cpp:1[m[K:
[1.552s] /usr/include/c++/9/ext/new_allocator.h: In instantiation of ‘[01m[Kvoid __gnu_cxx::new_allocator<_Tp>::construct(_Up*, _Args&& ...) [with _Up = Listener; _Args = {}; _Tp = Listener][m[K’:
[1.552s] [01m[K/usr/include/c++/9/bits/alloc_traits.h:482:2:[m[K   required from ‘[01m[Kstatic void std::allocator_traits<std::allocator<_Tp1> >::construct(std::allocator_traits<std::allocator<_Tp1> >::allocator_type&, _Up*, _Args&& ...) [with _Up = Listener; _Args = {}; _Tp = Listener; std::allocator_traits<std::allocator<_Tp1> >::allocator_type = std::allocator<Listener>][m[K’
[1.552s] [01m[K/usr/include/c++/9/bits/shared_ptr_base.h:548:39:[m[K   required from ‘[01m[Kstd::_Sp_counted_ptr_inplace<_Tp, _Alloc, _Lp>::_Sp_counted_ptr_inplace(_Alloc, _Args&& ...) [with _Args = {}; _Tp = Listener; _Alloc = std::allocator<Listener>; __gnu_cxx::_Lock_policy _Lp = __gnu_cxx::_S_atomic][m[K’
[1.552s] [01m[K/usr/include/c++/9/bits/shared_ptr_base.h:679:16:[m[K   required from ‘[01m[Kstd::__shared_count<_Lp>::__shared_count(_Tp*&, std::_Sp_alloc_shared_tag<_Alloc>, _Args&& ...) [with _Tp = Listener; _Alloc = std::allocator<Listener>; _Args = {}; __gnu_cxx::_Lock_policy _Lp = __gnu_cxx::_S_atomic][m[K’
[1.552s] [01m[K/usr/include/c++/9/bits/shared_ptr_base.h:1344:71:[m[K   required from ‘[01m[Kstd::__shared_ptr<_Tp, _Lp>::__shared_ptr(std::_Sp_alloc_shared_tag<_Tp>, _Args&& ...) [with _Alloc = std::allocator<Listener>; _Args = {}; _Tp = Listener; __gnu_cxx::_Lock_policy _Lp = __gnu_cxx::_S_atomic][m[K’
[1.552s] [01m[K/usr/include/c++/9/bits/shared_ptr.h:359:59:[m[K   required from ‘[01m[Kstd::shared_ptr<_Tp>::shared_ptr(std::_Sp_alloc_shared_tag<_Tp>, _Args&& ...) [with _Alloc = std::allocator<Listener>; _Args = {}; _Tp = Listener][m[K’
[1.552s] [01m[K/usr/include/c++/9/bits/shared_ptr.h:701:14:[m[K   required from ‘[01m[Kstd::shared_ptr<_Tp> std::allocate_shared(const _Alloc&, _Args&& ...) [with _Tp = Listener; _Alloc = std::allocator<Listener>; _Args = {}][m[K’
[1.552s] [01m[K/usr/include/c++/9/bits/shared_ptr.h:717:39:[m[K   required from ‘[01m[Kstd::shared_ptr<_Tp> std::make_shared(_Args&& ...) [with _Tp = Listener; _Args = {}][m[K’
[1.552s] [01m[K/home/marcus/Workspace/ROS/ros2/dev_ws/src/helloworld/src/listener.cpp:16:45:[m[K   required from here
[1.552s] [01m[K/usr/include/c++/9/ext/new_allocator.h:145:20:[m[K [01;31m[Kerror: [m[Kuse of deleted function ‘[01m[KListener::Listener()[m[K’
[1.552s]   145 |  noexcept(noexcept([01;31m[K::new((void *)__p)[m[K
[1.553s]       |                    [01;31m[K^~~~~~~~~~~~~~~~~~[m[K
[1.553s]   146 | [01;31m[K       _Up(std::forward<_Args>(__args)...)[m[K))
[1.553s]       |        [01;31m[K~~~~~~~~~~~~~~~~~~~~~~~~~~~~~~~~~~~[m[K
[1.553s] [01m[K/home/marcus/Workspace/ROS/ros2/dev_ws/src/helloworld/src/listener.cpp:4:7:[m[K [01;36m[Knote: [m[K‘[01m[KListener::Listener()[m[K’ is implicitly deleted because the default definition would be ill-formed:
[1.553s]     4 | class [01;36m[KListener[m[K : public rclcpp::Node
[1.553s]       |       [01;36m[K^~~~~~~~[m[K
[1.553s] [01m[K/home/marcus/Workspace/ROS/ros2/dev_ws/src/helloworld/src/listener.cpp:4:7:[m[K [01;31m[Kerror: [m[Kno matching function for call to ‘[01m[Krclcpp::Node::Node()[m[K’
[1.553s] In file included from [01m[K/opt/ros/foxy/include/rclcpp/executors/single_threaded_executor.hpp:28[m[K,
[1.553s]                  from [01m[K/opt/ros/foxy/include/rclcpp/executors.hpp:22[m[K,
[1.553s]                  from [01m[K/opt/ros/foxy/include/rclcpp/rclcpp.hpp:146[m[K,
[1.554s]                  from [01m[K/home/marcus/Workspace/ROS/ros2/dev_ws/src/helloworld/src/listener.cpp:1[m[K:
[1.554s] [01m[K/opt/ros/foxy/include/rclcpp/node.hpp:1193:3:[m[K [01;36m[Knote: [m[Kcandidate: ‘[01m[Krclcpp::Node::Node(const rclcpp::Node&, const string&)[m[K’
[1.554s]  1193 |   [01;36m[KNode[m[K(
[1.554s]       |   [01;36m[K^~~~[m[K
[1.554s] [01m[K/opt/ros/foxy/include/rclcpp/node.hpp:1193:3:[m[K [01;36m[Knote: [m[K  candidate expects 2 arguments, 0 provided
[1.554s] [01m[K/opt/ros/foxy/include/rclcpp/node.hpp:98:12:[m[K [01;36m[Knote: [m[Kcandidate: ‘[01m[Krclcpp::Node::Node(const string&, const string&, const rclcpp::NodeOptions&)[m[K’
[1.554s]    98 |   explicit [01;36m[KNode[m[K(
[1.554s]       |            [01;36m[K^~~~[m[K
[1.554s] [01m[K/opt/ros/foxy/include/rclcpp/node.hpp:98:12:[m[K [01;36m[Knote: [m[K  candidate expects 3 arguments, 0 provided
[1.555s] [01m[K/opt/ros/foxy/include/rclcpp/node.hpp:86:12:[m[K [01;36m[Knote: [m[Kcandidate: ‘[01m[Krclcpp::Node::Node(const string&, const rclcpp::NodeOptions&)[m[K’
[1.555s]    86 |   explicit [01;36m[KNode[m[K(
[1.555s]       |            [01;36m[K^~~~[m[K
[1.555s] [01m[K/opt/ros/foxy/include/rclcpp/node.hpp:86:12:[m[K [01;36m[Knote: [m[K  candidate expects 2 arguments, 0 provided
[1.612s] make[2]: *** [CMakeFiles/listener.dir/build.make:63: CMakeFiles/listener.dir/src/listener.cpp.o] Error 1
[1.613s] make[1]: *** [CMakeFiles/Makefile2:80: CMakeFiles/listener.dir/all] Error 2
[1.613s] make: *** [Makefile:141: all] Error 2
[1.615s] Invoked command in '/home/marcus/Workspace/ROS/ros2/dev_ws/build/helloworld' returned '2': CMAKE_PREFIX_PATH=/opt/ros/foxy /usr/bin/cmake --build /home/marcus/Workspace/ROS/ros2/dev_ws/build/helloworld -- -j8 -l8
