[0.013s] Invoking command in '/home/marcus/Workspace/ROS/ros2/dev_ws/build/helloworld': CMAKE_PREFIX_PATH=/opt/ros/foxy /usr/bin/cmake --build /home/marcus/Workspace/ROS/ros2/dev_ws/build/helloworld -- -j8 -l8
[0.053s] [35m[1mScanning dependencies of target listener[0m
[0.073s] [ 50%] Built target talker
[0.086s] [ 75%] [32mBuilding CXX object CMakeFiles/listener.dir/src/listener.cpp.o[0m
[4.776s] [01m[K/home/marcus/Workspace/ROS/ros2/dev_ws/src/helloworld/src/listener.cpp:[m[K In constructor ‘[01m[KListener::Listener()[m[K’:
[4.777s] [01m[K/home/marcus/Workspace/ROS/ros2/dev_ws/src/helloworld/src/listener.cpp:16:139:[m[K [01;31m[Kerror: [m[Kno match for ‘[01m[Koperator=[m[K’ (operand types are ‘[01m[Krclcpp::Subscription<pcl::PointCloud<pcl::PointXYZ> >::SharedPtr[m[K’ {aka ‘[01m[Kstd::shared_ptr<rclcpp::Subscription<pcl::PointCloud<pcl::PointXYZ> > >[m[K’} and ‘[01m[Kstd::shared_ptr<rclcpp::Subscription<std_msgs::msg::String_<std::allocator<void> > > >[m[K’)
[4.777s]    16 | = this->create_subscription<PointCloudT>("cloud", 10, std::bind(&Listener::callback,this,std::placeholders::_1)[01;31m[K)[m[K;
[4.777s]       |                                                                                                                [01;31m[K^[m[K
[4.777s] 
[4.777s] In file included from [01m[K/usr/include/c++/9/memory:81[m[K,
[4.777s]                  from [01m[K/opt/ros/foxy/include/rclcpp/rclcpp.hpp:144[m[K,
[4.777s]                  from [01m[K/home/marcus/Workspace/ROS/ros2/dev_ws/src/helloworld/src/listener.cpp:1[m[K:
[4.777s] [01m[K/usr/include/c++/9/bits/shared_ptr.h:309:19:[m[K [01;36m[Knote: [m[Kcandidate: ‘[01m[Kstd::shared_ptr<_Tp>& std::shared_ptr<_Tp>::operator=(const std::shared_ptr<_Tp>&) [with _Tp = rclcpp::Subscription<pcl::PointCloud<pcl::PointXYZ> >][m[K’
[4.777s]   309 |       shared_ptr& [01;36m[Koperator[m[K=(const shared_ptr&) noexcept = default;
[4.777s]       |                   [01;36m[K^~~~~~~~[m[K
[4.777s] [01m[K/usr/include/c++/9/bits/shared_ptr.h:309:29:[m[K [01;36m[Knote: [m[K  no known conversion for argument 1 from ‘[01m[Kstd::shared_ptr<rclcpp::Subscription<std_msgs::msg::String_<std::allocator<void> > > >[m[K’ to ‘[01m[Kconst std::shared_ptr<rclcpp::Subscription<pcl::PointCloud<pcl::PointXYZ> > >&[m[K’
[4.777s]   309 |       shared_ptr& operator=([01;36m[Kconst shared_ptr&[m[K) noexcept = default;
[4.777s]       |                             [01;36m[K^~~~~~~~~~~~~~~~~[m[K
[4.777s] [01m[K/usr/include/c++/9/bits/shared_ptr.h:313:2:[m[K [01;36m[Knote: [m[Kcandidate: ‘[01m[Ktemplate<class _Yp> std::shared_ptr<_Tp>::_Assignable<const std::shared_ptr<_Yp>&> std::shared_ptr<_Tp>::operator=(const std::shared_ptr<_Yp>&) [with _Yp = _Yp; _Tp = rclcpp::Subscription<pcl::PointCloud<pcl::PointXYZ> >][m[K’
[4.777s]   313 |  [01;36m[Koperator[m[K=(const shared_ptr<_Yp>& __r) noexcept
[4.777s]       |  [01;36m[K^~~~~~~~[m[K
[4.778s] [01m[K/usr/include/c++/9/bits/shared_ptr.h:313:2:[m[K [01;36m[Knote: [m[K  template argument deduction/substitution failed:
[4.778s] /usr/include/c++/9/bits/shared_ptr.h: In substitution of ‘[01m[Ktemplate<class _Tp> template<class _Arg> using _Assignable = typename std::enable_if<std::is_assignable<std::__shared_ptr<_Tp>&, _Arg>::value, std::shared_ptr<_Tp>&>::type [with _Arg = const std::shared_ptr<rclcpp::Subscription<std_msgs::msg::String_<std::allocator<void> > > >&; _Tp = rclcpp::Subscription<pcl::PointCloud<pcl::PointXYZ> >][m[K’:
[4.778s] [01m[K/usr/include/c++/9/bits/shared_ptr.h:313:2:[m[K   required by substitution of ‘[01m[Ktemplate<class _Yp> std::shared_ptr<rclcpp::Subscription<pcl::PointCloud<pcl::PointXYZ> > >::_Assignable<const std::shared_ptr<_Tp>&> std::shared_ptr<rclcpp::Subscription<pcl::PointCloud<pcl::PointXYZ> > >::operator=<_Yp>(const std::shared_ptr<_Tp>&) [with _Yp = rclcpp::Subscription<std_msgs::msg::String_<std::allocator<void> > >][m[K’
[4.778s] [01m[K/home/marcus/Workspace/ROS/ros2/dev_ws/src/helloworld/src/listener.cpp:16:139:[m[K   required from here
[4.778s] [01m[K/usr/include/c++/9/bits/shared_ptr.h:111:8:[m[K [01;31m[Kerror: [m[Kno type named ‘[01m[Ktype[m[K’ in ‘[01m[Kstruct std::enable_if<false, std::shared_ptr<rclcpp::Subscription<pcl::PointCloud<pcl::PointXYZ> > >&>[m[K’
[4.778s]   111 |  using [01;31m[K_Assignable[m[K = typename enable_if<
[4.778s]       |        [01;31m[K^~~~~~~~~~~[m[K
[4.778s] [01m[K/usr/include/c++/9/bits/shared_ptr.h:324:2:[m[K [01;36m[Knote: [m[Kcandidate: ‘[01m[Ktemplate<class _Yp> std::shared_ptr<_Tp>::_Assignable<std::auto_ptr<_Up> > std::shared_ptr<_Tp>::operator=(std::auto_ptr<_Up>&&) [with _Yp = _Yp; _Tp = rclcpp::Subscription<pcl::PointCloud<pcl::PointXYZ> >][m[K’
[4.778s]   324 |  [01;36m[Koperator[m[K=(auto_ptr<_Yp>&& __r)
[4.778s]       |  [01;36m[K^~~~~~~~[m[K
[4.778s] [01m[K/usr/include/c++/9/bits/shared_ptr.h:324:2:[m[K [01;36m[Knote: [m[K  template argument deduction/substitution failed:
[4.778s] [01m[K/home/marcus/Workspace/ROS/ros2/dev_ws/src/helloworld/src/listener.cpp:16:139:[m[K [01;36m[Knote: [m[K  ‘[01m[Kstd::shared_ptr<rclcpp::Subscription<std_msgs::msg::String_<std::allocator<void> > > >[m[K’ is not derived from ‘[01m[Kstd::auto_ptr<_Up>[m[K’
[4.778s]    16 | = this->create_subscription<PointCloudT>("cloud", 10, std::bind(&Listener::callback,this,std::placeholders::_1)[01;36m[K)[m[K;
[4.778s]       |                                                                                                                [01;36m[K^[m[K
[4.778s] 
[4.778s] In file included from [01m[K/usr/include/c++/9/memory:81[m[K,
[4.779s]                  from [01m[K/opt/ros/foxy/include/rclcpp/rclcpp.hpp:144[m[K,
[4.779s]                  from [01m[K/home/marcus/Workspace/ROS/ros2/dev_ws/src/helloworld/src/listener.cpp:1[m[K:
[4.779s] [01m[K/usr/include/c++/9/bits/shared_ptr.h:333:7:[m[K [01;36m[Knote: [m[Kcandidate: ‘[01m[Kstd::shared_ptr<_Tp>& std::shared_ptr<_Tp>::operator=(std::shared_ptr<_Tp>&&) [with _Tp = rclcpp::Subscription<pcl::PointCloud<pcl::PointXYZ> >][m[K’
[4.779s]   333 |       [01;36m[Koperator[m[K=(shared_ptr&& __r) noexcept
[4.779s]       |       [01;36m[K^~~~~~~~[m[K
[4.779s] [01m[K/usr/include/c++/9/bits/shared_ptr.h:333:30:[m[K [01;36m[Knote: [m[K  no known conversion for argument 1 from ‘[01m[Kstd::shared_ptr<rclcpp::Subscription<std_msgs::msg::String_<std::allocator<void> > > >[m[K’ to ‘[01m[Kstd::shared_ptr<rclcpp::Subscription<pcl::PointCloud<pcl::PointXYZ> > >&&[m[K’
[4.779s]   333 |       operator=([01;36m[Kshared_ptr&& __r[m[K) noexcept
[4.779s]       |                 [01;36m[K~~~~~~~~~~~~~^~~[m[K
[4.779s] [01m[K/usr/include/c++/9/bits/shared_ptr.h:341:2:[m[K [01;36m[Knote: [m[Kcandidate: ‘[01m[Ktemplate<class _Yp> std::shared_ptr<_Tp>::_Assignable<std::shared_ptr<_Yp> > std::shared_ptr<_Tp>::operator=(std::shared_ptr<_Yp>&&) [with _Yp = _Yp; _Tp = rclcpp::Subscription<pcl::PointCloud<pcl::PointXYZ> >][m[K’
[4.779s]   341 |  [01;36m[Koperator[m[K=(shared_ptr<_Yp>&& __r) noexcept
[4.779s]       |  [01;36m[K^~~~~~~~[m[K
[4.779s] [01m[K/usr/include/c++/9/bits/shared_ptr.h:341:2:[m[K [01;36m[Knote: [m[K  template argument deduction/substitution failed:
[4.779s] /usr/include/c++/9/bits/shared_ptr.h: In substitution of ‘[01m[Ktemplate<class _Tp> template<class _Arg> using _Assignable = typename std::enable_if<std::is_assignable<std::__shared_ptr<_Tp>&, _Arg>::value, std::shared_ptr<_Tp>&>::type [with _Arg = std::shared_ptr<rclcpp::Subscription<std_msgs::msg::String_<std::allocator<void> > > >; _Tp = rclcpp::Subscription<pcl::PointCloud<pcl::PointXYZ> >][m[K’:
[4.779s] [01m[K/usr/include/c++/9/bits/shared_ptr.h:341:2:[m[K   required by substitution of ‘[01m[Ktemplate<class _Yp> std::shared_ptr<rclcpp::Subscription<pcl::PointCloud<pcl::PointXYZ> > >::_Assignable<std::shared_ptr<_Tp> > std::shared_ptr<rclcpp::Subscription<pcl::PointCloud<pcl::PointXYZ> > >::operator=<_Yp>(std::shared_ptr<_Tp>&&) [with _Yp = rclcpp::Subscription<std_msgs::msg::String_<std::allocator<void> > >][m[K’
[4.779s] [01m[K/home/marcus/Workspace/ROS/ros2/dev_ws/src/helloworld/src/listener.cpp:16:139:[m[K   required from here
[4.779s] [01m[K/usr/include/c++/9/bits/shared_ptr.h:111:8:[m[K [01;31m[Kerror: [m[Kno type named ‘[01m[Ktype[m[K’ in ‘[01m[Kstruct std::enable_if<false, std::shared_ptr<rclcpp::Subscription<pcl::PointCloud<pcl::PointXYZ> > >&>[m[K’
[4.780s]   111 |  using [01;31m[K_Assignable[m[K = typename enable_if<
[4.780s]       |        [01;31m[K^~~~~~~~~~~[m[K
[4.780s] [01m[K/usr/include/c++/9/bits/shared_ptr.h:349:2:[m[K [01;36m[Knote: [m[Kcandidate: ‘[01m[Ktemplate<class _Yp, class _Del> std::shared_ptr<_Tp>::_Assignable<std::unique_ptr<_Up, _Ep> > std::shared_ptr<_Tp>::operator=(std::unique_ptr<_Up, _Ep>&&) [with _Yp = _Yp; _Del = _Del; _Tp = rclcpp::Subscription<pcl::PointCloud<pcl::PointXYZ> >][m[K’
[4.780s]   349 |  [01;36m[Koperator[m[K=(unique_ptr<_Yp, _Del>&& __r)
[4.780s]       |  [01;36m[K^~~~~~~~[m[K
[4.780s] [01m[K/usr/include/c++/9/bits/shared_ptr.h:349:2:[m[K [01;36m[Knote: [m[K  template argument deduction/substitution failed:
[4.780s] [01m[K/home/marcus/Workspace/ROS/ros2/dev_ws/src/helloworld/src/listener.cpp:16:139:[m[K [01;36m[Knote: [m[K  ‘[01m[Kstd::shared_ptr<rclcpp::Subscription<std_msgs::msg::String_<std::allocator<void> > > >[m[K’ is not derived from ‘[01m[Kstd::unique_ptr<_Tp, _Dp>[m[K’
[4.780s]    16 | = this->create_subscription<PointCloudT>("cloud", 10, std::bind(&Listener::callback,this,std::placeholders::_1)[01;36m[K)[m[K;
[4.780s]       |                                                                                                                [01;36m[K^[m[K
[4.780s] 
[4.780s] [01m[K/home/marcus/Workspace/ROS/ros2/dev_ws/src/helloworld/src/listener.cpp:[m[K In member function ‘[01m[Kvoid Listener::callback_cloud(pcl::PointCloud<pcl::PointXYZ>::Ptr)[m[K’:
[4.780s] [01m[K/home/marcus/Workspace/ROS/ros2/dev_ws/src/helloworld/src/listener.cpp:25:48:[m[K [01;35m[Kwarning: [m[Kunused parameter ‘[01m[Kmsg[m[K’ [[01;35m[K-Wunused-parameter[m[K]
[4.780s]    25 |     void callback_cloud([01;35m[Kconst PointCloudT::Ptr msg[m[K){
[4.780s]       |                         [01;35m[K~~~~~~~~~~~~~~~~~~~~~~~^~~[m[K
[6.538s] make[2]: *** [CMakeFiles/listener.dir/build.make:63: CMakeFiles/listener.dir/src/listener.cpp.o] Error 1
[6.538s] make[1]: *** [CMakeFiles/Makefile2:80: CMakeFiles/listener.dir/all] Error 2
[6.538s] make: *** [Makefile:141: all] Error 2
[6.543s] Invoked command in '/home/marcus/Workspace/ROS/ros2/dev_ws/build/helloworld' returned '2': CMAKE_PREFIX_PATH=/opt/ros/foxy /usr/bin/cmake --build /home/marcus/Workspace/ROS/ros2/dev_ws/build/helloworld -- -j8 -l8
