[0.154s] DEBUG:colcon:Command line arguments: ['/usr/bin/colcon', 'build']
[0.154s] DEBUG:colcon:Parsed command line arguments: Namespace(allow_overriding=[], ament_cmake_args=None, base_paths=['.'], build_base='build', catkin_cmake_args=None, catkin_skip_building_tests=False, cmake_args=None, cmake_clean_cache=False, cmake_clean_first=False, cmake_force_configure=False, cmake_target=None, cmake_target_skip_unavailable=False, continue_on_error=False, event_handlers=None, executor='parallel', ignore_user_meta=False, install_base='install', log_base=None, log_level=None, main=<bound method BuildVerb.main of <colcon_core.verb.build.BuildVerb object at 0x7fa45dfe3190>>, merge_install=False, metas=['./colcon.meta'], packages_above=None, packages_above_and_dependencies=None, packages_above_depth=None, packages_end=None, packages_ignore=None, packages_ignore_regex=None, packages_select=None, packages_select_build_failed=False, packages_select_by_dep=None, packages_select_regex=None, packages_select_test_failures=False, packages_skip=None, packages_skip_build_finished=False, packages_skip_by_dep=None, packages_skip_regex=None, packages_skip_test_passed=False, packages_skip_up_to=None, packages_start=None, packages_up_to=None, packages_up_to_regex=None, parallel_workers=8, paths=None, symlink_install=False, test_result_base=None, verb_extension=<colcon_core.verb.build.BuildVerb object at 0x7fa45dfe3190>, verb_name='build', verb_parser=<colcon_defaults.argument_parser.defaults.DefaultArgumentsDecorator object at 0x7fa45dfe36d0>)
[0.159s] Level 1:colcon.colcon_core.package_discovery:discover_packages(colcon_meta) check parameters
[0.159s] Level 1:colcon.colcon_core.package_discovery:discover_packages(recursive) check parameters
[0.159s] Level 1:colcon.colcon_core.package_discovery:discover_packages(ignore) check parameters
[0.159s] Level 1:colcon.colcon_core.package_discovery:discover_packages(path) check parameters
[0.159s] Level 1:colcon.colcon_core.package_discovery:discover_packages(colcon_meta) discover
[0.159s] Level 1:colcon.colcon_core.package_discovery:discover_packages(recursive) discover
[0.159s] INFO:colcon.colcon_core.package_discovery:Crawling recursively for packages in '/home/marcus/Workspace/ROS/ros2/dev_ws'
[0.159s] Level 1:colcon.colcon_core.package_identification:_identify(.) by extensions ['ignore', 'ignore_ament_install']
[0.159s] Level 1:colcon.colcon_core.package_identification:_identify(.) by extension 'ignore'
[0.159s] Level 1:colcon.colcon_core.package_identification:_identify(.) by extension 'ignore_ament_install'
[0.160s] Level 1:colcon.colcon_core.package_identification:_identify(.) by extensions ['colcon_pkg']
[0.160s] Level 1:colcon.colcon_core.package_identification:_identify(.) by extension 'colcon_pkg'
[0.160s] Level 1:colcon.colcon_core.package_identification:_identify(.) by extensions ['colcon_meta']
[0.160s] Level 1:colcon.colcon_core.package_identification:_identify(.) by extension 'colcon_meta'
[0.160s] Level 1:colcon.colcon_core.package_identification:_identify(.) by extensions ['ros']
[0.160s] Level 1:colcon.colcon_core.package_identification:_identify(.) by extension 'ros'
[0.172s] Level 1:colcon.colcon_core.package_identification:_identify(.) by extensions ['cmake', 'python']
[0.172s] Level 1:colcon.colcon_core.package_identification:_identify(.) by extension 'cmake'
[0.172s] Level 1:colcon.colcon_core.package_identification:_identify(.) by extension 'python'
[0.173s] Level 1:colcon.colcon_core.package_identification:_identify(.) by extensions ['python_setup_py']
[0.173s] Level 1:colcon.colcon_core.package_identification:_identify(.) by extension 'python_setup_py'
[0.173s] Level 1:colcon.colcon_core.package_identification:_identify(build) by extensions ['ignore', 'ignore_ament_install']
[0.173s] Level 1:colcon.colcon_core.package_identification:_identify(build) by extension 'ignore'
[0.173s] Level 1:colcon.colcon_core.package_identification:_identify(build) ignored
[0.173s] Level 1:colcon.colcon_core.package_identification:_identify(install) by extensions ['ignore', 'ignore_ament_install']
[0.173s] Level 1:colcon.colcon_core.package_identification:_identify(install) by extension 'ignore'
[0.173s] Level 1:colcon.colcon_core.package_identification:_identify(install) ignored
[0.173s] Level 1:colcon.colcon_core.package_identification:_identify(log) by extensions ['ignore', 'ignore_ament_install']
[0.173s] Level 1:colcon.colcon_core.package_identification:_identify(log) by extension 'ignore'
[0.173s] Level 1:colcon.colcon_core.package_identification:_identify(log) ignored
[0.173s] Level 1:colcon.colcon_core.package_identification:_identify(src) by extensions ['ignore', 'ignore_ament_install']
[0.174s] Level 1:colcon.colcon_core.package_identification:_identify(src) by extension 'ignore'
[0.174s] Level 1:colcon.colcon_core.package_identification:_identify(src) by extension 'ignore_ament_install'
[0.174s] Level 1:colcon.colcon_core.package_identification:_identify(src) by extensions ['colcon_pkg']
[0.174s] Level 1:colcon.colcon_core.package_identification:_identify(src) by extension 'colcon_pkg'
[0.174s] Level 1:colcon.colcon_core.package_identification:_identify(src) by extensions ['colcon_meta']
[0.174s] Level 1:colcon.colcon_core.package_identification:_identify(src) by extension 'colcon_meta'
[0.174s] Level 1:colcon.colcon_core.package_identification:_identify(src) by extensions ['ros']
[0.174s] Level 1:colcon.colcon_core.package_identification:_identify(src) by extension 'ros'
[0.174s] Level 1:colcon.colcon_core.package_identification:_identify(src) by extensions ['cmake', 'python']
[0.174s] Level 1:colcon.colcon_core.package_identification:_identify(src) by extension 'cmake'
[0.174s] Level 1:colcon.colcon_core.package_identification:_identify(src) by extension 'python'
[0.174s] Level 1:colcon.colcon_core.package_identification:_identify(src) by extensions ['python_setup_py']
[0.174s] Level 1:colcon.colcon_core.package_identification:_identify(src) by extension 'python_setup_py'
[0.174s] Level 1:colcon.colcon_core.package_identification:_identify(src/helloworld) by extensions ['ignore', 'ignore_ament_install']
[0.174s] Level 1:colcon.colcon_core.package_identification:_identify(src/helloworld) by extension 'ignore'
[0.174s] Level 1:colcon.colcon_core.package_identification:_identify(src/helloworld) by extension 'ignore_ament_install'
[0.174s] Level 1:colcon.colcon_core.package_identification:_identify(src/helloworld) by extensions ['colcon_pkg']
[0.174s] Level 1:colcon.colcon_core.package_identification:_identify(src/helloworld) by extension 'colcon_pkg'
[0.174s] Level 1:colcon.colcon_core.package_identification:_identify(src/helloworld) by extensions ['colcon_meta']
[0.174s] Level 1:colcon.colcon_core.package_identification:_identify(src/helloworld) by extension 'colcon_meta'
[0.174s] Level 1:colcon.colcon_core.package_identification:_identify(src/helloworld) by extensions ['ros']
[0.175s] Level 1:colcon.colcon_core.package_identification:_identify(src/helloworld) by extension 'ros'
[0.177s] DEBUG:colcon.colcon_core.package_identification:Package 'src/helloworld' with type 'ros.ament_cmake' and name 'helloworld'
[0.177s] Level 1:colcon.colcon_core.package_discovery:discover_packages(recursive) using defaults
[0.177s] Level 1:colcon.colcon_core.package_discovery:discover_packages(ignore) discover
[0.177s] Level 1:colcon.colcon_core.package_discovery:discover_packages(ignore) using defaults
[0.177s] Level 1:colcon.colcon_core.package_discovery:discover_packages(path) discover
[0.177s] Level 1:colcon.colcon_core.package_discovery:discover_packages(path) using defaults
[0.198s] Level 5:colcon.colcon_core.verb:set package 'helloworld' build argument 'cmake_args' from command line to 'None'
[0.198s] Level 5:colcon.colcon_core.verb:set package 'helloworld' build argument 'cmake_target' from command line to 'None'
[0.198s] Level 5:colcon.colcon_core.verb:set package 'helloworld' build argument 'cmake_target_skip_unavailable' from command line to 'False'
[0.198s] Level 5:colcon.colcon_core.verb:set package 'helloworld' build argument 'cmake_clean_cache' from command line to 'False'
[0.198s] Level 5:colcon.colcon_core.verb:set package 'helloworld' build argument 'cmake_clean_first' from command line to 'False'
[0.198s] Level 5:colcon.colcon_core.verb:set package 'helloworld' build argument 'cmake_force_configure' from command line to 'False'
[0.198s] Level 5:colcon.colcon_core.verb:set package 'helloworld' build argument 'ament_cmake_args' from command line to 'None'
[0.198s] Level 5:colcon.colcon_core.verb:set package 'helloworld' build argument 'catkin_cmake_args' from command line to 'None'
[0.198s] Level 5:colcon.colcon_core.verb:set package 'helloworld' build argument 'catkin_skip_building_tests' from command line to 'False'
[0.198s] DEBUG:colcon.colcon_core.verb:Building package 'helloworld' with the following arguments: {'ament_cmake_args': None, 'build_base': '/home/marcus/Workspace/ROS/ros2/dev_ws/build/helloworld', 'catkin_cmake_args': None, 'catkin_skip_building_tests': False, 'cmake_args': None, 'cmake_clean_cache': False, 'cmake_clean_first': False, 'cmake_force_configure': False, 'cmake_target': None, 'cmake_target_skip_unavailable': False, 'install_base': '/home/marcus/Workspace/ROS/ros2/dev_ws/install/helloworld', 'merge_install': False, 'path': '/home/marcus/Workspace/ROS/ros2/dev_ws/src/helloworld', 'symlink_install': False, 'test_result_base': None}
[0.201s] INFO:colcon.colcon_core.executor:Executing jobs using 'parallel' executor
[0.203s] DEBUG:colcon.colcon_parallel_executor.executor.parallel:run_until_complete
[0.203s] INFO:colcon.colcon_ros.task.ament_cmake.build:Building ROS package in '/home/marcus/Workspace/ROS/ros2/dev_ws/src/helloworld' with build type 'ament_cmake'
[0.203s] INFO:colcon.colcon_cmake.task.cmake.build:Building CMake package in '/home/marcus/Workspace/ROS/ros2/dev_ws/src/helloworld'
[0.207s] INFO:colcon.colcon_core.plugin_system:Skipping extension 'colcon_core.shell.bat': Not used on non-Windows systems
[0.207s] INFO:colcon.colcon_core.shell:Skip shell extension 'powershell' for command environment: Not usable outside of PowerShell
[0.207s] DEBUG:colcon.colcon_core.shell:Skip shell extension 'dsv' for command environment
[0.218s] DEBUG:colcon.colcon_core.event_handler.log_command:Invoking command in '/home/marcus/Workspace/ROS/ros2/dev_ws/build/helloworld': CMAKE_PREFIX_PATH=/opt/ros/foxy /usr/bin/cmake --build /home/marcus/Workspace/ROS/ros2/dev_ws/build/helloworld -- -j8 -l8
[5.437s] DEBUG:colcon.colcon_core.event_handler.log_command:Invoked command in '/home/marcus/Workspace/ROS/ros2/dev_ws/build/helloworld' returned '0': CMAKE_PREFIX_PATH=/opt/ros/foxy /usr/bin/cmake --build /home/marcus/Workspace/ROS/ros2/dev_ws/build/helloworld -- -j8 -l8
[5.472s] DEBUG:colcon.colcon_core.event_handler.log_command:Invoking command in '/home/marcus/Workspace/ROS/ros2/dev_ws/build/helloworld': CMAKE_PREFIX_PATH=/opt/ros/foxy /usr/bin/cmake --install /home/marcus/Workspace/ROS/ros2/dev_ws/build/helloworld
[5.484s] Level 1:colcon.colcon_core.environment:create_environment_scripts_only(helloworld)
[5.485s] DEBUG:colcon.colcon_core.event_handler.log_command:Invoked command in '/home/marcus/Workspace/ROS/ros2/dev_ws/build/helloworld' returned '0': CMAKE_PREFIX_PATH=/opt/ros/foxy /usr/bin/cmake --install /home/marcus/Workspace/ROS/ros2/dev_ws/build/helloworld
[5.488s] Level 1:colcon.colcon_core.environment:checking '/home/marcus/Workspace/ROS/ros2/dev_ws/install/helloworld' for CMake module files
[5.489s] Level 1:colcon.colcon_core.environment:checking '/home/marcus/Workspace/ROS/ros2/dev_ws/install/helloworld' for CMake config files
[5.489s] Level 1:colcon.colcon_core.shell:create_environment_hook('helloworld', 'cmake_prefix_path')
[5.489s] INFO:colcon.colcon_core.shell:Creating environment hook '/home/marcus/Workspace/ROS/ros2/dev_ws/install/helloworld/share/helloworld/hook/cmake_prefix_path.ps1'
[5.490s] INFO:colcon.colcon_core.shell:Creating environment descriptor '/home/marcus/Workspace/ROS/ros2/dev_ws/install/helloworld/share/helloworld/hook/cmake_prefix_path.dsv'
[5.490s] INFO:colcon.colcon_core.shell:Creating environment hook '/home/marcus/Workspace/ROS/ros2/dev_ws/install/helloworld/share/helloworld/hook/cmake_prefix_path.sh'
[5.491s] Level 1:colcon.colcon_core.environment:checking '/home/marcus/Workspace/ROS/ros2/dev_ws/install/helloworld/lib'
[5.492s] Level 1:colcon.colcon_core.environment:checking '/home/marcus/Workspace/ROS/ros2/dev_ws/install/helloworld/bin'
[5.492s] Level 1:colcon.colcon_core.environment:checking '/home/marcus/Workspace/ROS/ros2/dev_ws/install/helloworld/lib/pkgconfig/helloworld.pc'
[5.492s] Level 1:colcon.colcon_core.environment:checking '/home/marcus/Workspace/ROS/ros2/dev_ws/install/helloworld/lib/python3.8/site-packages'
[5.492s] INFO:colcon.colcon_core.shell:Creating package script '/home/marcus/Workspace/ROS/ros2/dev_ws/install/helloworld/share/helloworld/package.ps1'
[5.493s] INFO:colcon.colcon_core.shell:Creating package descriptor '/home/marcus/Workspace/ROS/ros2/dev_ws/install/helloworld/share/helloworld/package.dsv'
[5.493s] INFO:colcon.colcon_core.shell:Creating package script '/home/marcus/Workspace/ROS/ros2/dev_ws/install/helloworld/share/helloworld/package.sh'
[5.494s] INFO:colcon.colcon_core.shell:Creating package script '/home/marcus/Workspace/ROS/ros2/dev_ws/install/helloworld/share/helloworld/package.bash'
[5.495s] INFO:colcon.colcon_core.shell:Creating package script '/home/marcus/Workspace/ROS/ros2/dev_ws/install/helloworld/share/helloworld/package.zsh'
[5.495s] Level 1:colcon.colcon_core.environment:create_file_with_runtime_dependencies(/home/marcus/Workspace/ROS/ros2/dev_ws/install/helloworld/share/colcon-core/packages/helloworld)
[5.518s] Level 1:colcon.colcon_core.environment:create_environment_scripts_only(helloworld)
[5.519s] Level 1:colcon.colcon_core.environment:checking '/home/marcus/Workspace/ROS/ros2/dev_ws/install/helloworld' for CMake module files
[5.520s] Level 1:colcon.colcon_core.environment:checking '/home/marcus/Workspace/ROS/ros2/dev_ws/install/helloworld' for CMake config files
[5.520s] Level 1:colcon.colcon_core.shell:create_environment_hook('helloworld', 'cmake_prefix_path')
[5.521s] INFO:colcon.colcon_core.shell:Creating environment hook '/home/marcus/Workspace/ROS/ros2/dev_ws/install/helloworld/share/helloworld/hook/cmake_prefix_path.ps1'
[5.521s] INFO:colcon.colcon_core.shell:Creating environment descriptor '/home/marcus/Workspace/ROS/ros2/dev_ws/install/helloworld/share/helloworld/hook/cmake_prefix_path.dsv'
[5.521s] INFO:colcon.colcon_core.shell:Creating environment hook '/home/marcus/Workspace/ROS/ros2/dev_ws/install/helloworld/share/helloworld/hook/cmake_prefix_path.sh'
[5.522s] Level 1:colcon.colcon_core.environment:checking '/home/marcus/Workspace/ROS/ros2/dev_ws/install/helloworld/lib'
[5.522s] Level 1:colcon.colcon_core.environment:checking '/home/marcus/Workspace/ROS/ros2/dev_ws/install/helloworld/bin'
[5.522s] Level 1:colcon.colcon_core.environment:checking '/home/marcus/Workspace/ROS/ros2/dev_ws/install/helloworld/lib/pkgconfig/helloworld.pc'
[5.522s] Level 1:colcon.colcon_core.environment:checking '/home/marcus/Workspace/ROS/ros2/dev_ws/install/helloworld/lib/python3.8/site-packages'
[5.523s] INFO:colcon.colcon_core.shell:Creating package script '/home/marcus/Workspace/ROS/ros2/dev_ws/install/helloworld/share/helloworld/package.ps1'
[5.523s] INFO:colcon.colcon_core.shell:Creating package descriptor '/home/marcus/Workspace/ROS/ros2/dev_ws/install/helloworld/share/helloworld/package.dsv'
[5.524s] INFO:colcon.colcon_core.shell:Creating package script '/home/marcus/Workspace/ROS/ros2/dev_ws/install/helloworld/share/helloworld/package.sh'
[5.524s] INFO:colcon.colcon_core.shell:Creating package script '/home/marcus/Workspace/ROS/ros2/dev_ws/install/helloworld/share/helloworld/package.bash'
[5.525s] INFO:colcon.colcon_core.shell:Creating package script '/home/marcus/Workspace/ROS/ros2/dev_ws/install/helloworld/share/helloworld/package.zsh'
[5.525s] Level 1:colcon.colcon_core.environment:create_file_with_runtime_dependencies(/home/marcus/Workspace/ROS/ros2/dev_ws/install/helloworld/share/colcon-core/packages/helloworld)
[5.525s] DEBUG:colcon.colcon_parallel_executor.executor.parallel:closing loop
[5.526s] DEBUG:colcon.colcon_parallel_executor.executor.parallel:loop closed
[5.526s] DEBUG:colcon.colcon_parallel_executor.executor.parallel:run_until_complete finished with '0'
[5.526s] DEBUG:colcon.colcon_core.event_reactor:joining thread
[5.532s] INFO:colcon.colcon_core.plugin_system:Skipping extension 'colcon_notification.desktop_notification.terminal_notifier': Not used on non-Darwin systems
[5.532s] INFO:colcon.colcon_core.plugin_system:Skipping extension 'colcon_notification.desktop_notification.win32': Not used on non-Windows systems
[5.532s] INFO:colcon.colcon_notification.desktop_notification:Sending desktop notification using 'notify2'
[5.548s] DEBUG:colcon.colcon_core.event_reactor:joined thread
[5.548s] INFO:colcon.colcon_core.shell:Creating prefix script '/home/marcus/Workspace/ROS/ros2/dev_ws/install/local_setup.ps1'
[5.549s] INFO:colcon.colcon_core.shell:Creating prefix util module '/home/marcus/Workspace/ROS/ros2/dev_ws/install/_local_setup_util_ps1.py'
[5.551s] INFO:colcon.colcon_core.shell:Creating prefix chain script '/home/marcus/Workspace/ROS/ros2/dev_ws/install/setup.ps1'
[5.552s] INFO:colcon.colcon_core.shell:Creating prefix script '/home/marcus/Workspace/ROS/ros2/dev_ws/install/local_setup.sh'
[5.553s] INFO:colcon.colcon_core.shell:Creating prefix util module '/home/marcus/Workspace/ROS/ros2/dev_ws/install/_local_setup_util_sh.py'
[5.553s] INFO:colcon.colcon_core.shell:Creating prefix chain script '/home/marcus/Workspace/ROS/ros2/dev_ws/install/setup.sh'
[5.554s] INFO:colcon.colcon_core.shell:Creating prefix script '/home/marcus/Workspace/ROS/ros2/dev_ws/install/local_setup.bash'
[5.555s] INFO:colcon.colcon_core.shell:Creating prefix chain script '/home/marcus/Workspace/ROS/ros2/dev_ws/install/setup.bash'
[5.556s] INFO:colcon.colcon_core.shell:Creating prefix script '/home/marcus/Workspace/ROS/ros2/dev_ws/install/local_setup.zsh'
[5.556s] INFO:colcon.colcon_core.shell:Creating prefix chain script '/home/marcus/Workspace/ROS/ros2/dev_ws/install/setup.zsh'
