[0.012s] Invoking command in '/home/marcus/Workspace/ROS/ros2/dev_ws/build/helloworld': CMAKE_PREFIX_PATH=/opt/ros/foxy /usr/bin/cmake --build /home/marcus/Workspace/ROS/ros2/dev_ws/build/helloworld -- -j8 -l8
[0.040s] -- Found ament_cmake: 0.9.9 (/opt/ros/foxy/share/ament_cmake/cmake)
[0.061s] -- Using PYTHON_EXECUTABLE: /usr/bin/python3
[0.234s] -- Found rclcpp: 2.4.1 (/opt/ros/foxy/share/rclcpp/cmake)
[0.267s] -- Using all available rosidl_typesupport_c: rosidl_typesupport_fastrtps_c;rosidl_typesupport_introspection_c
[0.271s] -- Found rosidl_adapter: 1.2.1 (/opt/ros/foxy/share/rosidl_adapter/cmake)
[0.387s] -- Using all available rosidl_typesupport_cpp: rosidl_typesupport_fastrtps_cpp;rosidl_typesupport_introspection_cpp
[0.437s] -- Found rmw_implementation_cmake: 1.0.3 (/opt/ros/foxy/share/rmw_implementation_cmake/cmake)
[0.438s] -- Using RMW implementation 'rmw_fastrtps_cpp' as default
[0.590s] -- Eigen found (include: /usr/include/eigen3, version: 3.3.7)
[0.675s] -- The imported target "vtkParseOGLExt" references the file
[0.675s]    "/usr/bin/vtkParseOGLExt-7.1"
[0.675s] but this file does not exist.  Possible reasons include:
[0.676s] * The file was deleted, renamed, or moved to another location.
[0.676s] * An install or uninstall procedure did not complete successfully.
[0.676s] * The installation package was faulty and contained
[0.676s]    "/usr/lib/cmake/vtk-7.1/VTKTargets.cmake"
[0.676s] but not all the files it references.
[0.676s] 
[0.676s] -- The imported target "vtkRenderingPythonTkWidgets" references the file
[0.677s]    "/usr/lib/x86_64-linux-gnu/libvtkRenderingPythonTkWidgets.so"
[0.677s] but this file does not exist.  Possible reasons include:
[0.677s] * The file was deleted, renamed, or moved to another location.
[0.677s] * An install or uninstall procedure did not complete successfully.
[0.677s] * The installation package was faulty and contained
[0.677s]    "/usr/lib/cmake/vtk-7.1/VTKTargets.cmake"
[0.677s] but not all the files it references.
[0.677s] 
[0.677s] -- The imported target "vtk" references the file
[0.678s]    "/usr/bin/vtk"
[0.678s] but this file does not exist.  Possible reasons include:
[0.678s] * The file was deleted, renamed, or moved to another location.
[0.678s] * An install or uninstall procedure did not complete successfully.
[0.678s] * The installation package was faulty and contained
[0.678s]    "/usr/lib/cmake/vtk-7.1/VTKTargets.cmake"
[0.678s] but not all the files it references.
[0.678s] 
[0.678s] -- The imported target "pvtk" references the file
[0.679s]    "/usr/bin/pvtk"
[0.679s] but this file does not exist.  Possible reasons include:
[0.679s] * The file was deleted, renamed, or moved to another location.
[0.679s] * An install or uninstall procedure did not complete successfully.
[0.679s] * The installation package was faulty and contained
[0.679s]    "/usr/lib/cmake/vtk-7.1/VTKTargets.cmake"
[0.679s] but not all the files it references.
[0.679s] 
[0.698s] -- OpenNI found (include: /usr/include/ni, lib: /usr/lib/libOpenNI.so)
[0.703s] -- OpenNI2 found (include: /usr/include/openni2, lib: /usr/lib/libOpenNI2.so)
[0.704s] ** WARNING ** io features related to pcap will be disabled
[0.704s] ** WARNING ** io features related to png will be disabled
[0.716s] ** WARNING ** io features related to libusb-1.0 will be disabled
[0.722s] -- OpenNI found (include: /usr/include/ni, lib: /usr/lib/libOpenNI.so)
[0.728s] -- OpenNI2 found (include: /usr/include/openni2, lib: /usr/lib/libOpenNI2.so)
[0.740s] -- QHULL found (include: /usr/include, lib: optimized;/usr/lib/x86_64-linux-gnu/libqhull.so;debug;/usr/lib/x86_64-linux-gnu/libqhull.so)
[0.746s] -- OpenNI found (include: /usr/include/ni, lib: /usr/lib/libOpenNI.so)
[0.758s] -- looking for PCL_COMMON
[0.758s] -- looking for PCL_KDTREE
[0.759s] -- looking for PCL_OCTREE
[0.759s] -- looking for PCL_SEARCH
[0.760s] -- looking for PCL_SAMPLE_CONSENSUS
[0.761s] -- looking for PCL_FILTERS
[0.761s] -- looking for PCL_2D
[0.762s] -- looking for PCL_GEOMETRY
[0.762s] -- looking for PCL_IO
[0.763s] -- looking for PCL_FEATURES
[0.763s] -- looking for PCL_ML
[0.764s] -- looking for PCL_SEGMENTATION
[0.765s] -- looking for PCL_VISUALIZATION
[0.765s] -- looking for PCL_SURFACE
[0.766s] -- looking for PCL_REGISTRATION
[0.767s] -- looking for PCL_KEYPOINTS
[0.767s] -- looking for PCL_TRACKING
[0.768s] -- looking for PCL_RECOGNITION
[0.769s] -- looking for PCL_STEREO
[0.769s] -- looking for PCL_APPS
[0.770s] -- looking for PCL_IN_HAND_SCANNER
[0.771s] -- looking for PCL_POINT_CLOUD_EDITOR
[0.771s] -- looking for PCL_OUTOFCORE
[0.772s] -- looking for PCL_PEOPLE
[0.779s] -- Found ament_lint_auto: 0.9.6 (/opt/ros/foxy/share/ament_lint_auto/cmake)
[0.836s] -- Added test 'copyright' to check source files copyright and LICENSE
[0.837s] -- Added test 'cppcheck' to perform static code analysis on C / C++ code
[0.838s] -- Configured cppcheck include dirs: /home/marcus/Workspace/ROS/ros2/dev_ws/src/helloworld/include
[0.838s] -- Configured cppcheck exclude dirs and/or files: 
[0.838s] -- Added test 'cpplint' to check C / C++ code against the Google style
[0.839s] -- Configured cpplint exclude dirs and/or files: 
[0.839s] -- Added test 'lint_cmake' to check CMake code style
[0.840s] -- Added test 'uncrustify' to check C / C++ code style
[0.840s] -- Configured uncrustify additional arguments: 
[0.840s] -- Added test 'xmllint' to check XML markup files
[0.843s] -- Configuring done
[0.852s] -- Generating done
[0.853s] -- Build files have been written to: /home/marcus/Workspace/ROS/ros2/dev_ws/build/helloworld
[0.894s] [100%] Built target talker
[0.904s] Invoked command in '/home/marcus/Workspace/ROS/ros2/dev_ws/build/helloworld' returned '0': CMAKE_PREFIX_PATH=/opt/ros/foxy /usr/bin/cmake --build /home/marcus/Workspace/ROS/ros2/dev_ws/build/helloworld -- -j8 -l8
[0.936s] Invoking command in '/home/marcus/Workspace/ROS/ros2/dev_ws/build/helloworld': CMAKE_PREFIX_PATH=/opt/ros/foxy /usr/bin/cmake --install /home/marcus/Workspace/ROS/ros2/dev_ws/build/helloworld
[0.944s] -- Install configuration: ""
[0.944s] -- Up-to-date: /home/marcus/Workspace/ROS/ros2/dev_ws/install/helloworld/lib/helloworld/talker
[0.944s] -- Up-to-date: /home/marcus/Workspace/ROS/ros2/dev_ws/install/helloworld/share/ament_index/resource_index/package_run_dependencies/helloworld
[0.944s] -- Up-to-date: /home/marcus/Workspace/ROS/ros2/dev_ws/install/helloworld/share/ament_index/resource_index/parent_prefix_path/helloworld
[0.944s] -- Up-to-date: /home/marcus/Workspace/ROS/ros2/dev_ws/install/helloworld/share/helloworld/environment/ament_prefix_path.sh
[0.945s] -- Installing: /home/marcus/Workspace/ROS/ros2/dev_ws/install/helloworld/share/helloworld/environment/ament_prefix_path.dsv
[0.945s] -- Up-to-date: /home/marcus/Workspace/ROS/ros2/dev_ws/install/helloworld/share/helloworld/environment/path.sh
[0.945s] -- Installing: /home/marcus/Workspace/ROS/ros2/dev_ws/install/helloworld/share/helloworld/environment/path.dsv
[0.945s] -- Up-to-date: /home/marcus/Workspace/ROS/ros2/dev_ws/install/helloworld/share/helloworld/local_setup.bash
[0.945s] -- Up-to-date: /home/marcus/Workspace/ROS/ros2/dev_ws/install/helloworld/share/helloworld/local_setup.sh
[0.945s] -- Up-to-date: /home/marcus/Workspace/ROS/ros2/dev_ws/install/helloworld/share/helloworld/local_setup.zsh
[0.945s] -- Installing: /home/marcus/Workspace/ROS/ros2/dev_ws/install/helloworld/share/helloworld/local_setup.dsv
[0.945s] -- Installing: /home/marcus/Workspace/ROS/ros2/dev_ws/install/helloworld/share/helloworld/package.dsv
[0.945s] -- Up-to-date: /home/marcus/Workspace/ROS/ros2/dev_ws/install/helloworld/share/ament_index/resource_index/packages/helloworld
[0.945s] -- Up-to-date: /home/marcus/Workspace/ROS/ros2/dev_ws/install/helloworld/share/helloworld/cmake/helloworldConfig.cmake
[0.945s] -- Up-to-date: /home/marcus/Workspace/ROS/ros2/dev_ws/install/helloworld/share/helloworld/cmake/helloworldConfig-version.cmake
[0.945s] -- Up-to-date: /home/marcus/Workspace/ROS/ros2/dev_ws/install/helloworld/share/helloworld/package.xml
[0.947s] Invoked command in '/home/marcus/Workspace/ROS/ros2/dev_ws/build/helloworld' returned '0': CMAKE_PREFIX_PATH=/opt/ros/foxy /usr/bin/cmake --install /home/marcus/Workspace/ROS/ros2/dev_ws/build/helloworld
