[0.144s] DEBUG:colcon:Command line arguments: ['/usr/bin/colcon', 'build']
[0.144s] DEBUG:colcon:Parsed command line arguments: Namespace(allow_overriding=[], ament_cmake_args=None, base_paths=['.'], build_base='build', catkin_cmake_args=None, catkin_skip_building_tests=False, cmake_args=None, cmake_clean_cache=False, cmake_clean_first=False, cmake_force_configure=False, cmake_target=None, cmake_target_skip_unavailable=False, continue_on_error=False, event_handlers=None, executor='parallel', ignore_user_meta=False, install_base='install', log_base=None, log_level=None, main=<bound method BuildVerb.main of <colcon_core.verb.build.BuildVerb object at 0x7f42c137d370>>, merge_install=False, metas=['./colcon.meta'], packages_above=None, packages_above_and_dependencies=None, packages_above_depth=None, packages_end=None, packages_ignore=None, packages_ignore_regex=None, packages_select=None, packages_select_build_failed=False, packages_select_by_dep=None, packages_select_regex=None, packages_select_test_failures=False, packages_skip=None, packages_skip_build_finished=False, packages_skip_by_dep=None, packages_skip_regex=None, packages_skip_test_passed=False, packages_skip_up_to=None, packages_start=None, packages_up_to=None, packages_up_to_regex=None, parallel_workers=8, paths=None, symlink_install=False, test_result_base=None, verb_extension=<colcon_core.verb.build.BuildVerb object at 0x7f42c137d370>, verb_name='build', verb_parser=<colcon_defaults.argument_parser.defaults.DefaultArgumentsDecorator object at 0x7f42c137d8b0>)
[0.149s] Level 1:colcon.colcon_core.package_discovery:discover_packages(colcon_meta) check parameters
[0.149s] Level 1:colcon.colcon_core.package_discovery:discover_packages(recursive) check parameters
[0.149s] Level 1:colcon.colcon_core.package_discovery:discover_packages(ignore) check parameters
[0.149s] Level 1:colcon.colcon_core.package_discovery:discover_packages(path) check parameters
[0.149s] Level 1:colcon.colcon_core.package_discovery:discover_packages(colcon_meta) discover
[0.149s] Level 1:colcon.colcon_core.package_discovery:discover_packages(recursive) discover
[0.149s] INFO:colcon.colcon_core.package_discovery:Crawling recursively for packages in '/home/marcus/Workspace/ROS/ros2/dev_ws'
[0.149s] Level 1:colcon.colcon_core.package_identification:_identify(.) by extensions ['ignore', 'ignore_ament_install']
[0.149s] Level 1:colcon.colcon_core.package_identification:_identify(.) by extension 'ignore'
[0.149s] Level 1:colcon.colcon_core.package_identification:_identify(.) by extension 'ignore_ament_install'
[0.149s] Level 1:colcon.colcon_core.package_identification:_identify(.) by extensions ['colcon_pkg']
[0.150s] Level 1:colcon.colcon_core.package_identification:_identify(.) by extension 'colcon_pkg'
[0.150s] Level 1:colcon.colcon_core.package_identification:_identify(.) by extensions ['colcon_meta']
[0.150s] Level 1:colcon.colcon_core.package_identification:_identify(.) by extension 'colcon_meta'
[0.150s] Level 1:colcon.colcon_core.package_identification:_identify(.) by extensions ['ros']
[0.150s] Level 1:colcon.colcon_core.package_identification:_identify(.) by extension 'ros'
[0.161s] Level 1:colcon.colcon_core.package_identification:_identify(.) by extensions ['cmake', 'python']
[0.161s] Level 1:colcon.colcon_core.package_identification:_identify(.) by extension 'cmake'
[0.161s] Level 1:colcon.colcon_core.package_identification:_identify(.) by extension 'python'
[0.161s] Level 1:colcon.colcon_core.package_identification:_identify(.) by extensions ['python_setup_py']
[0.161s] Level 1:colcon.colcon_core.package_identification:_identify(.) by extension 'python_setup_py'
[0.162s] Level 1:colcon.colcon_core.package_identification:_identify(build) by extensions ['ignore', 'ignore_ament_install']
[0.162s] Level 1:colcon.colcon_core.package_identification:_identify(build) by extension 'ignore'
[0.162s] Level 1:colcon.colcon_core.package_identification:_identify(build) ignored
[0.162s] Level 1:colcon.colcon_core.package_identification:_identify(install) by extensions ['ignore', 'ignore_ament_install']
[0.162s] Level 1:colcon.colcon_core.package_identification:_identify(install) by extension 'ignore'
[0.162s] Level 1:colcon.colcon_core.package_identification:_identify(install) ignored
[0.162s] Level 1:colcon.colcon_core.package_identification:_identify(log) by extensions ['ignore', 'ignore_ament_install']
[0.162s] Level 1:colcon.colcon_core.package_identification:_identify(log) by extension 'ignore'
[0.162s] Level 1:colcon.colcon_core.package_identification:_identify(log) ignored
[0.162s] Level 1:colcon.colcon_core.package_identification:_identify(src) by extensions ['ignore', 'ignore_ament_install']
[0.162s] Level 1:colcon.colcon_core.package_identification:_identify(src) by extension 'ignore'
[0.162s] Level 1:colcon.colcon_core.package_identification:_identify(src) by extension 'ignore_ament_install'
[0.163s] Level 1:colcon.colcon_core.package_identification:_identify(src) by extensions ['colcon_pkg']
[0.163s] Level 1:colcon.colcon_core.package_identification:_identify(src) by extension 'colcon_pkg'
[0.163s] Level 1:colcon.colcon_core.package_identification:_identify(src) by extensions ['colcon_meta']
[0.163s] Level 1:colcon.colcon_core.package_identification:_identify(src) by extension 'colcon_meta'
[0.163s] Level 1:colcon.colcon_core.package_identification:_identify(src) by extensions ['ros']
[0.163s] Level 1:colcon.colcon_core.package_identification:_identify(src) by extension 'ros'
[0.163s] Level 1:colcon.colcon_core.package_identification:_identify(src) by extensions ['cmake', 'python']
[0.163s] Level 1:colcon.colcon_core.package_identification:_identify(src) by extension 'cmake'
[0.163s] Level 1:colcon.colcon_core.package_identification:_identify(src) by extension 'python'
[0.163s] Level 1:colcon.colcon_core.package_identification:_identify(src) by extensions ['python_setup_py']
[0.163s] Level 1:colcon.colcon_core.package_identification:_identify(src) by extension 'python_setup_py'
[0.163s] Level 1:colcon.colcon_core.package_identification:_identify(src/helloworld) by extensions ['ignore', 'ignore_ament_install']
[0.163s] Level 1:colcon.colcon_core.package_identification:_identify(src/helloworld) by extension 'ignore'
[0.163s] Level 1:colcon.colcon_core.package_identification:_identify(src/helloworld) by extension 'ignore_ament_install'
[0.163s] Level 1:colcon.colcon_core.package_identification:_identify(src/helloworld) by extensions ['colcon_pkg']
[0.163s] Level 1:colcon.colcon_core.package_identification:_identify(src/helloworld) by extension 'colcon_pkg'
[0.163s] Level 1:colcon.colcon_core.package_identification:_identify(src/helloworld) by extensions ['colcon_meta']
[0.163s] Level 1:colcon.colcon_core.package_identification:_identify(src/helloworld) by extension 'colcon_meta'
[0.163s] Level 1:colcon.colcon_core.package_identification:_identify(src/helloworld) by extensions ['ros']
[0.163s] Level 1:colcon.colcon_core.package_identification:_identify(src/helloworld) by extension 'ros'
[0.166s] DEBUG:colcon.colcon_core.package_identification:Package 'src/helloworld' with type 'ros.ament_cmake' and name 'helloworld'
[0.166s] Level 1:colcon.colcon_core.package_discovery:discover_packages(recursive) using defaults
[0.166s] Level 1:colcon.colcon_core.package_discovery:discover_packages(ignore) discover
[0.166s] Level 1:colcon.colcon_core.package_discovery:discover_packages(ignore) using defaults
[0.166s] Level 1:colcon.colcon_core.package_discovery:discover_packages(path) discover
[0.166s] Level 1:colcon.colcon_core.package_discovery:discover_packages(path) using defaults
[0.184s] Level 5:colcon.colcon_core.verb:set package 'helloworld' build argument 'cmake_args' from command line to 'None'
[0.184s] Level 5:colcon.colcon_core.verb:set package 'helloworld' build argument 'cmake_target' from command line to 'None'
[0.184s] Level 5:colcon.colcon_core.verb:set package 'helloworld' build argument 'cmake_target_skip_unavailable' from command line to 'False'
[0.184s] Level 5:colcon.colcon_core.verb:set package 'helloworld' build argument 'cmake_clean_cache' from command line to 'False'
[0.184s] Level 5:colcon.colcon_core.verb:set package 'helloworld' build argument 'cmake_clean_first' from command line to 'False'
[0.184s] Level 5:colcon.colcon_core.verb:set package 'helloworld' build argument 'cmake_force_configure' from command line to 'False'
[0.184s] Level 5:colcon.colcon_core.verb:set package 'helloworld' build argument 'ament_cmake_args' from command line to 'None'
[0.184s] Level 5:colcon.colcon_core.verb:set package 'helloworld' build argument 'catkin_cmake_args' from command line to 'None'
[0.184s] Level 5:colcon.colcon_core.verb:set package 'helloworld' build argument 'catkin_skip_building_tests' from command line to 'False'
[0.184s] DEBUG:colcon.colcon_core.verb:Building package 'helloworld' with the following arguments: {'ament_cmake_args': None, 'build_base': '/home/marcus/Workspace/ROS/ros2/dev_ws/build/helloworld', 'catkin_cmake_args': None, 'catkin_skip_building_tests': False, 'cmake_args': None, 'cmake_clean_cache': False, 'cmake_clean_first': False, 'cmake_force_configure': False, 'cmake_target': None, 'cmake_target_skip_unavailable': False, 'install_base': '/home/marcus/Workspace/ROS/ros2/dev_ws/install/helloworld', 'merge_install': False, 'path': '/home/marcus/Workspace/ROS/ros2/dev_ws/src/helloworld', 'symlink_install': False, 'test_result_base': None}
[0.187s] INFO:colcon.colcon_core.executor:Executing jobs using 'parallel' executor
[0.190s] DEBUG:colcon.colcon_parallel_executor.executor.parallel:run_until_complete
[0.190s] INFO:colcon.colcon_ros.task.ament_cmake.build:Building ROS package in '/home/marcus/Workspace/ROS/ros2/dev_ws/src/helloworld' with build type 'ament_cmake'
[0.190s] INFO:colcon.colcon_cmake.task.cmake.build:Building CMake package in '/home/marcus/Workspace/ROS/ros2/dev_ws/src/helloworld'
[0.193s] INFO:colcon.colcon_core.plugin_system:Skipping extension 'colcon_core.shell.bat': Not used on non-Windows systems
[0.193s] INFO:colcon.colcon_core.shell:Skip shell extension 'powershell' for command environment: Not usable outside of PowerShell
[0.194s] DEBUG:colcon.colcon_core.shell:Skip shell extension 'dsv' for command environment
[0.205s] DEBUG:colcon.colcon_core.event_handler.log_command:Invoking command in '/home/marcus/Workspace/ROS/ros2/dev_ws/build/helloworld': CMAKE_PREFIX_PATH=/opt/ros/foxy /usr/bin/cmake --build /home/marcus/Workspace/ROS/ros2/dev_ws/build/helloworld -- -j8 -l8
[12.089s] DEBUG:colcon.colcon_core.event_handler.log_command:Invoked command in '/home/marcus/Workspace/ROS/ros2/dev_ws/build/helloworld' returned '0': CMAKE_PREFIX_PATH=/opt/ros/foxy /usr/bin/cmake --build /home/marcus/Workspace/ROS/ros2/dev_ws/build/helloworld -- -j8 -l8
[12.119s] DEBUG:colcon.colcon_core.event_handler.log_command:Invoking command in '/home/marcus/Workspace/ROS/ros2/dev_ws/build/helloworld': CMAKE_PREFIX_PATH=/opt/ros/foxy /usr/bin/cmake --install /home/marcus/Workspace/ROS/ros2/dev_ws/build/helloworld
[12.131s] Level 1:colcon.colcon_core.environment:create_environment_scripts_only(helloworld)
[12.132s] DEBUG:colcon.colcon_core.event_handler.log_command:Invoked command in '/home/marcus/Workspace/ROS/ros2/dev_ws/build/helloworld' returned '0': CMAKE_PREFIX_PATH=/opt/ros/foxy /usr/bin/cmake --install /home/marcus/Workspace/ROS/ros2/dev_ws/build/helloworld
[12.136s] Level 1:colcon.colcon_core.environment:checking '/home/marcus/Workspace/ROS/ros2/dev_ws/install/helloworld' for CMake module files
[12.137s] Level 1:colcon.colcon_core.environment:checking '/home/marcus/Workspace/ROS/ros2/dev_ws/install/helloworld' for CMake config files
[12.137s] Level 1:colcon.colcon_core.shell:create_environment_hook('helloworld', 'cmake_prefix_path')
[12.137s] INFO:colcon.colcon_core.shell:Creating environment hook '/home/marcus/Workspace/ROS/ros2/dev_ws/install/helloworld/share/helloworld/hook/cmake_prefix_path.ps1'
[12.138s] INFO:colcon.colcon_core.shell:Creating environment descriptor '/home/marcus/Workspace/ROS/ros2/dev_ws/install/helloworld/share/helloworld/hook/cmake_prefix_path.dsv'
[12.138s] INFO:colcon.colcon_core.shell:Creating environment hook '/home/marcus/Workspace/ROS/ros2/dev_ws/install/helloworld/share/helloworld/hook/cmake_prefix_path.sh'
[12.139s] Level 1:colcon.colcon_core.environment:checking '/home/marcus/Workspace/ROS/ros2/dev_ws/install/helloworld/lib'
[12.139s] Level 1:colcon.colcon_core.environment:checking '/home/marcus/Workspace/ROS/ros2/dev_ws/install/helloworld/bin'
[12.139s] Level 1:colcon.colcon_core.environment:checking '/home/marcus/Workspace/ROS/ros2/dev_ws/install/helloworld/lib/pkgconfig/helloworld.pc'
[12.139s] Level 1:colcon.colcon_core.environment:checking '/home/marcus/Workspace/ROS/ros2/dev_ws/install/helloworld/lib/python3.8/site-packages'
[12.140s] INFO:colcon.colcon_core.shell:Creating package script '/home/marcus/Workspace/ROS/ros2/dev_ws/install/helloworld/share/helloworld/package.ps1'
[12.141s] INFO:colcon.colcon_core.shell:Creating package descriptor '/home/marcus/Workspace/ROS/ros2/dev_ws/install/helloworld/share/helloworld/package.dsv'
[12.141s] INFO:colcon.colcon_core.shell:Creating package script '/home/marcus/Workspace/ROS/ros2/dev_ws/install/helloworld/share/helloworld/package.sh'
[12.142s] INFO:colcon.colcon_core.shell:Creating package script '/home/marcus/Workspace/ROS/ros2/dev_ws/install/helloworld/share/helloworld/package.bash'
[12.142s] INFO:colcon.colcon_core.shell:Creating package script '/home/marcus/Workspace/ROS/ros2/dev_ws/install/helloworld/share/helloworld/package.zsh'
[12.143s] Level 1:colcon.colcon_core.environment:create_file_with_runtime_dependencies(/home/marcus/Workspace/ROS/ros2/dev_ws/install/helloworld/share/colcon-core/packages/helloworld)
[12.165s] Level 1:colcon.colcon_core.environment:create_environment_scripts_only(helloworld)
[12.165s] Level 1:colcon.colcon_core.environment:checking '/home/marcus/Workspace/ROS/ros2/dev_ws/install/helloworld' for CMake module files
[12.166s] Level 1:colcon.colcon_core.environment:checking '/home/marcus/Workspace/ROS/ros2/dev_ws/install/helloworld' for CMake config files
[12.166s] Level 1:colcon.colcon_core.shell:create_environment_hook('helloworld', 'cmake_prefix_path')
[12.167s] INFO:colcon.colcon_core.shell:Creating environment hook '/home/marcus/Workspace/ROS/ros2/dev_ws/install/helloworld/share/helloworld/hook/cmake_prefix_path.ps1'
[12.167s] INFO:colcon.colcon_core.shell:Creating environment descriptor '/home/marcus/Workspace/ROS/ros2/dev_ws/install/helloworld/share/helloworld/hook/cmake_prefix_path.dsv'
[12.167s] INFO:colcon.colcon_core.shell:Creating environment hook '/home/marcus/Workspace/ROS/ros2/dev_ws/install/helloworld/share/helloworld/hook/cmake_prefix_path.sh'
[12.168s] Level 1:colcon.colcon_core.environment:checking '/home/marcus/Workspace/ROS/ros2/dev_ws/install/helloworld/lib'
[12.168s] Level 1:colcon.colcon_core.environment:checking '/home/marcus/Workspace/ROS/ros2/dev_ws/install/helloworld/bin'
[12.168s] Level 1:colcon.colcon_core.environment:checking '/home/marcus/Workspace/ROS/ros2/dev_ws/install/helloworld/lib/pkgconfig/helloworld.pc'
[12.168s] Level 1:colcon.colcon_core.environment:checking '/home/marcus/Workspace/ROS/ros2/dev_ws/install/helloworld/lib/python3.8/site-packages'
[12.169s] INFO:colcon.colcon_core.shell:Creating package script '/home/marcus/Workspace/ROS/ros2/dev_ws/install/helloworld/share/helloworld/package.ps1'
[12.169s] INFO:colcon.colcon_core.shell:Creating package descriptor '/home/marcus/Workspace/ROS/ros2/dev_ws/install/helloworld/share/helloworld/package.dsv'
[12.169s] INFO:colcon.colcon_core.shell:Creating package script '/home/marcus/Workspace/ROS/ros2/dev_ws/install/helloworld/share/helloworld/package.sh'
[12.170s] INFO:colcon.colcon_core.shell:Creating package script '/home/marcus/Workspace/ROS/ros2/dev_ws/install/helloworld/share/helloworld/package.bash'
[12.170s] INFO:colcon.colcon_core.shell:Creating package script '/home/marcus/Workspace/ROS/ros2/dev_ws/install/helloworld/share/helloworld/package.zsh'
[12.171s] Level 1:colcon.colcon_core.environment:create_file_with_runtime_dependencies(/home/marcus/Workspace/ROS/ros2/dev_ws/install/helloworld/share/colcon-core/packages/helloworld)
[12.171s] DEBUG:colcon.colcon_parallel_executor.executor.parallel:closing loop
[12.171s] DEBUG:colcon.colcon_parallel_executor.executor.parallel:loop closed
[12.171s] DEBUG:colcon.colcon_parallel_executor.executor.parallel:run_until_complete finished with '0'
[12.171s] DEBUG:colcon.colcon_core.event_reactor:joining thread
[12.177s] INFO:colcon.colcon_core.plugin_system:Skipping extension 'colcon_notification.desktop_notification.terminal_notifier': Not used on non-Darwin systems
[12.177s] INFO:colcon.colcon_core.plugin_system:Skipping extension 'colcon_notification.desktop_notification.win32': Not used on non-Windows systems
[12.177s] INFO:colcon.colcon_notification.desktop_notification:Sending desktop notification using 'notify2'
[12.190s] DEBUG:colcon.colcon_core.event_reactor:joined thread
[12.191s] INFO:colcon.colcon_core.shell:Creating prefix script '/home/marcus/Workspace/ROS/ros2/dev_ws/install/local_setup.ps1'
[12.192s] INFO:colcon.colcon_core.shell:Creating prefix util module '/home/marcus/Workspace/ROS/ros2/dev_ws/install/_local_setup_util_ps1.py'
[12.193s] INFO:colcon.colcon_core.shell:Creating prefix chain script '/home/marcus/Workspace/ROS/ros2/dev_ws/install/setup.ps1'
[12.194s] INFO:colcon.colcon_core.shell:Creating prefix script '/home/marcus/Workspace/ROS/ros2/dev_ws/install/local_setup.sh'
[12.195s] INFO:colcon.colcon_core.shell:Creating prefix util module '/home/marcus/Workspace/ROS/ros2/dev_ws/install/_local_setup_util_sh.py'
[12.195s] INFO:colcon.colcon_core.shell:Creating prefix chain script '/home/marcus/Workspace/ROS/ros2/dev_ws/install/setup.sh'
[12.196s] INFO:colcon.colcon_core.shell:Creating prefix script '/home/marcus/Workspace/ROS/ros2/dev_ws/install/local_setup.bash'
[12.197s] INFO:colcon.colcon_core.shell:Creating prefix chain script '/home/marcus/Workspace/ROS/ros2/dev_ws/install/setup.bash'
[12.198s] INFO:colcon.colcon_core.shell:Creating prefix script '/home/marcus/Workspace/ROS/ros2/dev_ws/install/local_setup.zsh'
[12.198s] INFO:colcon.colcon_core.shell:Creating prefix chain script '/home/marcus/Workspace/ROS/ros2/dev_ws/install/setup.zsh'
