[0.013s] Invoking command in '/home/marcus/Workspace/ROS/ros2/dev_ws/build/helloworld': CMAKE_PREFIX_PATH=/opt/ros/foxy /usr/bin/cmake --build /home/marcus/Workspace/ROS/ros2/dev_ws/build/helloworld -- -j8 -l8
[0.038s] -- Found ament_cmake: 0.9.9 (/opt/ros/foxy/share/ament_cmake/cmake)
[0.058s] -- Using PYTHON_EXECUTABLE: /usr/bin/python3
[0.232s] -- Found rclcpp: 2.4.1 (/opt/ros/foxy/share/rclcpp/cmake)
[0.264s] -- Using all available rosidl_typesupport_c: rosidl_typesupport_fastrtps_c;rosidl_typesupport_introspection_c
[0.267s] -- Found rosidl_adapter: 1.2.1 (/opt/ros/foxy/share/rosidl_adapter/cmake)
[0.379s] -- Using all available rosidl_typesupport_cpp: rosidl_typesupport_fastrtps_cpp;rosidl_typesupport_introspection_cpp
[0.427s] -- Found rmw_implementation_cmake: 1.0.3 (/opt/ros/foxy/share/rmw_implementation_cmake/cmake)
[0.428s] -- Using RMW implementation 'rmw_fastrtps_cpp' as default
[0.563s] -- Found pcl_conversions: 2.2.1 (/opt/ros/foxy/share/pcl_conversions/cmake)
[0.864s] -- Eigen found (include: /usr/include/eigen3, version: 3.3.7)
[0.945s] -- The imported target "vtkParseOGLExt" references the file
[0.946s]    "/usr/bin/vtkParseOGLExt-7.1"
[0.946s] but this file does not exist.  Possible reasons include:
[0.946s] * The file was deleted, renamed, or moved to another location.
[0.946s] * An install or uninstall procedure did not complete successfully.
[0.946s] * The installation package was faulty and contained
[0.946s]    "/usr/lib/cmake/vtk-7.1/VTKTargets.cmake"
[0.946s] but not all the files it references.
[0.946s] 
[0.946s] -- The imported target "vtkRenderingPythonTkWidgets" references the file
[0.946s]    "/usr/lib/x86_64-linux-gnu/libvtkRenderingPythonTkWidgets.so"
[0.946s] but this file does not exist.  Possible reasons include:
[0.947s] * The file was deleted, renamed, or moved to another location.
[0.947s] * An install or uninstall procedure did not complete successfully.
[0.947s] * The installation package was faulty and contained
[0.947s]    "/usr/lib/cmake/vtk-7.1/VTKTargets.cmake"
[0.947s] but not all the files it references.
[0.947s] 
[0.947s] -- The imported target "vtk" references the file
[0.947s]    "/usr/bin/vtk"
[0.947s] but this file does not exist.  Possible reasons include:
[0.947s] * The file was deleted, renamed, or moved to another location.
[0.947s] * An install or uninstall procedure did not complete successfully.
[0.947s] * The installation package was faulty and contained
[0.948s]    "/usr/lib/cmake/vtk-7.1/VTKTargets.cmake"
[0.948s] but not all the files it references.
[0.948s] 
[0.948s] -- The imported target "pvtk" references the file
[0.948s]    "/usr/bin/pvtk"
[0.948s] but this file does not exist.  Possible reasons include:
[0.948s] * The file was deleted, renamed, or moved to another location.
[0.948s] * An install or uninstall procedure did not complete successfully.
[0.948s] * The installation package was faulty and contained
[0.948s]    "/usr/lib/cmake/vtk-7.1/VTKTargets.cmake"
[0.948s] but not all the files it references.
[0.948s] 
[0.967s] -- OpenNI found (include: /usr/include/ni, lib: /usr/lib/libOpenNI.so)
[0.972s] -- OpenNI2 found (include: /usr/include/openni2, lib: /usr/lib/libOpenNI2.so)
[0.972s] ** WARNING ** io features related to pcap will be disabled
[0.972s] ** WARNING ** io features related to png will be disabled
[0.984s] ** WARNING ** io features related to libusb-1.0 will be disabled
[0.989s] -- OpenNI found (include: /usr/include/ni, lib: /usr/lib/libOpenNI.so)
[0.995s] -- OpenNI2 found (include: /usr/include/openni2, lib: /usr/lib/libOpenNI2.so)
[1.008s] -- QHULL found (include: /usr/include, lib: optimized;/usr/lib/x86_64-linux-gnu/libqhull.so;debug;/usr/lib/x86_64-linux-gnu/libqhull.so)
[1.014s] -- OpenNI found (include: /usr/include/ni, lib: /usr/lib/libOpenNI.so)
[1.026s] -- looking for PCL_COMMON
[1.026s] -- looking for PCL_KDTREE
[1.027s] -- looking for PCL_OCTREE
[1.027s] -- looking for PCL_SEARCH
[1.028s] -- looking for PCL_SAMPLE_CONSENSUS
[1.028s] -- looking for PCL_FILTERS
[1.029s] -- looking for PCL_2D
[1.029s] -- looking for PCL_GEOMETRY
[1.030s] -- looking for PCL_IO
[1.030s] -- looking for PCL_FEATURES
[1.031s] -- looking for PCL_ML
[1.031s] -- looking for PCL_SEGMENTATION
[1.032s] -- looking for PCL_VISUALIZATION
[1.033s] -- looking for PCL_SURFACE
[1.033s] -- looking for PCL_REGISTRATION
[1.034s] -- looking for PCL_KEYPOINTS
[1.035s] -- looking for PCL_TRACKING
[1.035s] -- looking for PCL_RECOGNITION
[1.036s] -- looking for PCL_STEREO
[1.036s] -- looking for PCL_APPS
[1.037s] -- looking for PCL_IN_HAND_SCANNER
[1.038s] -- looking for PCL_POINT_CLOUD_EDITOR
[1.038s] -- looking for PCL_OUTOFCORE
[1.039s] -- looking for PCL_PEOPLE
[1.146s] -- Found ament_lint_auto: 0.9.6 (/opt/ros/foxy/share/ament_lint_auto/cmake)
[1.203s] -- Added test 'copyright' to check source files copyright and LICENSE
[1.204s] -- Added test 'cppcheck' to perform static code analysis on C / C++ code
[1.204s] -- Configured cppcheck include dirs: /home/marcus/Workspace/ROS/ros2/dev_ws/src/helloworld/include
[1.204s] -- Configured cppcheck exclude dirs and/or files: 
[1.205s] -- Added test 'cpplint' to check C / C++ code against the Google style
[1.205s] -- Configured cpplint exclude dirs and/or files: 
[1.205s] -- Added test 'lint_cmake' to check CMake code style
[1.206s] -- Added test 'uncrustify' to check C / C++ code style
[1.206s] -- Configured uncrustify additional arguments: 
[1.207s] -- Added test 'xmllint' to check XML markup files
[1.209s] -- Configuring done
[1.238s] -- Generating done
[1.239s] -- Build files have been written to: /home/marcus/Workspace/ROS/ros2/dev_ws/build/helloworld
[1.287s] [ 75%] Built target listener
[1.287s] [ 75%] [32m[1mLinking CXX executable talker[0m
[1.476s] /usr/bin/ld: CMakeFiles/talker.dir/src/talker.cpp.o: in function `rclcpp::Publisher<pcl::PointCloud<pcl::PointXYZRGB>, std::allocator<void> >::Publisher(rclcpp::node_interfaces::NodeBaseInterface*, std::__cxx11::basic_string<char, std::char_traits<char>, std::allocator<char> > const&, rclcpp::QoS const&, rclcpp::PublisherOptionsWithAllocator<std::allocator<void> > const&)':
[1.476s] talker.cpp:(.text._ZN6rclcpp9PublisherIN3pcl10PointCloudINS1_11PointXYZRGBEEESaIvEEC2EPNS_15node_interfaces17NodeBaseInterfaceERKNSt7__cxx1112basic_stringIcSt11char_traitsIcESaIcEEERKNS_3QoSERKNS_29PublisherOptionsWithAllocatorIS5_EE[_ZN6rclcpp9PublisherIN3pcl10PointCloudINS1_11PointXYZRGBEEESaIvEEC5EPNS_15node_interfaces17NodeBaseInterfaceERKNSt7__cxx1112basic_stringIcSt11char_traitsIcESaIcEEERKNS_3QoSERKNS_29PublisherOptionsWithAllocatorIS5_EE]+0x6e): undefined reference to `rosidl_message_type_support_t const* rosidl_typesupport_cpp::get_message_type_support_handle<pcl::PointCloud<pcl::PointXYZRGB> >()'
[1.476s] collect2: error: ld returned 1 exit status
[1.477s] make[2]: *** [CMakeFiles/talker.dir/build.make:191: talker] Error 1
[1.477s] make[1]: *** [CMakeFiles/Makefile2:107: CMakeFiles/talker.dir/all] Error 2
[1.477s] make: *** [Makefile:141: all] Error 2
[1.479s] Invoked command in '/home/marcus/Workspace/ROS/ros2/dev_ws/build/helloworld' returned '2': CMAKE_PREFIX_PATH=/opt/ros/foxy /usr/bin/cmake --build /home/marcus/Workspace/ROS/ros2/dev_ws/build/helloworld -- -j8 -l8
