[35m[1mScanning dependencies of target listener[0m
[ 50%] Built target talker
[ 75%] [32mBuilding CXX object CMakeFiles/listener.dir/src/listener.cpp.o[0m
In file included from [01m[K/opt/ros/foxy/include/rclcpp/service.hpp:34[m[K,
                 from [01m[K/opt/ros/foxy/include/rclcpp/callback_group.hpp:25[m[K,
                 from [01m[K/opt/ros/foxy/include/rclcpp/any_executable.hpp:20[m[K,
                 from [01m[K/opt/ros/foxy/include/rclcpp/memory_strategy.hpp:24[m[K,
                 from [01m[K/opt/ros/foxy/include/rclcpp/memory_strategies.hpp:18[m[K,
                 from [01m[K/opt/ros/foxy/include/rclcpp/executor_options.hpp:20[m[K,
                 from [01m[K/opt/ros/foxy/include/rclcpp/executor.hpp:33[m[K,
                 from [01m[K/opt/ros/foxy/include/rclcpp/executors/multi_threaded_executor.hpp:26[m[K,
                 from [01m[K/opt/ros/foxy/include/rclcpp/executors.hpp:21[m[K,
                 from [01m[K/opt/ros/foxy/include/rclcpp/rclcpp.hpp:146[m[K,
                 from [01m[K/home/marcus/Workspace/ROS/ros2/dev_ws/src/helloworld/src/listener.cpp:1[m[K:
[01m[K/home/marcus/Workspace/ROS/ros2/dev_ws/src/helloworld/src/listener.cpp:[m[K In member function ‘[01m[Kvoid Listener::callback(std_msgs::msg::String_<std::allocator<void> >::SharedPtr)[m[K’:
[01m[K/home/marcus/Workspace/ROS/ros2/dev_ws/src/helloworld/src/listener.cpp:16:9:[m[K [01;31m[Kerror: [m[Kstatic assertion failed: First argument to logging macros must be an rclcpp::Logger
   16 |         [01;31m[KRCLCPP_INFO[m[K("msg: ", msg->data());
      |         [01;31m[K^~~~~~~~~~~[m[K
In file included from [01m[K/opt/ros/foxy/include/rclcpp/client.hpp:40[m[K,
                 from [01m[K/opt/ros/foxy/include/rclcpp/callback_group.hpp:23[m[K,
                 from [01m[K/opt/ros/foxy/include/rclcpp/any_executable.hpp:20[m[K,
                 from [01m[K/opt/ros/foxy/include/rclcpp/memory_strategy.hpp:24[m[K,
                 from [01m[K/opt/ros/foxy/include/rclcpp/memory_strategies.hpp:18[m[K,
                 from [01m[K/opt/ros/foxy/include/rclcpp/executor_options.hpp:20[m[K,
                 from [01m[K/opt/ros/foxy/include/rclcpp/executor.hpp:33[m[K,
                 from [01m[K/opt/ros/foxy/include/rclcpp/executors/multi_threaded_executor.hpp:26[m[K,
                 from [01m[K/opt/ros/foxy/include/rclcpp/executors.hpp:21[m[K,
                 from [01m[K/opt/ros/foxy/include/rclcpp/rclcpp.hpp:146[m[K,
                 from [01m[K/home/marcus/Workspace/ROS/ros2/dev_ws/src/helloworld/src/listener.cpp:1[m[K:
[01m[K/home/marcus/Workspace/ROS/ros2/dev_ws/src/helloworld/src/listener.cpp:16:9:[m[K [01;31m[Kerror: [m[Krequest for member ‘[01m[Kget_name[m[K’ in ‘[01m[K"msg: "[m[K’, which is of non-class type ‘[01m[Kconst char [6][m[K’
   16 |         [01;31m[KRCLCPP_INFO[m[K("msg: ", msg->data());
      |         [01;31m[K^~~~~~~~~~~[m[K
[01m[K/home/marcus/Workspace/ROS/ros2/dev_ws/src/helloworld/src/listener.cpp:16:9:[m[K [01;31m[Kerror: [m[Krequest for member ‘[01m[Kget_name[m[K’ in ‘[01m[K"msg: "[m[K’, which is of non-class type ‘[01m[Kconst char [6][m[K’
   16 |         [01;31m[KRCLCPP_INFO[m[K("msg: ", msg->data());
      |         [01;31m[K^~~~~~~~~~~[m[K
[01m[K/home/marcus/Workspace/ROS/ros2/dev_ws/src/helloworld/src/listener.cpp:16:40:[m[K [01;31m[Kerror: [m[Kno match for call to ‘[01m[K(std_msgs::msg::String_<std::allocator<void> >::_data_type {aka std::__cxx11::basic_string<char>}) ()[m[K’
   16 |         RCLCPP_INFO("msg: ", msg->data([01;31m[K)[m[K);
      |                                        [01;31m[K^[m[K
make[2]: *** [CMakeFiles/listener.dir/build.make:63: CMakeFiles/listener.dir/src/listener.cpp.o] Error 1
make[1]: *** [CMakeFiles/Makefile2:80: CMakeFiles/listener.dir/all] Error 2
make: *** [Makefile:141: all] Error 2
