[0.013s] Invoking command in '/home/marcus/Workspace/ROS/ros2/dev_ws/build/helloworld': CMAKE_PREFIX_PATH=/opt/ros/foxy /usr/bin/cmake --build /home/marcus/Workspace/ROS/ros2/dev_ws/build/helloworld -- -j8 -l8
[0.038s] -- Found ament_cmake: 0.9.9 (/opt/ros/foxy/share/ament_cmake/cmake)
[0.058s] -- Using PYTHON_EXECUTABLE: /usr/bin/python3
[0.257s] -- Found rclcpp: 2.4.1 (/opt/ros/foxy/share/rclcpp/cmake)
[0.292s] -- Using all available rosidl_typesupport_c: rosidl_typesupport_fastrtps_c;rosidl_typesupport_introspection_c
[0.296s] -- Found rosidl_adapter: 1.2.1 (/opt/ros/foxy/share/rosidl_adapter/cmake)
[0.417s] -- Using all available rosidl_typesupport_cpp: rosidl_typesupport_fastrtps_cpp;rosidl_typesupport_introspection_cpp
[0.467s] -- Found rmw_implementation_cmake: 1.0.3 (/opt/ros/foxy/share/rmw_implementation_cmake/cmake)
[0.468s] -- Using RMW implementation 'rmw_fastrtps_cpp' as default
[0.616s] -- Found pcl_conversions: 2.2.1 (/opt/ros/foxy/share/pcl_conversions/cmake)
[0.964s] -- Eigen found (include: /usr/include/eigen3, version: 3.3.7)
[1.055s] -- The imported target "vtkParseOGLExt" references the file
[1.055s]    "/usr/bin/vtkParseOGLExt-7.1"
[1.055s] but this file does not exist.  Possible reasons include:
[1.055s] * The file was deleted, renamed, or moved to another location.
[1.055s] * An install or uninstall procedure did not complete successfully.
[1.055s] * The installation package was faulty and contained
[1.056s]    "/usr/lib/cmake/vtk-7.1/VTKTargets.cmake"
[1.056s] but not all the files it references.
[1.056s] 
[1.056s] -- The imported target "vtkRenderingPythonTkWidgets" references the file
[1.056s]    "/usr/lib/x86_64-linux-gnu/libvtkRenderingPythonTkWidgets.so"
[1.056s] but this file does not exist.  Possible reasons include:
[1.056s] * The file was deleted, renamed, or moved to another location.
[1.056s] * An install or uninstall procedure did not complete successfully.
[1.056s] * The installation package was faulty and contained
[1.056s]    "/usr/lib/cmake/vtk-7.1/VTKTargets.cmake"
[1.056s] but not all the files it references.
[1.057s] 
[1.057s] -- The imported target "vtk" references the file
[1.057s]    "/usr/bin/vtk"
[1.057s] but this file does not exist.  Possible reasons include:
[1.057s] * The file was deleted, renamed, or moved to another location.
[1.057s] * An install or uninstall procedure did not complete successfully.
[1.057s] * The installation package was faulty and contained
[1.057s]    "/usr/lib/cmake/vtk-7.1/VTKTargets.cmake"
[1.057s] but not all the files it references.
[1.057s] 
[1.057s] -- The imported target "pvtk" references the file
[1.058s]    "/usr/bin/pvtk"
[1.058s] but this file does not exist.  Possible reasons include:
[1.058s] * The file was deleted, renamed, or moved to another location.
[1.058s] * An install or uninstall procedure did not complete successfully.
[1.058s] * The installation package was faulty and contained
[1.058s]    "/usr/lib/cmake/vtk-7.1/VTKTargets.cmake"
[1.058s] but not all the files it references.
[1.058s] 
[1.084s] -- OpenNI found (include: /usr/include/ni, lib: /usr/lib/libOpenNI.so)
[1.089s] -- OpenNI2 found (include: /usr/include/openni2, lib: /usr/lib/libOpenNI2.so)
[1.090s] ** WARNING ** io features related to pcap will be disabled
[1.090s] ** WARNING ** io features related to png will be disabled
[1.101s] ** WARNING ** io features related to libusb-1.0 will be disabled
[1.107s] -- OpenNI found (include: /usr/include/ni, lib: /usr/lib/libOpenNI.so)
[1.113s] -- OpenNI2 found (include: /usr/include/openni2, lib: /usr/lib/libOpenNI2.so)
[1.127s] -- QHULL found (include: /usr/include, lib: optimized;/usr/lib/x86_64-linux-gnu/libqhull.so;debug;/usr/lib/x86_64-linux-gnu/libqhull.so)
[1.133s] -- OpenNI found (include: /usr/include/ni, lib: /usr/lib/libOpenNI.so)
[1.145s] -- looking for PCL_COMMON
[1.145s] -- looking for PCL_KDTREE
[1.146s] -- looking for PCL_OCTREE
[1.146s] -- looking for PCL_SEARCH
[1.147s] -- looking for PCL_SAMPLE_CONSENSUS
[1.148s] -- looking for PCL_FILTERS
[1.148s] -- looking for PCL_2D
[1.149s] -- looking for PCL_GEOMETRY
[1.149s] -- looking for PCL_IO
[1.150s] -- looking for PCL_FEATURES
[1.150s] -- looking for PCL_ML
[1.151s] -- looking for PCL_SEGMENTATION
[1.151s] -- looking for PCL_VISUALIZATION
[1.152s] -- looking for PCL_SURFACE
[1.153s] -- looking for PCL_REGISTRATION
[1.153s] -- looking for PCL_KEYPOINTS
[1.154s] -- looking for PCL_TRACKING
[1.155s] -- looking for PCL_RECOGNITION
[1.155s] -- looking for PCL_STEREO
[1.156s] -- looking for PCL_APPS
[1.157s] -- looking for PCL_IN_HAND_SCANNER
[1.157s] -- looking for PCL_POINT_CLOUD_EDITOR
[1.158s] -- looking for PCL_OUTOFCORE
[1.158s] -- looking for PCL_PEOPLE
[1.173s] -- Found ament_lint_auto: 0.9.6 (/opt/ros/foxy/share/ament_lint_auto/cmake)
[1.242s] -- Added test 'copyright' to check source files copyright and LICENSE
[1.243s] -- Added test 'cppcheck' to perform static code analysis on C / C++ code
[1.244s] -- Configured cppcheck include dirs: /home/marcus/Workspace/ROS/ros2/dev_ws/src/helloworld/include
[1.244s] -- Configured cppcheck exclude dirs and/or files: 
[1.244s] -- Added test 'cpplint' to check C / C++ code against the Google style
[1.245s] -- Configured cpplint exclude dirs and/or files: 
[1.245s] -- Added test 'lint_cmake' to check CMake code style
[1.246s] -- Added test 'uncrustify' to check C / C++ code style
[1.246s] -- Configured uncrustify additional arguments: 
[1.247s] -- Added test 'xmllint' to check XML markup files
[1.249s] -- Configuring done
[1.265s] -- Generating done
[1.266s] -- Build files have been written to: /home/marcus/Workspace/ROS/ros2/dev_ws/build/helloworld
[1.325s] [ 75%] Built target listener
[1.325s] [ 75%] [32m[1mLinking CXX executable talker[0m
[1.492s] /usr/bin/ld: CMakeFiles/talker.dir/src/talker.cpp.o: in function `rclcpp::Publisher<pcl::PointCloud<pcl::PointXYZRGB>, std::allocator<void> >::Publisher(rclcpp::node_interfaces::NodeBaseInterface*, std::__cxx11::basic_string<char, std::char_traits<char>, std::allocator<char> > const&, rclcpp::QoS const&, rclcpp::PublisherOptionsWithAllocator<std::allocator<void> > const&)':
[1.492s] talker.cpp:(.text._ZN6rclcpp9PublisherIN3pcl10PointCloudINS1_11PointXYZRGBEEESaIvEEC2EPNS_15node_interfaces17NodeBaseInterfaceERKNSt7__cxx1112basic_stringIcSt11char_traitsIcESaIcEEERKNS_3QoSERKNS_29PublisherOptionsWithAllocatorIS5_EE[_ZN6rclcpp9PublisherIN3pcl10PointCloudINS1_11PointXYZRGBEEESaIvEEC5EPNS_15node_interfaces17NodeBaseInterfaceERKNSt7__cxx1112basic_stringIcSt11char_traitsIcESaIcEEERKNS_3QoSERKNS_29PublisherOptionsWithAllocatorIS5_EE]+0x6e): undefined reference to `rosidl_message_type_support_t const* rosidl_typesupport_cpp::get_message_type_support_handle<pcl::PointCloud<pcl::PointXYZRGB> >()'
[1.492s] collect2: error: ld returned 1 exit status
[1.493s] make[2]: *** [CMakeFiles/talker.dir/build.make:146: talker] Error 1
[1.493s] make[1]: *** [CMakeFiles/Makefile2:107: CMakeFiles/talker.dir/all] Error 2
[1.493s] make: *** [Makefile:141: all] Error 2
[1.495s] Invoked command in '/home/marcus/Workspace/ROS/ros2/dev_ws/build/helloworld' returned '2': CMAKE_PREFIX_PATH=/opt/ros/foxy /usr/bin/cmake --build /home/marcus/Workspace/ROS/ros2/dev_ws/build/helloworld -- -j8 -l8
