[0.013s] Invoking command in '/home/marcus/Workspace/ROS/ros2/dev_ws/build/helloworld': CMAKE_PREFIX_PATH=/opt/ros/foxy /usr/bin/cmake --build /home/marcus/Workspace/ROS/ros2/dev_ws/build/helloworld -- -j8 -l8
[0.038s] -- Found ament_cmake: 0.9.9 (/opt/ros/foxy/share/ament_cmake/cmake)
[0.059s] -- Using PYTHON_EXECUTABLE: /usr/bin/python3
[0.233s] -- Found rclcpp: 2.4.1 (/opt/ros/foxy/share/rclcpp/cmake)
[0.265s] -- Using all available rosidl_typesupport_c: rosidl_typesupport_fastrtps_c;rosidl_typesupport_introspection_c
[0.268s] -- Found rosidl_adapter: 1.2.1 (/opt/ros/foxy/share/rosidl_adapter/cmake)
[0.381s] -- Using all available rosidl_typesupport_cpp: rosidl_typesupport_fastrtps_cpp;rosidl_typesupport_introspection_cpp
[0.427s] -- Found rmw_implementation_cmake: 1.0.3 (/opt/ros/foxy/share/rmw_implementation_cmake/cmake)
[0.429s] -- Using RMW implementation 'rmw_fastrtps_cpp' as default
[0.569s] -- Eigen found (include: /usr/include/eigen3, version: 3.3.7)
[0.650s] -- The imported target "vtkParseOGLExt" references the file
[0.650s]    "/usr/bin/vtkParseOGLExt-7.1"
[0.650s] but this file does not exist.  Possible reasons include:
[0.651s] * The file was deleted, renamed, or moved to another location.
[0.651s] * An install or uninstall procedure did not complete successfully.
[0.651s] * The installation package was faulty and contained
[0.651s]    "/usr/lib/cmake/vtk-7.1/VTKTargets.cmake"
[0.651s] but not all the files it references.
[0.651s] 
[0.651s] -- The imported target "vtkRenderingPythonTkWidgets" references the file
[0.652s]    "/usr/lib/x86_64-linux-gnu/libvtkRenderingPythonTkWidgets.so"
[0.652s] but this file does not exist.  Possible reasons include:
[0.652s] * The file was deleted, renamed, or moved to another location.
[0.652s] * An install or uninstall procedure did not complete successfully.
[0.652s] * The installation package was faulty and contained
[0.652s]    "/usr/lib/cmake/vtk-7.1/VTKTargets.cmake"
[0.652s] but not all the files it references.
[0.652s] 
[0.652s] -- The imported target "vtk" references the file
[0.653s]    "/usr/bin/vtk"
[0.653s] but this file does not exist.  Possible reasons include:
[0.653s] * The file was deleted, renamed, or moved to another location.
[0.653s] * An install or uninstall procedure did not complete successfully.
[0.653s] * The installation package was faulty and contained
[0.653s]    "/usr/lib/cmake/vtk-7.1/VTKTargets.cmake"
[0.653s] but not all the files it references.
[0.653s] 
[0.654s] -- The imported target "pvtk" references the file
[0.654s]    "/usr/bin/pvtk"
[0.654s] but this file does not exist.  Possible reasons include:
[0.654s] * The file was deleted, renamed, or moved to another location.
[0.654s] * An install or uninstall procedure did not complete successfully.
[0.654s] * The installation package was faulty and contained
[0.654s]    "/usr/lib/cmake/vtk-7.1/VTKTargets.cmake"
[0.654s] but not all the files it references.
[0.654s] 
[0.674s] -- OpenNI found (include: /usr/include/ni, lib: /usr/lib/libOpenNI.so)
[0.679s] -- OpenNI2 found (include: /usr/include/openni2, lib: /usr/lib/libOpenNI2.so)
[0.680s] ** WARNING ** io features related to pcap will be disabled
[0.680s] ** WARNING ** io features related to png will be disabled
[0.692s] ** WARNING ** io features related to libusb-1.0 will be disabled
[0.697s] -- OpenNI found (include: /usr/include/ni, lib: /usr/lib/libOpenNI.so)
[0.703s] -- OpenNI2 found (include: /usr/include/openni2, lib: /usr/lib/libOpenNI2.so)
[0.717s] -- QHULL found (include: /usr/include, lib: optimized;/usr/lib/x86_64-linux-gnu/libqhull.so;debug;/usr/lib/x86_64-linux-gnu/libqhull.so)
[0.723s] -- OpenNI found (include: /usr/include/ni, lib: /usr/lib/libOpenNI.so)
[0.735s] -- looking for PCL_COMMON
[0.735s] -- looking for PCL_KDTREE
[0.736s] -- looking for PCL_OCTREE
[0.737s] -- looking for PCL_SEARCH
[0.737s] -- looking for PCL_SAMPLE_CONSENSUS
[0.738s] -- looking for PCL_FILTERS
[0.738s] -- looking for PCL_2D
[0.739s] -- looking for PCL_GEOMETRY
[0.739s] -- looking for PCL_IO
[0.740s] -- looking for PCL_FEATURES
[0.740s] -- looking for PCL_ML
[0.741s] -- looking for PCL_SEGMENTATION
[0.741s] -- looking for PCL_VISUALIZATION
[0.742s] -- looking for PCL_SURFACE
[0.743s] -- looking for PCL_REGISTRATION
[0.743s] -- looking for PCL_KEYPOINTS
[0.744s] -- looking for PCL_TRACKING
[0.744s] -- looking for PCL_RECOGNITION
[0.745s] -- looking for PCL_STEREO
[0.746s] -- looking for PCL_APPS
[0.747s] -- looking for PCL_IN_HAND_SCANNER
[0.747s] -- looking for PCL_POINT_CLOUD_EDITOR
[0.747s] -- looking for PCL_OUTOFCORE
[0.748s] -- looking for PCL_PEOPLE
[0.756s] -- Found ament_lint_auto: 0.9.6 (/opt/ros/foxy/share/ament_lint_auto/cmake)
[0.815s] -- Added test 'copyright' to check source files copyright and LICENSE
[0.816s] -- Added test 'cppcheck' to perform static code analysis on C / C++ code
[0.816s] -- Configured cppcheck include dirs: /home/marcus/Workspace/ROS/ros2/dev_ws/src/helloworld/include
[0.816s] -- Configured cppcheck exclude dirs and/or files: 
[0.817s] -- Added test 'cpplint' to check C / C++ code against the Google style
[0.817s] -- Configured cpplint exclude dirs and/or files: 
[0.817s] -- Added test 'lint_cmake' to check CMake code style
[0.818s] -- Added test 'uncrustify' to check C / C++ code style
[0.818s] -- Configured uncrustify additional arguments: 
[0.818s] -- Added test 'xmllint' to check XML markup files
[0.820s] -- Configuring done
[0.834s] -- Generating done
[0.836s] -- Build files have been written to: /home/marcus/Workspace/ROS/ros2/dev_ws/build/helloworld
[0.860s] [35m[1mScanning dependencies of target talker[0m
[0.875s] [ 50%] [32mBuilding CXX object CMakeFiles/talker.dir/src/talker.cpp.o[0m
[4.213s] [100%] [32m[1mLinking CXX executable talker[0m
[4.361s] [100%] Built target talker
[4.371s] Invoked command in '/home/marcus/Workspace/ROS/ros2/dev_ws/build/helloworld' returned '0': CMAKE_PREFIX_PATH=/opt/ros/foxy /usr/bin/cmake --build /home/marcus/Workspace/ROS/ros2/dev_ws/build/helloworld -- -j8 -l8
[4.402s] Invoking command in '/home/marcus/Workspace/ROS/ros2/dev_ws/build/helloworld': CMAKE_PREFIX_PATH=/opt/ros/foxy /usr/bin/cmake --install /home/marcus/Workspace/ROS/ros2/dev_ws/build/helloworld
[4.409s] -- Install configuration: ""
[4.409s] -- Installing: /home/marcus/Workspace/ROS/ros2/dev_ws/install/helloworld/lib/helloworld/talker
[4.410s] -- Set runtime path of "/home/marcus/Workspace/ROS/ros2/dev_ws/install/helloworld/lib/helloworld/talker" to ""
[4.410s] -- Up-to-date: /home/marcus/Workspace/ROS/ros2/dev_ws/install/helloworld/share/ament_index/resource_index/package_run_dependencies/helloworld
[4.410s] -- Up-to-date: /home/marcus/Workspace/ROS/ros2/dev_ws/install/helloworld/share/ament_index/resource_index/parent_prefix_path/helloworld
[4.410s] -- Up-to-date: /home/marcus/Workspace/ROS/ros2/dev_ws/install/helloworld/share/helloworld/environment/ament_prefix_path.sh
[4.410s] -- Installing: /home/marcus/Workspace/ROS/ros2/dev_ws/install/helloworld/share/helloworld/environment/ament_prefix_path.dsv
[4.411s] -- Up-to-date: /home/marcus/Workspace/ROS/ros2/dev_ws/install/helloworld/share/helloworld/environment/path.sh
[4.411s] -- Installing: /home/marcus/Workspace/ROS/ros2/dev_ws/install/helloworld/share/helloworld/environment/path.dsv
[4.411s] -- Up-to-date: /home/marcus/Workspace/ROS/ros2/dev_ws/install/helloworld/share/helloworld/local_setup.bash
[4.411s] -- Up-to-date: /home/marcus/Workspace/ROS/ros2/dev_ws/install/helloworld/share/helloworld/local_setup.sh
[4.411s] -- Up-to-date: /home/marcus/Workspace/ROS/ros2/dev_ws/install/helloworld/share/helloworld/local_setup.zsh
[4.411s] -- Installing: /home/marcus/Workspace/ROS/ros2/dev_ws/install/helloworld/share/helloworld/local_setup.dsv
[4.411s] -- Installing: /home/marcus/Workspace/ROS/ros2/dev_ws/install/helloworld/share/helloworld/package.dsv
[4.411s] -- Up-to-date: /home/marcus/Workspace/ROS/ros2/dev_ws/install/helloworld/share/ament_index/resource_index/packages/helloworld
[4.411s] -- Up-to-date: /home/marcus/Workspace/ROS/ros2/dev_ws/install/helloworld/share/helloworld/cmake/helloworldConfig.cmake
[4.411s] -- Up-to-date: /home/marcus/Workspace/ROS/ros2/dev_ws/install/helloworld/share/helloworld/cmake/helloworldConfig-version.cmake
[4.411s] -- Up-to-date: /home/marcus/Workspace/ROS/ros2/dev_ws/install/helloworld/share/helloworld/package.xml
[4.413s] Invoked command in '/home/marcus/Workspace/ROS/ros2/dev_ws/build/helloworld' returned '0': CMAKE_PREFIX_PATH=/opt/ros/foxy /usr/bin/cmake --install /home/marcus/Workspace/ROS/ros2/dev_ws/build/helloworld
