[0.013s] Invoking command in '/home/marcus/Workspace/ROS/ros2/dev_ws/build/helloworld': CMAKE_PREFIX_PATH=/opt/ros/foxy /usr/bin/cmake --build /home/marcus/Workspace/ROS/ros2/dev_ws/build/helloworld -- -j8 -l8
[0.056s] [35m[1mScanning dependencies of target listener[0m
[0.077s] [ 50%] Built target talker
[0.089s] [ 75%] [32mBuilding CXX object CMakeFiles/listener.dir/src/listener.cpp.o[0m
[4.644s] [01m[K/home/marcus/Workspace/ROS/ros2/dev_ws/src/helloworld/src/listener.cpp:[m[K In member function ‘[01m[Kvoid Listener::callback_cloud(sensor_msgs::msg::PointCloud2_<std::allocator<void> >::SharedPtr)[m[K’:
[4.644s] [01m[K/home/marcus/Workspace/ROS/ros2/dev_ws/src/helloworld/src/listener.cpp:31:37:[m[K [01;31m[Kerror: [m[Kno match for ‘[01m[Koperator>>[m[K’ (operand types are ‘[01m[Kstd::basic_ostream<char>[m[K’ and ‘[01m[Kstd::vector<pcl::PointXYZRGB, Eigen::aligned_allocator<pcl::PointXYZRGB> >::size_type[m[K’ {aka ‘[01m[Klong unsigned int[m[K’})
[4.645s]    31 |         [32m[Kstd::cout << "cloud size: "[m[K [01;31m[K>>[m[K [34m[Kcloud.points.size()[m[K;
[4.645s]       |         [32m[K~~~~~~~~~~~~~~~~~~~~~~~~~~~[m[K [01;31m[K^~[m[K [34m[K~~~~~~~~~~~~~~~~~~~[m[K
[4.645s]       |                   [32m[K|[m[K                                     [34m[K|[m[K
[4.645s]       |                   [32m[Kstd::basic_ostream<char>[m[K              [34m[Kstd::vector<pcl::PointXYZRGB, Eigen::aligned_allocator<pcl::PointXYZRGB> >::size_type {aka long unsigned int}[m[K
[4.645s] [01m[K/home/marcus/Workspace/ROS/ros2/dev_ws/src/helloworld/src/listener.cpp:31:37:[m[K [01;36m[Knote: [m[Kcandidate: ‘[01m[Koperator>>(int, std::vector<pcl::PointXYZRGB, Eigen::aligned_allocator<pcl::PointXYZRGB> >::size_type {aka long unsigned int})[m[K’ <built-in>
[4.645s]    31 |         [01;36m[Kstd::cout << "cloud size: " >> cloud.points.size()[m[K;
[4.646s]       |         [01;36m[K~~~~~~~~~~~~~~~~~~~~~~~~~~~~^~~~~~~~~~~~~~~~~~~~~~[m[K
[4.646s] [01m[K/home/marcus/Workspace/ROS/ros2/dev_ws/src/helloworld/src/listener.cpp:31:37:[m[K [01;36m[Knote: [m[K  no known conversion for argument 1 from ‘[01m[Kstd::basic_ostream<char>[m[K’ to ‘[01m[Kint[m[K’
[4.646s] In file included from [01m[K/usr/include/c++/9/string:56[m[K,
[4.646s]                  from [01m[K/usr/include/c++/9/stdexcept:39[m[K,
[4.646s]                  from [01m[K/usr/include/c++/9/array:39[m[K,
[4.646s]                  from [01m[K/usr/include/c++/9/tuple:39[m[K,
[4.646s]                  from [01m[K/usr/include/c++/9/bits/unique_ptr.h:37[m[K,
[4.646s]                  from [01m[K/usr/include/c++/9/memory:80[m[K,
[4.646s]                  from [01m[K/opt/ros/foxy/include/rclcpp/rclcpp.hpp:144[m[K,
[4.646s]                  from [01m[K/home/marcus/Workspace/ROS/ros2/dev_ws/src/helloworld/src/listener.cpp:1[m[K:
[4.646s] [01m[K/usr/include/c++/9/bits/basic_string.tcc:1466:5:[m[K [01;36m[Knote: [m[Kcandidate: ‘[01m[Ktemplate<class _CharT, class _Traits, class _Alloc> std::basic_istream<_CharT, _Traits>& std::operator>>(std::basic_istream<_CharT, _Traits>&, std::__cxx11::basic_string<_CharT, _Traits, _Alloc>&)[m[K’
[4.646s]  1466 |     [01;36m[Koperator[m[K>>(basic_istream<_CharT, _Traits>& __in,
[4.646s]       |     [01;36m[K^~~~~~~~[m[K
[4.646s] [01m[K/usr/include/c++/9/bits/basic_string.tcc:1466:5:[m[K [01;36m[Knote: [m[K  template argument deduction/substitution failed:
[4.646s] [01m[K/home/marcus/Workspace/ROS/ros2/dev_ws/src/helloworld/src/listener.cpp:31:58:[m[K [01;36m[Knote: [m[K  ‘[01m[Kstd::basic_ostream<char>[m[K’ is not derived from ‘[01m[Kstd::basic_istream<_CharT, _Traits>[m[K’
[4.647s]    31 |         std::cout << "cloud size: " >> cloud.points.size([01;36m[K)[m[K;
[4.647s]       |                                                          [01;36m[K^[m[K
[4.647s] In file included from [01m[K/usr/include/c++/9/istream:991[m[K,
[4.647s]                  from [01m[K/usr/include/c++/9/iostream:40[m[K,
[4.647s]                  from [01m[K/opt/ros/foxy/include/rclcpp/executor.hpp:22[m[K,
[4.647s]                  from [01m[K/opt/ros/foxy/include/rclcpp/executors/multi_threaded_executor.hpp:26[m[K,
[4.647s]                  from [01m[K/opt/ros/foxy/include/rclcpp/executors.hpp:21[m[K,
[4.647s]                  from [01m[K/opt/ros/foxy/include/rclcpp/rclcpp.hpp:146[m[K,
[4.647s]                  from [01m[K/home/marcus/Workspace/ROS/ros2/dev_ws/src/helloworld/src/listener.cpp:1[m[K:
[4.647s] [01m[K/usr/include/c++/9/bits/istream.tcc:931:5:[m[K [01;36m[Knote: [m[Kcandidate: ‘[01m[Ktemplate<class _CharT, class _Traits> std::basic_istream<_CharT, _Traits>& std::operator>>(std::basic_istream<_CharT, _Traits>&, _CharT&)[m[K’
[4.647s]   931 |     [01;36m[Koperator[m[K>>(basic_istream<_CharT, _Traits>& __in, _CharT& __c)
[4.647s]       |     [01;36m[K^~~~~~~~[m[K
[4.647s] [01m[K/usr/include/c++/9/bits/istream.tcc:931:5:[m[K [01;36m[Knote: [m[K  template argument deduction/substitution failed:
[4.647s] [01m[K/home/marcus/Workspace/ROS/ros2/dev_ws/src/helloworld/src/listener.cpp:31:58:[m[K [01;36m[Knote: [m[K  ‘[01m[Kstd::basic_ostream<char>[m[K’ is not derived from ‘[01m[Kstd::basic_istream<_CharT, _Traits>[m[K’
[4.647s]    31 |         std::cout << "cloud size: " >> cloud.points.size([01;36m[K)[m[K;
[4.647s]       |                                                          [01;36m[K^[m[K
[4.647s] In file included from [01m[K/usr/include/c++/9/iostream:40[m[K,
[4.648s]                  from [01m[K/opt/ros/foxy/include/rclcpp/executor.hpp:22[m[K,
[4.648s]                  from [01m[K/opt/ros/foxy/include/rclcpp/executors/multi_threaded_executor.hpp:26[m[K,
[4.648s]                  from [01m[K/opt/ros/foxy/include/rclcpp/executors.hpp:21[m[K,
[4.648s]                  from [01m[K/opt/ros/foxy/include/rclcpp/rclcpp.hpp:146[m[K,
[4.648s]                  from [01m[K/home/marcus/Workspace/ROS/ros2/dev_ws/src/helloworld/src/listener.cpp:1[m[K:
[4.648s] [01m[K/usr/include/c++/9/istream:756:5:[m[K [01;36m[Knote: [m[Kcandidate: ‘[01m[Ktemplate<class _Traits> std::basic_istream<char, _Traits>& std::operator>>(std::basic_istream<char, _Traits>&, unsigned char&)[m[K’
[4.648s]   756 |     [01;36m[Koperator[m[K>>(basic_istream<char, _Traits>& __in, unsigned char& __c)
[4.648s]       |     [01;36m[K^~~~~~~~[m[K
[4.648s] [01m[K/usr/include/c++/9/istream:756:5:[m[K [01;36m[Knote: [m[K  template argument deduction/substitution failed:
[4.648s] [01m[K/home/marcus/Workspace/ROS/ros2/dev_ws/src/helloworld/src/listener.cpp:31:58:[m[K [01;36m[Knote: [m[K  ‘[01m[Kstd::basic_ostream<char>[m[K’ is not derived from ‘[01m[Kstd::basic_istream<char, _Traits>[m[K’
[4.648s]    31 |         std::cout << "cloud size: " >> cloud.points.size([01;36m[K)[m[K;
[4.648s]       |                                                          [01;36m[K^[m[K
[4.648s] In file included from [01m[K/usr/include/c++/9/iostream:40[m[K,
[4.648s]                  from [01m[K/opt/ros/foxy/include/rclcpp/executor.hpp:22[m[K,
[4.648s]                  from [01m[K/opt/ros/foxy/include/rclcpp/executors/multi_threaded_executor.hpp:26[m[K,
[4.648s]                  from [01m[K/opt/ros/foxy/include/rclcpp/executors.hpp:21[m[K,
[4.649s]                  from [01m[K/opt/ros/foxy/include/rclcpp/rclcpp.hpp:146[m[K,
[4.649s]                  from [01m[K/home/marcus/Workspace/ROS/ros2/dev_ws/src/helloworld/src/listener.cpp:1[m[K:
[4.649s] [01m[K/usr/include/c++/9/istream:761:5:[m[K [01;36m[Knote: [m[Kcandidate: ‘[01m[Ktemplate<class _Traits> std::basic_istream<char, _Traits>& std::operator>>(std::basic_istream<char, _Traits>&, signed char&)[m[K’
[4.649s]   761 |     [01;36m[Koperator[m[K>>(basic_istream<char, _Traits>& __in, signed char& __c)
[4.649s]       |     [01;36m[K^~~~~~~~[m[K
[4.649s] [01m[K/usr/include/c++/9/istream:761:5:[m[K [01;36m[Knote: [m[K  template argument deduction/substitution failed:
[4.649s] [01m[K/home/marcus/Workspace/ROS/ros2/dev_ws/src/helloworld/src/listener.cpp:31:58:[m[K [01;36m[Knote: [m[K  ‘[01m[Kstd::basic_ostream<char>[m[K’ is not derived from ‘[01m[Kstd::basic_istream<char, _Traits>[m[K’
[4.649s]    31 |         std::cout << "cloud size: " >> cloud.points.size([01;36m[K)[m[K;
[4.649s]       |                                                          [01;36m[K^[m[K
[4.649s] In file included from [01m[K/usr/include/c++/9/istream:991[m[K,
[4.649s]                  from [01m[K/usr/include/c++/9/iostream:40[m[K,
[4.649s]                  from [01m[K/opt/ros/foxy/include/rclcpp/executor.hpp:22[m[K,
[4.649s]                  from [01m[K/opt/ros/foxy/include/rclcpp/executors/multi_threaded_executor.hpp:26[m[K,
[4.649s]                  from [01m[K/opt/ros/foxy/include/rclcpp/executors.hpp:21[m[K,
[4.649s]                  from [01m[K/opt/ros/foxy/include/rclcpp/rclcpp.hpp:146[m[K,
[4.649s]                  from [01m[K/home/marcus/Workspace/ROS/ros2/dev_ws/src/helloworld/src/listener.cpp:1[m[K:
[4.650s] [01m[K/usr/include/c++/9/bits/istream.tcc:963:5:[m[K [01;36m[Knote: [m[Kcandidate: ‘[01m[Ktemplate<class _CharT2, class _Traits2> std::basic_istream<_CharT, _Traits>& std::operator>>(std::basic_istream<_CharT, _Traits>&, _CharT2*)[m[K’
[4.650s]   963 |     [01;36m[Koperator[m[K>>(basic_istream<_CharT, _Traits>& __in, _CharT* __s)
[4.650s]       |     [01;36m[K^~~~~~~~[m[K
[4.650s] [01m[K/usr/include/c++/9/bits/istream.tcc:963:5:[m[K [01;36m[Knote: [m[K  template argument deduction/substitution failed:
[4.650s] [01m[K/home/marcus/Workspace/ROS/ros2/dev_ws/src/helloworld/src/listener.cpp:31:58:[m[K [01;36m[Knote: [m[K  ‘[01m[Kstd::basic_ostream<char>[m[K’ is not derived from ‘[01m[Kstd::basic_istream<_CharT, _Traits>[m[K’
[4.650s]    31 |         std::cout << "cloud size: " >> cloud.points.size([01;36m[K)[m[K;
[4.650s]       |                                                          [01;36m[K^[m[K
[4.650s] In file included from [01m[K/usr/include/c++/9/iostream:40[m[K,
[4.650s]                  from [01m[K/opt/ros/foxy/include/rclcpp/executor.hpp:22[m[K,
[4.650s]                  from [01m[K/opt/ros/foxy/include/rclcpp/executors/multi_threaded_executor.hpp:26[m[K,
[4.650s]                  from [01m[K/opt/ros/foxy/include/rclcpp/executors.hpp:21[m[K,
[4.650s]                  from [01m[K/opt/ros/foxy/include/rclcpp/rclcpp.hpp:146[m[K,
[4.650s]                  from [01m[K/home/marcus/Workspace/ROS/ros2/dev_ws/src/helloworld/src/listener.cpp:1[m[K:
[4.650s] [01m[K/usr/include/c++/9/istream:803:5:[m[K [01;36m[Knote: [m[Kcandidate: ‘[01m[Ktemplate<class _Traits> std::basic_istream<char, _Traits>& std::operator>>(std::basic_istream<char, _Traits>&, unsigned char*)[m[K’
[4.650s]   803 |     [01;36m[Koperator[m[K>>(basic_istream<char, _Traits>& __in, unsigned char* __s)
[4.650s]       |     [01;36m[K^~~~~~~~[m[K
[4.650s] [01m[K/usr/include/c++/9/istream:803:5:[m[K [01;36m[Knote: [m[K  template argument deduction/substitution failed:
[4.651s] [01m[K/home/marcus/Workspace/ROS/ros2/dev_ws/src/helloworld/src/listener.cpp:31:58:[m[K [01;36m[Knote: [m[K  ‘[01m[Kstd::basic_ostream<char>[m[K’ is not derived from ‘[01m[Kstd::basic_istream<char, _Traits>[m[K’
[4.651s]    31 |         std::cout << "cloud size: " >> cloud.points.size([01;36m[K)[m[K;
[4.651s]       |                                                          [01;36m[K^[m[K
[4.651s] In file included from [01m[K/usr/include/c++/9/iostream:40[m[K,
[4.651s]                  from [01m[K/opt/ros/foxy/include/rclcpp/executor.hpp:22[m[K,
[4.651s]                  from [01m[K/opt/ros/foxy/include/rclcpp/executors/multi_threaded_executor.hpp:26[m[K,
[4.651s]                  from [01m[K/opt/ros/foxy/include/rclcpp/executors.hpp:21[m[K,
[4.651s]                  from [01m[K/opt/ros/foxy/include/rclcpp/rclcpp.hpp:146[m[K,
[4.651s]                  from [01m[K/home/marcus/Workspace/ROS/ros2/dev_ws/src/helloworld/src/listener.cpp:1[m[K:
[4.651s] [01m[K/usr/include/c++/9/istream:808:5:[m[K [01;36m[Knote: [m[Kcandidate: ‘[01m[Ktemplate<class _Traits> std::basic_istream<char, _Traits>& std::operator>>(std::basic_istream<char, _Traits>&, signed char*)[m[K’
[4.651s]   808 |     [01;36m[Koperator[m[K>>(basic_istream<char, _Traits>& __in, signed char* __s)
[4.651s]       |     [01;36m[K^~~~~~~~[m[K
[4.651s] [01m[K/usr/include/c++/9/istream:808:5:[m[K [01;36m[Knote: [m[K  template argument deduction/substitution failed:
[4.651s] [01m[K/home/marcus/Workspace/ROS/ros2/dev_ws/src/helloworld/src/listener.cpp:31:58:[m[K [01;36m[Knote: [m[K  ‘[01m[Kstd::basic_ostream<char>[m[K’ is not derived from ‘[01m[Kstd::basic_istream<char, _Traits>[m[K’
[4.651s]    31 |         std::cout << "cloud size: " >> cloud.points.size([01;36m[K)[m[K;
[4.651s]       |                                                          [01;36m[K^[m[K
[4.651s] In file included from [01m[K/usr/include/c++/9/iostream:40[m[K,
[4.652s]                  from [01m[K/opt/ros/foxy/include/rclcpp/executor.hpp:22[m[K,
[4.652s]                  from [01m[K/opt/ros/foxy/include/rclcpp/executors/multi_threaded_executor.hpp:26[m[K,
[4.652s]                  from [01m[K/opt/ros/foxy/include/rclcpp/executors.hpp:21[m[K,
[4.652s]                  from [01m[K/opt/ros/foxy/include/rclcpp/rclcpp.hpp:146[m[K,
[4.652s]                  from [01m[K/home/marcus/Workspace/ROS/ros2/dev_ws/src/helloworld/src/listener.cpp:1[m[K:
[4.652s] [01m[K/usr/include/c++/9/istream:980:5:[m[K [01;36m[Knote: [m[Kcandidate: ‘[01m[Ktemplate<class _Istream, class _Tp> typename std::enable_if<std::__and_<std::__not_<std::is_lvalue_reference<_Tp> >, std::__is_convertible_to_basic_istream<_Istream>, std::__is_extractable<typename std::__is_convertible_to_basic_istream<_Tp>::__istream_type, _Tp&&, void> >::value, typename std::__is_convertible_to_basic_istream<_Tp>::__istream_type>::type std::operator>>(_Istream&&, _Tp&&)[m[K’
[4.652s]   980 |     [01;36m[Koperator[m[K>>(_Istream&& __is, _Tp&& __x)
[4.652s]       |     [01;36m[K^~~~~~~~[m[K
[4.652s] [01m[K/usr/include/c++/9/istream:980:5:[m[K [01;36m[Knote: [m[K  template argument deduction/substitution failed:
[4.652s] /usr/include/c++/9/istream: In substitution of ‘[01m[Ktemplate<class _Istream, class _Tp> typename std::enable_if<std::__and_<std::__not_<std::is_lvalue_reference<_Tp> >, std::__is_convertible_to_basic_istream<_Istream>, std::__is_extractable<typename std::__is_convertible_to_basic_istream<_Tp>::__istream_type, _Tp&&, void> >::value, typename std::__is_convertible_to_basic_istream<_Tp>::__istream_type>::type std::operator>>(_Istream&&, _Tp&&) [with _Istream = std::basic_ostream<char>&; _Tp = long unsigned int][m[K’:
[4.652s] [01m[K/home/marcus/Workspace/ROS/ros2/dev_ws/src/helloworld/src/listener.cpp:31:58:[m[K   required from here
[4.652s] [01m[K/usr/include/c++/9/istream:980:5:[m[K [01;31m[Kerror: [m[Kno type named ‘[01m[Ktype[m[K’ in ‘[01m[Kstruct std::enable_if<false, void>[m[K’
[4.652s] In file included from [01m[K/usr/include/eigen3/Eigen/Core:96[m[K,
[4.652s]                  from [01m[K/usr/include/pcl-1.10/pcl/pcl_macros.h:75[m[K,
[4.652s]                  from [01m[K/usr/include/pcl-1.10/pcl/PCLPointField.h:10[m[K,
[4.652s]                  from [01m[K/usr/include/pcl-1.10/pcl/conversions.h:46[m[K,
[4.653s]                  from [01m[K/opt/ros/foxy/include/pcl_conversions/pcl_conversions.h:46[m[K,
[4.653s]                  from [01m[K/home/marcus/Workspace/ROS/ros2/dev_ws/src/helloworld/src/listener.cpp:4[m[K:
[4.653s] [01m[K/usr/include/c++/9/complex:498:5:[m[K [01;36m[Knote: [m[Kcandidate: ‘[01m[Ktemplate<class _Tp, class _CharT, class _Traits> std::basic_istream<_CharT, _Traits>& std::operator>>(std::basic_istream<_CharT, _Traits>&, std::complex<_Tp>&)[m[K’
[4.653s]   498 |     [01;36m[Koperator[m[K>>(basic_istream<_CharT, _Traits>& __is, complex<_Tp>& __x)
[4.653s]       |     [01;36m[K^~~~~~~~[m[K
[4.653s] [01m[K/usr/include/c++/9/complex:498:5:[m[K [01;36m[Knote: [m[K  template argument deduction/substitution failed:
[4.653s] [01m[K/home/marcus/Workspace/ROS/ros2/dev_ws/src/helloworld/src/listener.cpp:31:58:[m[K [01;36m[Knote: [m[K  ‘[01m[Kstd::basic_ostream<char>[m[K’ is not derived from ‘[01m[Kstd::basic_istream<_CharT, _Traits>[m[K’
[4.653s]    31 |         std::cout << "cloud size: " >> cloud.points.size([01;36m[K)[m[K;
[4.653s]       |                                                          [01;36m[K^[m[K
[4.653s] In file included from [01m[K/usr/include/pcl-1.10/pcl/point_types.h:43[m[K,
[4.653s]                  from [01m[K/usr/include/pcl-1.10/pcl/common/impl/copy_point.hpp:41[m[K,
[4.653s]                  from [01m[K/usr/include/pcl-1.10/pcl/common/copy_point.h:58[m[K,
[4.653s]                  from [01m[K/usr/include/pcl-1.10/pcl/common/impl/io.hpp:45[m[K,
[4.653s]                  from [01m[K/usr/include/pcl-1.10/pcl/common/io.h:586[m[K,
[4.653s]                  from [01m[K/usr/include/pcl-1.10/pcl/io/file_io.h:41[m[K,
[4.653s]                  from [01m[K/usr/include/pcl-1.10/pcl/io/pcd_io.h:44[m[K,
[4.653s]                  from [01m[K/opt/ros/foxy/include/pcl_conversions/pcl_conversions.h:72[m[K,
[4.654s]                  from [01m[K/home/marcus/Workspace/ROS/ros2/dev_ws/src/helloworld/src/listener.cpp:4[m[K:
[4.654s] [01m[K/usr/include/c++/9/bitset:1470:5:[m[K [01;36m[Knote: [m[Kcandidate: ‘[01m[Ktemplate<class _CharT, class _Traits, long unsigned int _Nb> std::basic_istream<_CharT, _Traits>& std::operator>>(std::basic_istream<_CharT, _Traits>&, std::bitset<_Nb>&)[m[K’
[4.654s]  1470 |     [01;36m[Koperator[m[K>>(std::basic_istream<_CharT, _Traits>& __is, bitset<_Nb>& __x)
[4.654s]       |     [01;36m[K^~~~~~~~[m[K
[4.654s] [01m[K/usr/include/c++/9/bitset:1470:5:[m[K [01;36m[Knote: [m[K  template argument deduction/substitution failed:
[4.654s] [01m[K/home/marcus/Workspace/ROS/ros2/dev_ws/src/helloworld/src/listener.cpp:31:58:[m[K [01;36m[Knote: [m[K  ‘[01m[Kstd::basic_ostream<char>[m[K’ is not derived from ‘[01m[Kstd::basic_istream<_CharT, _Traits>[m[K’
[4.654s]    31 |         std::cout << "cloud size: " >> cloud.points.size([01;36m[K)[m[K;
[4.654s]       |                                                          [01;36m[K^[m[K
[4.654s] In file included from [01m[K/usr/include/boost/date_time/date_formatting.hpp:17[m[K,
[4.654s]                  from [01m[K/usr/include/boost/date_time/gregorian/formatters.hpp:17[m[K,
[4.654s]                  from [01m[K/usr/include/boost/date_time/gregorian/gregorian.hpp:25[m[K,
[4.654s]                  from [01m[K/usr/include/boost/date_time/posix_time/time_formatters.hpp:12[m[K,
[4.654s]                  from [01m[K/usr/include/boost/date_time/posix_time/posix_time.hpp:24[m[K,
[4.654s]                  from [01m[K/usr/include/pcl-1.10/pcl/io/boost.h:57[m[K,
[4.654s]                  from [01m[K/usr/include/pcl-1.10/pcl/io/file_io.h:42[m[K,
[4.654s]                  from [01m[K/usr/include/pcl-1.10/pcl/io/pcd_io.h:44[m[K,
[4.655s]                  from [01m[K/opt/ros/foxy/include/pcl_conversions/pcl_conversions.h:72[m[K,
[4.655s]                  from [01m[K/home/marcus/Workspace/ROS/ros2/dev_ws/src/helloworld/src/listener.cpp:4[m[K:
[4.655s] [01m[K/usr/include/c++/9/iomanip:71:5:[m[K [01;36m[Knote: [m[Kcandidate: ‘[01m[Ktemplate<class _CharT, class _Traits> std::basic_istream<_CharT, _Traits>& std::operator>>(std::basic_istream<_CharT, _Traits>&, std::_Resetiosflags)[m[K’
[4.655s]    71 |     [01;36m[Koperator[m[K>>(basic_istream<_CharT, _Traits>& __is, _Resetiosflags __f)
[4.655s]       |     [01;36m[K^~~~~~~~[m[K
[4.655s] [01m[K/usr/include/c++/9/iomanip:71:5:[m[K [01;36m[Knote: [m[K  template argument deduction/substitution failed:
[4.655s] [01m[K/home/marcus/Workspace/ROS/ros2/dev_ws/src/helloworld/src/listener.cpp:31:58:[m[K [01;36m[Knote: [m[K  ‘[01m[Kstd::basic_ostream<char>[m[K’ is not derived from ‘[01m[Kstd::basic_istream<_CharT, _Traits>[m[K’
[4.655s]    31 |         std::cout << "cloud size: " >> cloud.points.size([01;36m[K)[m[K;
[4.655s]       |                                                          [01;36m[K^[m[K
[4.655s] In file included from [01m[K/usr/include/boost/date_time/date_formatting.hpp:17[m[K,
[4.655s]                  from [01m[K/usr/include/boost/date_time/gregorian/formatters.hpp:17[m[K,
[4.655s]                  from [01m[K/usr/include/boost/date_time/gregorian/gregorian.hpp:25[m[K,
[4.655s]                  from [01m[K/usr/include/boost/date_time/posix_time/time_formatters.hpp:12[m[K,
[4.655s]                  from [01m[K/usr/include/boost/date_time/posix_time/posix_time.hpp:24[m[K,
[4.655s]                  from [01m[K/usr/include/pcl-1.10/pcl/io/boost.h:57[m[K,
[4.655s]                  from [01m[K/usr/include/pcl-1.10/pcl/io/file_io.h:42[m[K,
[4.656s]                  from [01m[K/usr/include/pcl-1.10/pcl/io/pcd_io.h:44[m[K,
[4.656s]                  from [01m[K/opt/ros/foxy/include/pcl_conversions/pcl_conversions.h:72[m[K,
[4.656s]                  from [01m[K/home/marcus/Workspace/ROS/ros2/dev_ws/src/helloworld/src/listener.cpp:4[m[K:
[4.656s] [01m[K/usr/include/c++/9/iomanip:101:5:[m[K [01;36m[Knote: [m[Kcandidate: ‘[01m[Ktemplate<class _CharT, class _Traits> std::basic_istream<_CharT, _Traits>& std::operator>>(std::basic_istream<_CharT, _Traits>&, std::_Setiosflags)[m[K’
[4.656s]   101 |     [01;36m[Koperator[m[K>>(basic_istream<_CharT, _Traits>& __is, _Setiosflags __f)
[4.656s]       |     [01;36m[K^~~~~~~~[m[K
[4.656s] [01m[K/usr/include/c++/9/iomanip:101:5:[m[K [01;36m[Knote: [m[K  template argument deduction/substitution failed:
[4.656s] [01m[K/home/marcus/Workspace/ROS/ros2/dev_ws/src/helloworld/src/listener.cpp:31:58:[m[K [01;36m[Knote: [m[K  ‘[01m[Kstd::basic_ostream<char>[m[K’ is not derived from ‘[01m[Kstd::basic_istream<_CharT, _Traits>[m[K’
[4.656s]    31 |         std::cout << "cloud size: " >> cloud.points.size([01;36m[K)[m[K;
[4.656s]       |                                                          [01;36m[K^[m[K
[4.656s] In file included from [01m[K/usr/include/boost/date_time/date_formatting.hpp:17[m[K,
[4.656s]                  from [01m[K/usr/include/boost/date_time/gregorian/formatters.hpp:17[m[K,
[4.656s]                  from [01m[K/usr/include/boost/date_time/gregorian/gregorian.hpp:25[m[K,
[4.656s]                  from [01m[K/usr/include/boost/date_time/posix_time/time_formatters.hpp:12[m[K,
[4.656s]                  from [01m[K/usr/include/boost/date_time/posix_time/posix_time.hpp:24[m[K,
[4.656s]                  from [01m[K/usr/include/pcl-1.10/pcl/io/boost.h:57[m[K,
[4.656s]                  from [01m[K/usr/include/pcl-1.10/pcl/io/file_io.h:42[m[K,
[4.657s]                  from [01m[K/usr/include/pcl-1.10/pcl/io/pcd_io.h:44[m[K,
[4.657s]                  from [01m[K/opt/ros/foxy/include/pcl_conversions/pcl_conversions.h:72[m[K,
[4.657s]                  from [01m[K/home/marcus/Workspace/ROS/ros2/dev_ws/src/helloworld/src/listener.cpp:4[m[K:
[4.657s] [01m[K/usr/include/c++/9/iomanip:132:5:[m[K [01;36m[Knote: [m[Kcandidate: ‘[01m[Ktemplate<class _CharT, class _Traits> std::basic_istream<_CharT, _Traits>& std::operator>>(std::basic_istream<_CharT, _Traits>&, std::_Setbase)[m[K’
[4.657s]   132 |     [01;36m[Koperator[m[K>>(basic_istream<_CharT, _Traits>& __is, _Setbase __f)
[4.657s]       |     [01;36m[K^~~~~~~~[m[K
[4.657s] [01m[K/usr/include/c++/9/iomanip:132:5:[m[K [01;36m[Knote: [m[K  template argument deduction/substitution failed:
[4.657s] [01m[K/home/marcus/Workspace/ROS/ros2/dev_ws/src/helloworld/src/listener.cpp:31:58:[m[K [01;36m[Knote: [m[K  ‘[01m[Kstd::basic_ostream<char>[m[K’ is not derived from ‘[01m[Kstd::basic_istream<_CharT, _Traits>[m[K’
[4.657s]    31 |         std::cout << "cloud size: " >> cloud.points.size([01;36m[K)[m[K;
[4.657s]       |                                                          [01;36m[K^[m[K
[4.657s] In file included from [01m[K/usr/include/boost/date_time/date_formatting.hpp:17[m[K,
[4.657s]                  from [01m[K/usr/include/boost/date_time/gregorian/formatters.hpp:17[m[K,
[4.657s]                  from [01m[K/usr/include/boost/date_time/gregorian/gregorian.hpp:25[m[K,
[4.657s]                  from [01m[K/usr/include/boost/date_time/posix_time/time_formatters.hpp:12[m[K,
[4.657s]                  from [01m[K/usr/include/boost/date_time/posix_time/posix_time.hpp:24[m[K,
[4.657s]                  from [01m[K/usr/include/pcl-1.10/pcl/io/boost.h:57[m[K,
[4.658s]                  from [01m[K/usr/include/pcl-1.10/pcl/io/file_io.h:42[m[K,
[4.658s]                  from [01m[K/usr/include/pcl-1.10/pcl/io/pcd_io.h:44[m[K,
[4.658s]                  from [01m[K/opt/ros/foxy/include/pcl_conversions/pcl_conversions.h:72[m[K,
[4.658s]                  from [01m[K/home/marcus/Workspace/ROS/ros2/dev_ws/src/helloworld/src/listener.cpp:4[m[K:
[4.658s] [01m[K/usr/include/c++/9/iomanip:170:5:[m[K [01;36m[Knote: [m[Kcandidate: ‘[01m[Ktemplate<class _CharT, class _Traits> std::basic_istream<_CharT, _Traits>& std::operator>>(std::basic_istream<_CharT, _Traits>&, std::_Setfill<_CharT>)[m[K’
[4.658s]   170 |     [01;36m[Koperator[m[K>>(basic_istream<_CharT, _Traits>& __is, _Setfill<_CharT> __f)
[4.658s]       |     [01;36m[K^~~~~~~~[m[K
[4.658s] [01m[K/usr/include/c++/9/iomanip:170:5:[m[K [01;36m[Knote: [m[K  template argument deduction/substitution failed:
[4.658s] [01m[K/home/marcus/Workspace/ROS/ros2/dev_ws/src/helloworld/src/listener.cpp:31:58:[m[K [01;36m[Knote: [m[K  ‘[01m[Kstd::basic_ostream<char>[m[K’ is not derived from ‘[01m[Kstd::basic_istream<_CharT, _Traits>[m[K’
[4.658s]    31 |         std::cout << "cloud size: " >> cloud.points.size([01;36m[K)[m[K;
[4.658s]       |                                                          [01;36m[K^[m[K
[4.658s] In file included from [01m[K/usr/include/boost/date_time/date_formatting.hpp:17[m[K,
[4.658s]                  from [01m[K/usr/include/boost/date_time/gregorian/formatters.hpp:17[m[K,
[4.658s]                  from [01m[K/usr/include/boost/date_time/gregorian/gregorian.hpp:25[m[K,
[4.658s]                  from [01m[K/usr/include/boost/date_time/posix_time/time_formatters.hpp:12[m[K,
[4.658s]                  from [01m[K/usr/include/boost/date_time/posix_time/posix_time.hpp:24[m[K,
[4.658s]                  from [01m[K/usr/include/pcl-1.10/pcl/io/boost.h:57[m[K,
[4.659s]                  from [01m[K/usr/include/pcl-1.10/pcl/io/file_io.h:42[m[K,
[4.659s]                  from [01m[K/usr/include/pcl-1.10/pcl/io/pcd_io.h:44[m[K,
[4.659s]                  from [01m[K/opt/ros/foxy/include/pcl_conversions/pcl_conversions.h:72[m[K,
[4.659s]                  from [01m[K/home/marcus/Workspace/ROS/ros2/dev_ws/src/helloworld/src/listener.cpp:4[m[K:
[4.659s] [01m[K/usr/include/c++/9/iomanip:200:5:[m[K [01;36m[Knote: [m[Kcandidate: ‘[01m[Ktemplate<class _CharT, class _Traits> std::basic_istream<_CharT, _Traits>& std::operator>>(std::basic_istream<_CharT, _Traits>&, std::_Setprecision)[m[K’
[4.659s]   200 |     [01;36m[Koperator[m[K>>(basic_istream<_CharT, _Traits>& __is, _Setprecision __f)
[4.659s]       |     [01;36m[K^~~~~~~~[m[K
[4.659s] [01m[K/usr/include/c++/9/iomanip:200:5:[m[K [01;36m[Knote: [m[K  template argument deduction/substitution failed:
[4.659s] [01m[K/home/marcus/Workspace/ROS/ros2/dev_ws/src/helloworld/src/listener.cpp:31:58:[m[K [01;36m[Knote: [m[K  ‘[01m[Kstd::basic_ostream<char>[m[K’ is not derived from ‘[01m[Kstd::basic_istream<_CharT, _Traits>[m[K’
[4.659s]    31 |         std::cout << "cloud size: " >> cloud.points.size([01;36m[K)[m[K;
[4.659s]       |                                                          [01;36m[K^[m[K
[4.659s] In file included from [01m[K/usr/include/boost/date_time/date_formatting.hpp:17[m[K,
[4.659s]                  from [01m[K/usr/include/boost/date_time/gregorian/formatters.hpp:17[m[K,
[4.659s]                  from [01m[K/usr/include/boost/date_time/gregorian/gregorian.hpp:25[m[K,
[4.659s]                  from [01m[K/usr/include/boost/date_time/posix_time/time_formatters.hpp:12[m[K,
[4.659s]                  from [01m[K/usr/include/boost/date_time/posix_time/posix_time.hpp:24[m[K,
[4.659s]                  from [01m[K/usr/include/pcl-1.10/pcl/io/boost.h:57[m[K,
[4.660s]                  from [01m[K/usr/include/pcl-1.10/pcl/io/file_io.h:42[m[K,
[4.660s]                  from [01m[K/usr/include/pcl-1.10/pcl/io/pcd_io.h:44[m[K,
[4.660s]                  from [01m[K/opt/ros/foxy/include/pcl_conversions/pcl_conversions.h:72[m[K,
[4.660s]                  from [01m[K/home/marcus/Workspace/ROS/ros2/dev_ws/src/helloworld/src/listener.cpp:4[m[K:
[4.660s] [01m[K/usr/include/c++/9/iomanip:230:5:[m[K [01;36m[Knote: [m[Kcandidate: ‘[01m[Ktemplate<class _CharT, class _Traits> std::basic_istream<_CharT, _Traits>& std::operator>>(std::basic_istream<_CharT, _Traits>&, std::_Setw)[m[K’
[4.660s]   230 |     [01;36m[Koperator[m[K>>(basic_istream<_CharT, _Traits>& __is, _Setw __f)
[4.660s]       |     [01;36m[K^~~~~~~~[m[K
[4.660s] [01m[K/usr/include/c++/9/iomanip:230:5:[m[K [01;36m[Knote: [m[K  template argument deduction/substitution failed:
[4.660s] [01m[K/home/marcus/Workspace/ROS/ros2/dev_ws/src/helloworld/src/listener.cpp:31:58:[m[K [01;36m[Knote: [m[K  ‘[01m[Kstd::basic_ostream<char>[m[K’ is not derived from ‘[01m[Kstd::basic_istream<_CharT, _Traits>[m[K’
[4.660s]    31 |         std::cout << "cloud size: " >> cloud.points.size([01;36m[K)[m[K;
[4.660s]       |                                                          [01;36m[K^[m[K
[4.660s] In file included from [01m[K/usr/include/boost/date_time/date_formatting.hpp:17[m[K,
[4.660s]                  from [01m[K/usr/include/boost/date_time/gregorian/formatters.hpp:17[m[K,
[4.660s]                  from [01m[K/usr/include/boost/date_time/gregorian/gregorian.hpp:25[m[K,
[4.660s]                  from [01m[K/usr/include/boost/date_time/posix_time/time_formatters.hpp:12[m[K,
[4.660s]                  from [01m[K/usr/include/boost/date_time/posix_time/posix_time.hpp:24[m[K,
[4.660s]                  from [01m[K/usr/include/pcl-1.10/pcl/io/boost.h:57[m[K,
[4.661s]                  from [01m[K/usr/include/pcl-1.10/pcl/io/file_io.h:42[m[K,
[4.661s]                  from [01m[K/usr/include/pcl-1.10/pcl/io/pcd_io.h:44[m[K,
[4.661s]                  from [01m[K/opt/ros/foxy/include/pcl_conversions/pcl_conversions.h:72[m[K,
[4.661s]                  from [01m[K/home/marcus/Workspace/ROS/ros2/dev_ws/src/helloworld/src/listener.cpp:4[m[K:
[4.661s] [01m[K/usr/include/c++/9/iomanip:264:5:[m[K [01;36m[Knote: [m[Kcandidate: ‘[01m[Ktemplate<class _CharT, class _Traits, class _MoneyT> std::basic_istream<_CharT, _Traits>& std::operator>>(std::basic_istream<_CharT, _Traits>&, std::_Get_money<_MoneyT>)[m[K’
[4.661s]   264 |     [01;36m[Koperator[m[K>>(basic_istream<_CharT, _Traits>& __is, _Get_money<_MoneyT> __f)
[4.661s]       |     [01;36m[K^~~~~~~~[m[K
[4.661s] [01m[K/usr/include/c++/9/iomanip:264:5:[m[K [01;36m[Knote: [m[K  template argument deduction/substitution failed:
[4.661s] [01m[K/home/marcus/Workspace/ROS/ros2/dev_ws/src/helloworld/src/listener.cpp:31:58:[m[K [01;36m[Knote: [m[K  ‘[01m[Kstd::basic_ostream<char>[m[K’ is not derived from ‘[01m[Kstd::basic_istream<_CharT, _Traits>[m[K’
[4.661s]    31 |         std::cout << "cloud size: " >> cloud.points.size([01;36m[K)[m[K;
[4.661s]       |                                                          [01;36m[K^[m[K
[4.661s] In file included from [01m[K/usr/include/boost/date_time/date_formatting.hpp:17[m[K,
[4.661s]                  from [01m[K/usr/include/boost/date_time/gregorian/formatters.hpp:17[m[K,
[4.661s]                  from [01m[K/usr/include/boost/date_time/gregorian/gregorian.hpp:25[m[K,
[4.661s]                  from [01m[K/usr/include/boost/date_time/posix_time/time_formatters.hpp:12[m[K,
[4.661s]                  from [01m[K/usr/include/boost/date_time/posix_time/posix_time.hpp:24[m[K,
[4.661s]                  from [01m[K/usr/include/pcl-1.10/pcl/io/boost.h:57[m[K,
[4.662s]                  from [01m[K/usr/include/pcl-1.10/pcl/io/file_io.h:42[m[K,
[4.662s]                  from [01m[K/usr/include/pcl-1.10/pcl/io/pcd_io.h:44[m[K,
[4.662s]                  from [01m[K/opt/ros/foxy/include/pcl_conversions/pcl_conversions.h:72[m[K,
[4.662s]                  from [01m[K/home/marcus/Workspace/ROS/ros2/dev_ws/src/helloworld/src/listener.cpp:4[m[K:
[4.662s] [01m[K/usr/include/c++/9/iomanip:418:5:[m[K [01;36m[Knote: [m[Kcandidate: ‘[01m[Ktemplate<class _CharT, class _Traits> std::basic_istream<_CharT, _Traits>& std::operator>>(std::basic_istream<_CharT, _Traits>&, std::_Get_time<_CharT>)[m[K’
[4.662s]   418 |     [01;36m[Koperator[m[K>>(basic_istream<_CharT, _Traits>& __is, _Get_time<_CharT> __f)
[4.662s]       |     [01;36m[K^~~~~~~~[m[K
[4.662s] [01m[K/usr/include/c++/9/iomanip:418:5:[m[K [01;36m[Knote: [m[K  template argument deduction/substitution failed:
[4.662s] [01m[K/home/marcus/Workspace/ROS/ros2/dev_ws/src/helloworld/src/listener.cpp:31:58:[m[K [01;36m[Knote: [m[K  ‘[01m[Kstd::basic_ostream<char>[m[K’ is not derived from ‘[01m[Kstd::basic_istream<_CharT, _Traits>[m[K’
[4.662s]    31 |         std::cout << "cloud size: " >> cloud.points.size([01;36m[K)[m[K;
[4.662s]       |                                                          [01;36m[K^[m[K
[6.853s] make[2]: *** [CMakeFiles/listener.dir/build.make:63: CMakeFiles/listener.dir/src/listener.cpp.o] Error 1
[6.853s] make[1]: *** [CMakeFiles/Makefile2:80: CMakeFiles/listener.dir/all] Error 2
[6.853s] make: *** [Makefile:141: all] Error 2
[6.856s] Invoked command in '/home/marcus/Workspace/ROS/ros2/dev_ws/build/helloworld' returned '2': CMAKE_PREFIX_PATH=/opt/ros/foxy /usr/bin/cmake --build /home/marcus/Workspace/ROS/ros2/dev_ws/build/helloworld -- -j8 -l8
