[0.014s] Invoking command in '/home/marcus/Workspace/ROS/ros2/dev_ws/build/helloworld': CMAKE_PREFIX_PATH=/opt/ros/foxy /usr/bin/cmake --build /home/marcus/Workspace/ROS/ros2/dev_ws/build/helloworld -- -j8 -l8
[0.062s] [35m[1mScanning dependencies of target listener[0m
[0.082s] [ 50%] Built target talker
[0.084s] [ 75%] [32mBuilding CXX object CMakeFiles/listener.dir/src/listener.cpp.o[0m
[1.674s] [100%] [32m[1mLinking CXX executable listener[0m
[1.781s] [100%] Built target listener
[1.791s] Invoked command in '/home/marcus/Workspace/ROS/ros2/dev_ws/build/helloworld' returned '0': CMAKE_PREFIX_PATH=/opt/ros/foxy /usr/bin/cmake --build /home/marcus/Workspace/ROS/ros2/dev_ws/build/helloworld -- -j8 -l8
[1.825s] Invoking command in '/home/marcus/Workspace/ROS/ros2/dev_ws/build/helloworld': CMAKE_PREFIX_PATH=/opt/ros/foxy /usr/bin/cmake --install /home/marcus/Workspace/ROS/ros2/dev_ws/build/helloworld
[1.832s] -- Install configuration: ""
[1.832s] -- Up-to-date: /home/marcus/Workspace/ROS/ros2/dev_ws/install/helloworld/lib/helloworld/talker
[1.832s] -- Up-to-date: /home/marcus/Workspace/ROS/ros2/dev_ws/install/helloworld/share/ament_index/resource_index/package_run_dependencies/helloworld
[1.832s] -- Up-to-date: /home/marcus/Workspace/ROS/ros2/dev_ws/install/helloworld/share/ament_index/resource_index/parent_prefix_path/helloworld
[1.832s] -- Up-to-date: /home/marcus/Workspace/ROS/ros2/dev_ws/install/helloworld/share/helloworld/environment/ament_prefix_path.sh
[1.832s] -- Installing: /home/marcus/Workspace/ROS/ros2/dev_ws/install/helloworld/share/helloworld/environment/ament_prefix_path.dsv
[1.833s] -- Up-to-date: /home/marcus/Workspace/ROS/ros2/dev_ws/install/helloworld/share/helloworld/environment/path.sh
[1.833s] -- Installing: /home/marcus/Workspace/ROS/ros2/dev_ws/install/helloworld/share/helloworld/environment/path.dsv
[1.833s] -- Up-to-date: /home/marcus/Workspace/ROS/ros2/dev_ws/install/helloworld/share/helloworld/local_setup.bash
[1.833s] -- Up-to-date: /home/marcus/Workspace/ROS/ros2/dev_ws/install/helloworld/share/helloworld/local_setup.sh
[1.833s] -- Up-to-date: /home/marcus/Workspace/ROS/ros2/dev_ws/install/helloworld/share/helloworld/local_setup.zsh
[1.833s] -- Installing: /home/marcus/Workspace/ROS/ros2/dev_ws/install/helloworld/share/helloworld/local_setup.dsv
[1.833s] -- Installing: /home/marcus/Workspace/ROS/ros2/dev_ws/install/helloworld/share/helloworld/package.dsv
[1.834s] -- Up-to-date: /home/marcus/Workspace/ROS/ros2/dev_ws/install/helloworld/share/ament_index/resource_index/packages/helloworld
[1.834s] -- Up-to-date: /home/marcus/Workspace/ROS/ros2/dev_ws/install/helloworld/share/helloworld/cmake/helloworldConfig.cmake
[1.834s] -- Up-to-date: /home/marcus/Workspace/ROS/ros2/dev_ws/install/helloworld/share/helloworld/cmake/helloworldConfig-version.cmake
[1.834s] -- Up-to-date: /home/marcus/Workspace/ROS/ros2/dev_ws/install/helloworld/share/helloworld/package.xml
[1.836s] Invoked command in '/home/marcus/Workspace/ROS/ros2/dev_ws/build/helloworld' returned '0': CMAKE_PREFIX_PATH=/opt/ros/foxy /usr/bin/cmake --install /home/marcus/Workspace/ROS/ros2/dev_ws/build/helloworld
